25 juin 2007 14:34:29 org.apache.catalina.core.AprLifecycleListener lifecycleEvent
INFO: The Apache Portable Runtime which allows optimal performance in production environments was not found on the java.library.path: C:\Documents and Settings\ohanoun\Bureau\jpetstore_no_auth_tomcat\jpetstore\jdk1.5.0_04\bin;.;C:\WINDOWS\system32;C:\WINDOWS;C:\Program Files\Java\jdk1.6.0_01\bin;C:\WINDOWS\system32;C:\WINDOWS;C:\WINDOWS\System32\Wbem;C:\Program Files\Microsoft SQL Server\80\Tools\Binn\;C:\Program Files\Fichiers communs\Adobe\AGL;C:\Program Files\QuickTime\QTSystem\
25 juin 2007 14:34:29 org.apache.coyote.http11.Http11BaseProtocol init
INFO: Initialisation de Coyote HTTP/1.1 sur http-8080
25 juin 2007 14:34:29 org.apache.catalina.startup.Catalina load
INFO: Initialization processed in 735 ms
25 juin 2007 14:34:29 org.apache.catalina.core.StandardService start
INFO: Démarrage du service Catalina
25 juin 2007 14:34:29 org.apache.catalina.core.StandardEngine start
INFO: Starting Servlet Engine: Apache Tomcat/5.5.12
25 juin 2007 14:34:29 org.apache.catalina.core.StandardHost start
INFO: XML validation disabled
25 juin 2007 14:34:29 org.apache.struts.util.PropertyMessageResources <init>
INFO: Initializing, config='org.apache.struts.util.LocalStrings', returnNull=true
25 juin 2007 14:34:29 org.apache.struts.util.PropertyMessageResources <init>
INFO: Initializing, config='org.apache.struts.action.ActionResources', returnNull=true
25 juin 2007 14:34:29 org.apache.struts.util.PropertyMessageResources <init>
INFO: Initializing, config='properties.application', returnNull=true
25 juin 2007 14:34:30 org.apache.coyote.http11.Http11BaseProtocol start
INFO: Démarrage de Coyote HTTP/1.1 sur http-8080
25 juin 2007 14:34:30 org.apache.jk.common.ChannelSocket init
INFO: JK: ajp13 listening on /0.0.0.0:8009
25 juin 2007 14:34:30 org.apache.jk.server.JkMain start
INFO: Jk running ID=0 time=0/31  config=null
25 juin 2007 14:34:30 org.apache.catalina.storeconfig.StoreLoader load
INFO: Find registry server-registry.xml at classpath resource
25 juin 2007 14:34:30 org.apache.catalina.startup.Catalina start
INFO: Server startup in 1736 ms
25 juin 2007 14:36:07 org.apache.struts.util.PropertyMessageResources <init>
INFO: Initializing, config='org.apache.struts.taglib.html.LocalStrings', returnNull=true
25 juin 2007 14:36:07 org.apache.struts.util.PropertyMessageResources <init>
INFO: Initializing, config='org.apache.struts.taglib.html.LocalStrings', returnNull=true
25 juin 2007 14:36:07 org.apache.struts.util.PropertyMessageResources <init>
INFO: Initializing, config='org.apache.struts.util.LocalStrings', returnNull=true
25 juin 2007 14:36:07 org.apache.struts.util.PropertyMessageResources <init>
INFO: Initializing, config='org.apache.struts.taglib.logic.LocalStrings', returnNull=true
25 juin 2007 14:36:07 org.apache.struts.util.PropertyMessageResources <init>
INFO: Initializing, config='org.apache.struts.taglib.logic.LocalStrings', returnNull=true
25 juin 2007 14:36:07 org.apache.struts.util.PropertyMessageResources <init>
INFO: Initializing, config='org.apache.struts.taglib.html.LocalStrings', returnNull=true
25 juin 2007 14:36:08 org.apache.struts.util.PropertyMessageResources <init>
INFO: Initializing, config='org.apache.struts.taglib.bean.LocalStrings', returnNull=true
25 juin 2007 14:36:08 org.apache.struts.util.PropertyMessageResources <init>
INFO: Initializing, config='org.apache.struts.taglib.bean.LocalStrings', returnNull=true
25 juin 2007 14:36:08 org.apache.struts.util.PropertyMessageResources <init>
INFO: Initializing, config='org.apache.struts.taglib.logic.LocalStrings', returnNull=true
25 juin 2007 14:36:09 org.apache.struts.util.PropertyMessageResources <init>
INFO: Initializing, config='org.apache.struts.taglib.html.LocalStrings', returnNull=true
25 juin 2007 14:36:09 org.apache.struts.util.PropertyMessageResources <init>
INFO: Initializing, config='org.apache.struts.taglib.html.LocalStrings', returnNull=true
25 juin 2007 14:36:09 org.apache.struts.util.PropertyMessageResources <init>
INFO: Initializing, config='org.apache.struts.taglib.html.LocalStrings', returnNull=true
25 juin 2007 14:36:09 org.apache.struts.util.PropertyMessageResources <init>
INFO: Initializing, config='org.apache.struts.taglib.html.LocalStrings', returnNull=true
