3 mars 2009 14:15:42 org.apache.catalina.startup.Embedded initDirs
GRAVE: Cannot find specified temporary folder at C:\Documents and Settings\ohanoun\Bureau\jpetstore_no_auth_tomcat\apache-tomcat-5.5.12\temp
3 mars 2009 14:15:43 org.apache.catalina.core.AprLifecycleListener lifecycleEvent
INFO: The Apache Portable Runtime which allows optimal performance in production environments was not found on the java.library.path: C:\Documents and Settings\ohanoun\Bureau\jpetstore_no_auth_tomcat\jdk1.5.0_04\bin;.;C:\WINDOWS\system32;C:\WINDOWS;C:\Program Files\Nokia\PC Connectivity Solution\;C:\WINDOWS\system32;C:\WINDOWS;C:\WINDOWS\System32\Wbem;C:\Program Files\QuickTime\QTSystem\
3 mars 2009 14:15:43 org.apache.coyote.http11.Http11BaseProtocol init
INFO: Initialisation de Coyote HTTP/1.1 sur http-8080
3 mars 2009 14:15:43 org.apache.catalina.startup.Catalina load
INFO: Initialization processed in 922 ms
3 mars 2009 14:15:43 org.apache.catalina.core.StandardService start
INFO: Démarrage du service Catalina
3 mars 2009 14:15:43 org.apache.catalina.core.StandardEngine start
INFO: Starting Servlet Engine: Apache Tomcat/5.5.12
3 mars 2009 14:15:43 org.apache.catalina.core.StandardHost start
INFO: XML validation disabled
3 mars 2009 14:15:44 org.apache.struts.util.PropertyMessageResources <init>
INFO: Initializing, config='org.apache.struts.util.LocalStrings', returnNull=true
3 mars 2009 14:15:44 org.apache.struts.util.PropertyMessageResources <init>
INFO: Initializing, config='org.apache.struts.action.ActionResources', returnNull=true
3 mars 2009 14:15:45 org.apache.struts.util.PropertyMessageResources <init>
INFO: Initializing, config='properties.application', returnNull=true
3 mars 2009 14:15:45 org.apache.coyote.http11.Http11BaseProtocol start
INFO: Démarrage de Coyote HTTP/1.1 sur http-8080
3 mars 2009 14:15:46 org.apache.jk.common.ChannelSocket init
INFO: JK: ajp13 listening on /0.0.0.0:8009
3 mars 2009 14:15:46 org.apache.jk.server.JkMain start
INFO: Jk running ID=0 time=0/16  config=null
3 mars 2009 14:15:46 org.apache.catalina.storeconfig.StoreLoader load
INFO: Find registry server-registry.xml at classpath resource
3 mars 2009 14:15:46 org.apache.catalina.startup.Catalina start
INFO: Server startup in 2625 ms
3 mars 2009 14:17:03 org.apache.struts.util.PropertyMessageResources <init>
INFO: Initializing, config='org.apache.struts.taglib.html.LocalStrings', returnNull=true
3 mars 2009 14:17:03 org.apache.struts.util.PropertyMessageResources <init>
INFO: Initializing, config='org.apache.struts.taglib.html.LocalStrings', returnNull=true
3 mars 2009 14:17:03 org.apache.struts.util.PropertyMessageResources <init>
INFO: Initializing, config='org.apache.struts.util.LocalStrings', returnNull=true
3 mars 2009 14:17:04 org.apache.struts.util.PropertyMessageResources <init>
INFO: Initializing, config='org.apache.struts.taglib.logic.LocalStrings', returnNull=true
3 mars 2009 14:17:04 org.apache.struts.util.PropertyMessageResources <init>
INFO: Initializing, config='org.apache.struts.taglib.logic.LocalStrings', returnNull=true
3 mars 2009 14:17:04 org.apache.struts.util.PropertyMessageResources <init>
INFO: Initializing, config='org.apache.struts.taglib.html.LocalStrings', returnNull=true
3 mars 2009 14:17:13 org.apache.struts.util.PropertyMessageResources <init>
INFO: Initializing, config='org.apache.struts.taglib.bean.LocalStrings', returnNull=true
3 mars 2009 14:17:25 org.apache.struts.util.PropertyMessageResources <init>
INFO: Initializing, config='org.apache.struts.taglib.bean.LocalStrings', returnNull=true
3 mars 2009 14:17:25 org.apache.struts.util.PropertyMessageResources <init>
INFO: Initializing, config='org.apache.struts.taglib.logic.LocalStrings', returnNull=true
3 mars 2009 14:17:59 org.apache.struts.util.PropertyMessageResources <init>
INFO: Initializing, config='org.apache.struts.taglib.html.LocalStrings', returnNull=true
3 mars 2009 14:17:59 org.apache.struts.util.PropertyMessageResources <init>
INFO: Initializing, config='org.apache.struts.taglib.html.LocalStrings', returnNull=true
3 mars 2009 14:17:59 org.apache.struts.util.PropertyMessageResources <init>
INFO: Initializing, config='org.apache.struts.taglib.html.LocalStrings', returnNull=true
3 mars 2009 14:17:59 org.apache.struts.util.PropertyMessageResources <init>
INFO: Initializing, config='org.apache.struts.taglib.html.LocalStrings', returnNull=true
