21 juin 2007 14:57:20 org.apache.catalina.core.AprLifecycleListener lifecycleEvent
INFO: The Apache Portable Runtime which allows optimal performance in production environments was not found on the java.library.path: C:\Documents and Settings\ohanoun\Bureau\jpetstore\jdk1.5.0_04\bin;.;C:\WINDOWS\system32;C:\WINDOWS;C:\Program Files\Java\jdk1.6.0_01\bin;C:\WINDOWS\system32;C:\WINDOWS;C:\WINDOWS\System32\Wbem;C:\Program Files\Microsoft SQL Server\80\Tools\Binn\;C:\Program Files\Fichiers communs\Adobe\AGL;C:\Program Files\QuickTime\QTSystem\
21 juin 2007 14:57:20 org.apache.coyote.http11.Http11BaseProtocol init
INFO: Initialisation de Coyote HTTP/1.1 sur http-8080
21 juin 2007 14:57:20 org.apache.catalina.startup.Catalina load
INFO: Initialization processed in 765 ms
21 juin 2007 14:57:20 org.apache.catalina.core.StandardService start
INFO: Démarrage du service Catalina
21 juin 2007 14:57:20 org.apache.catalina.core.StandardEngine start
INFO: Starting Servlet Engine: Apache Tomcat/5.5.12
21 juin 2007 14:57:20 org.apache.catalina.core.StandardHost start
INFO: XML validation disabled
21 juin 2007 14:57:21 org.apache.catalina.session.StandardManager doLoad
GRAVE: "IOException" lors du chargement des sessions persistantes: java.io.WriteAbortedException: writing aborted; java.io.NotSerializableException: com.ibatis.sqlmap.engine.mapping.statement.PaginatedDataList
java.io.WriteAbortedException: writing aborted; java.io.NotSerializableException: com.ibatis.sqlmap.engine.mapping.statement.PaginatedDataList
	at java.io.ObjectInputStream.readObject0(ObjectInputStream.java:1303)
	at java.io.ObjectInputStream.defaultReadFields(ObjectInputStream.java:1912)
	at java.io.ObjectInputStream.readSerialData(ObjectInputStream.java:1836)
	at java.io.ObjectInputStream.readOrdinaryObject(ObjectInputStream.java:1713)
	at java.io.ObjectInputStream.readObject0(ObjectInputStream.java:1299)
	at java.io.ObjectInputStream.readObject(ObjectInputStream.java:339)
	at org.apache.catalina.session.StandardSession.readObject(StandardSession.java:1384)
	at org.apache.catalina.session.StandardSession.readObjectData(StandardSession.java:919)
	at org.apache.catalina.session.StandardManager.doLoad(StandardManager.java:393)
	at org.apache.catalina.session.StandardManager.load(StandardManager.java:320)
	at org.apache.catalina.session.StandardManager.start(StandardManager.java:636)
	at org.apache.catalina.core.ContainerBase.setManager(ContainerBase.java:431)
	at org.apache.catalina.startup.ContextConfig.managerConfig(ContextConfig.java:391)
	at org.apache.catalina.startup.ContextConfig.start(ContextConfig.java:1042)
	at org.apache.catalina.startup.ContextConfig.lifecycleEvent(ContextConfig.java:255)
	at org.apache.catalina.util.LifecycleSupport.fireLifecycleEvent(LifecycleSupport.java:119)
	at org.apache.catalina.core.StandardContext.start(StandardContext.java:4076)
	at org.apache.catalina.core.ContainerBase.start(ContainerBase.java:1012)
	at org.apache.catalina.core.StandardHost.start(StandardHost.java:718)
	at org.apache.catalina.core.ContainerBase.start(ContainerBase.java:1012)
	at org.apache.catalina.core.StandardEngine.start(StandardEngine.java:442)
	at org.apache.catalina.core.StandardService.start(StandardService.java:450)
	at org.apache.catalina.core.StandardServer.start(StandardServer.java:680)
	at org.apache.catalina.startup.Catalina.start(Catalina.java:536)
	at sun.reflect.NativeMethodAccessorImpl.invoke0(Native Method)
	at sun.reflect.NativeMethodAccessorImpl.invoke(NativeMethodAccessorImpl.java:39)
	at sun.reflect.DelegatingMethodAccessorImpl.invoke(DelegatingMethodAccessorImpl.java:25)
	at java.lang.reflect.Method.invoke(Method.java:585)
	at org.apache.catalina.startup.Bootstrap.start(Bootstrap.java:275)
	at org.apache.catalina.startup.Bootstrap.main(Bootstrap.java:413)
Caused by: java.io.NotSerializableException: com.ibatis.sqlmap.engine.mapping.statement.PaginatedDataList
	at java.io.ObjectOutputStream.writeObject0(ObjectOutputStream.java:1075)
	at java.io.ObjectOutputStream.defaultWriteFields(ObjectOutputStream.java:1369)
	at java.io.ObjectOutputStream.writeSerialData(ObjectOutputStream.java:1341)
	at java.io.ObjectOutputStream.writeOrdinaryObject(ObjectOutputStream.java:1284)
	at java.io.ObjectOutputStream.writeObject0(ObjectOutputStream.java:1073)
	at java.io.ObjectOutputStream.writeObject(ObjectOutputStream.java:291)
	at org.apache.catalina.session.StandardSession.writeObject(StandardSession.java:1460)
	at org.apache.catalina.session.StandardSession.writeObjectData(StandardSession.java:936)
	at org.apache.catalina.session.StandardManager.doUnload(StandardManager.java:516)
	at org.apache.catalina.session.StandardManager.unload(StandardManager.java:462)
	at org.apache.catalina.session.StandardManager.stop(StandardManager.java:666)
	at org.apache.catalina.core.StandardContext.stop(StandardContext.java:4278)
	at org.apache.catalina.core.ContainerBase.stop(ContainerBase.java:1065)
	at org.apache.catalina.core.ContainerBase.stop(ContainerBase.java:1065)
	at org.apache.catalina.core.StandardEngine.stop(StandardEngine.java:447)
	at org.apache.catalina.core.StandardService.stop(StandardService.java:512)
	at org.apache.catalina.core.StandardServer.stop(StandardServer.java:714)
	at org.apache.catalina.startup.Catalina.stop(Catalina.java:586)
	at org.apache.catalina.startup.Catalina.start(Catalina.java:561)
	... 6 more
21 juin 2007 14:57:21 org.apache.catalina.session.StandardManager start
GRAVE: Exception au chargement des sessions depuis le stockage persistant (persistent storage)
java.io.WriteAbortedException: writing aborted; java.io.NotSerializableException: com.ibatis.sqlmap.engine.mapping.statement.PaginatedDataList
	at java.io.ObjectInputStream.readObject0(ObjectInputStream.java:1303)
	at java.io.ObjectInputStream.defaultReadFields(ObjectInputStream.java:1912)
	at java.io.ObjectInputStream.readSerialData(ObjectInputStream.java:1836)
	at java.io.ObjectInputStream.readOrdinaryObject(ObjectInputStream.java:1713)
	at java.io.ObjectInputStream.readObject0(ObjectInputStream.java:1299)
	at java.io.ObjectInputStream.readObject(ObjectInputStream.java:339)
	at org.apache.catalina.session.StandardSession.readObject(StandardSession.java:1384)
	at org.apache.catalina.session.StandardSession.readObjectData(StandardSession.java:919)
	at org.apache.catalina.session.StandardManager.doLoad(StandardManager.java:393)
	at org.apache.catalina.session.StandardManager.load(StandardManager.java:320)
	at org.apache.catalina.session.StandardManager.start(StandardManager.java:636)
	at org.apache.catalina.core.ContainerBase.setManager(ContainerBase.java:431)
	at org.apache.catalina.startup.ContextConfig.managerConfig(ContextConfig.java:391)
	at org.apache.catalina.startup.ContextConfig.start(ContextConfig.java:1042)
	at org.apache.catalina.startup.ContextConfig.lifecycleEvent(ContextConfig.java:255)
	at org.apache.catalina.util.LifecycleSupport.fireLifecycleEvent(LifecycleSupport.java:119)
	at org.apache.catalina.core.StandardContext.start(StandardContext.java:4076)
	at org.apache.catalina.core.ContainerBase.start(ContainerBase.java:1012)
	at org.apache.catalina.core.StandardHost.start(StandardHost.java:718)
	at org.apache.catalina.core.ContainerBase.start(ContainerBase.java:1012)
	at org.apache.catalina.core.StandardEngine.start(StandardEngine.java:442)
	at org.apache.catalina.core.StandardService.start(StandardService.java:450)
	at org.apache.catalina.core.StandardServer.start(StandardServer.java:680)
	at org.apache.catalina.startup.Catalina.start(Catalina.java:536)
	at sun.reflect.NativeMethodAccessorImpl.invoke0(Native Method)
	at sun.reflect.NativeMethodAccessorImpl.invoke(NativeMethodAccessorImpl.java:39)
	at sun.reflect.DelegatingMethodAccessorImpl.invoke(DelegatingMethodAccessorImpl.java:25)
	at java.lang.reflect.Method.invoke(Method.java:585)
	at org.apache.catalina.startup.Bootstrap.start(Bootstrap.java:275)
	at org.apache.catalina.startup.Bootstrap.main(Bootstrap.java:413)
Caused by: java.io.NotSerializableException: com.ibatis.sqlmap.engine.mapping.statement.PaginatedDataList
	at java.io.ObjectOutputStream.writeObject0(ObjectOutputStream.java:1075)
	at java.io.ObjectOutputStream.defaultWriteFields(ObjectOutputStream.java:1369)
	at java.io.ObjectOutputStream.writeSerialData(ObjectOutputStream.java:1341)
	at java.io.ObjectOutputStream.writeOrdinaryObject(ObjectOutputStream.java:1284)
	at java.io.ObjectOutputStream.writeObject0(ObjectOutputStream.java:1073)
	at java.io.ObjectOutputStream.writeObject(ObjectOutputStream.java:291)
	at org.apache.catalina.session.StandardSession.writeObject(StandardSession.java:1460)
	at org.apache.catalina.session.StandardSession.writeObjectData(StandardSession.java:936)
	at org.apache.catalina.session.StandardManager.doUnload(StandardManager.java:516)
	at org.apache.catalina.session.StandardManager.unload(StandardManager.java:462)
	at org.apache.catalina.session.StandardManager.stop(StandardManager.java:666)
	at org.apache.catalina.core.StandardContext.stop(StandardContext.java:4278)
	at org.apache.catalina.core.ContainerBase.stop(ContainerBase.java:1065)
	at org.apache.catalina.core.ContainerBase.stop(ContainerBase.java:1065)
	at org.apache.catalina.core.StandardEngine.stop(StandardEngine.java:447)
	at org.apache.catalina.core.StandardService.stop(StandardService.java:512)
	at org.apache.catalina.core.StandardServer.stop(StandardServer.java:714)
	at org.apache.catalina.startup.Catalina.stop(Catalina.java:586)
	at org.apache.catalina.startup.Catalina.start(Catalina.java:561)
	... 6 more
21 juin 2007 14:57:21 org.apache.struts.util.PropertyMessageResources <init>
INFO: Initializing, config='org.apache.struts.util.LocalStrings', returnNull=true
21 juin 2007 14:57:21 org.apache.struts.util.PropertyMessageResources <init>
INFO: Initializing, config='org.apache.struts.action.ActionResources', returnNull=true
21 juin 2007 14:57:21 org.apache.struts.util.PropertyMessageResources <init>
INFO: Initializing, config='properties.application', returnNull=true
21 juin 2007 14:57:22 org.apache.coyote.http11.Http11BaseProtocol start
INFO: Démarrage de Coyote HTTP/1.1 sur http-8080
21 juin 2007 14:57:22 org.apache.jk.common.ChannelSocket init
INFO: JK: ajp13 listening on /0.0.0.0:8009
21 juin 2007 14:57:22 org.apache.jk.server.JkMain start
INFO: Jk running ID=0 time=0/15  config=null
21 juin 2007 14:57:22 org.apache.catalina.storeconfig.StoreLoader load
INFO: Find registry server-registry.xml at classpath resource
21 juin 2007 14:57:22 org.apache.catalina.startup.Catalina start
INFO: Server startup in 2281 ms
21 juin 2007 14:57:56 org.apache.struts.util.PropertyMessageResources <init>
INFO: Initializing, config='org.apache.struts.taglib.html.LocalStrings', returnNull=true
21 juin 2007 14:57:56 org.apache.struts.util.PropertyMessageResources <init>
INFO: Initializing, config='org.apache.struts.taglib.html.LocalStrings', returnNull=true
21 juin 2007 14:57:56 org.apache.struts.util.PropertyMessageResources <init>
INFO: Initializing, config='org.apache.struts.util.LocalStrings', returnNull=true
21 juin 2007 14:57:56 org.apache.struts.util.PropertyMessageResources <init>
INFO: Initializing, config='org.apache.struts.taglib.logic.LocalStrings', returnNull=true
21 juin 2007 14:57:56 org.apache.struts.util.PropertyMessageResources <init>
INFO: Initializing, config='org.apache.struts.taglib.logic.LocalStrings', returnNull=true
21 juin 2007 14:57:56 org.apache.struts.util.PropertyMessageResources <init>
INFO: Initializing, config='org.apache.struts.taglib.html.LocalStrings', returnNull=true
21 juin 2007 14:57:58 org.apache.struts.util.PropertyMessageResources <init>
INFO: Initializing, config='org.apache.struts.taglib.bean.LocalStrings', returnNull=true
21 juin 2007 14:58:24 org.apache.struts.util.PropertyMessageResources <init>
INFO: Initializing, config='org.apache.struts.taglib.bean.LocalStrings', returnNull=true
21 juin 2007 14:58:24 org.apache.struts.util.PropertyMessageResources <init>
INFO: Initializing, config='org.apache.struts.taglib.logic.LocalStrings', returnNull=true
21 juin 2007 14:58:28 org.apache.struts.util.PropertyMessageResources <init>
INFO: Initializing, config='org.apache.struts.taglib.html.LocalStrings', returnNull=true
21 juin 2007 14:58:28 org.apache.struts.util.PropertyMessageResources <init>
INFO: Initializing, config='org.apache.struts.taglib.html.LocalStrings', returnNull=true
21 juin 2007 14:58:28 org.apache.struts.util.PropertyMessageResources <init>
INFO: Initializing, config='org.apache.struts.taglib.html.LocalStrings', returnNull=true
21 juin 2007 14:58:28 org.apache.struts.util.PropertyMessageResources <init>
INFO: Initializing, config='org.apache.struts.taglib.html.LocalStrings', returnNull=true
21 juin 2007 15:21:05 org.apache.jk.common.MsgAjp processHeader
GRAVE: BAD packet signature 19026
21 juin 2007 15:21:05 org.apache.jk.common.ChannelSocket processConnection
GRAVE: Error, processing connection
java.lang.IndexOutOfBoundsException
	at java.io.BufferedInputStream.read(BufferedInputStream.java:306)
	at org.apache.jk.common.ChannelSocket.read(ChannelSocket.java:597)
	at org.apache.jk.common.ChannelSocket.receive(ChannelSocket.java:554)
	at org.apache.jk.common.ChannelSocket.processConnection(ChannelSocket.java:662)
	at org.apache.jk.common.ChannelSocket$SocketConnection.runIt(ChannelSocket.java:866)
	at org.apache.tomcat.util.threads.ThreadPool$ControlRunnable.run(ThreadPool.java:684)
	at java.lang.Thread.run(Thread.java:595)
21 juin 2007 15:31:27 org.apache.coyote.http11.Http11BaseProtocol pause
INFO: Suspension de Coyote HTTP/1.1 sur http-8080
21 juin 2007 15:31:28 org.apache.catalina.core.StandardService stop
INFO: Arrêt du service Catalina
21 juin 2007 15:31:29 org.apache.coyote.http11.Http11BaseProtocol destroy
INFO: Arrêt de Coyote HTTP/1.1 sur http-8080
21 juin 2007 15:31:29 org.apache.catalina.core.AprLifecycleListener lifecycleEvent
INFO: Failed shutdown of Apache Portable Runtime
21 juin 2007 15:56:49 org.apache.catalina.core.AprLifecycleListener lifecycleEvent
INFO: The Apache Portable Runtime which allows optimal performance in production environments was not found on the java.library.path: C:\Documents and Settings\ohanoun\Bureau\jpetstore\jdk1.5.0_04\bin;.;C:\WINDOWS\system32;C:\WINDOWS;C:\Program Files\Java\jdk1.6.0_01\bin;C:\WINDOWS\system32;C:\WINDOWS;C:\WINDOWS\System32\Wbem;C:\Program Files\Microsoft SQL Server\80\Tools\Binn\;C:\Program Files\Fichiers communs\Adobe\AGL;C:\Program Files\QuickTime\QTSystem\
21 juin 2007 15:56:49 org.apache.coyote.http11.Http11BaseProtocol init
INFO: Initialisation de Coyote HTTP/1.1 sur http-8080
21 juin 2007 15:56:49 org.apache.catalina.startup.Catalina load
INFO: Initialization processed in 718 ms
21 juin 2007 15:56:50 org.apache.catalina.core.StandardService start
INFO: Démarrage du service Catalina
21 juin 2007 15:56:50 org.apache.catalina.core.StandardEngine start
INFO: Starting Servlet Engine: Apache Tomcat/5.5.12
21 juin 2007 15:56:50 org.apache.catalina.core.StandardHost start
INFO: XML validation disabled
21 juin 2007 15:56:51 org.apache.struts.util.PropertyMessageResources <init>
INFO: Initializing, config='org.apache.struts.util.LocalStrings', returnNull=true
21 juin 2007 15:56:51 org.apache.struts.util.PropertyMessageResources <init>
INFO: Initializing, config='org.apache.struts.action.ActionResources', returnNull=true
21 juin 2007 15:56:51 org.apache.struts.util.PropertyMessageResources <init>
INFO: Initializing, config='properties.application', returnNull=true
21 juin 2007 15:56:51 org.apache.coyote.http11.Http11BaseProtocol start
INFO: Démarrage de Coyote HTTP/1.1 sur http-8080
21 juin 2007 15:56:52 org.apache.jk.common.ChannelSocket init
INFO: JK: ajp13 listening on /0.0.0.0:8009
21 juin 2007 15:56:52 org.apache.jk.server.JkMain start
INFO: Jk running ID=0 time=0/15  config=null
21 juin 2007 15:56:52 org.apache.catalina.storeconfig.StoreLoader load
INFO: Find registry server-registry.xml at classpath resource
21 juin 2007 15:56:52 org.apache.catalina.startup.Catalina start
INFO: Server startup in 2250 ms
21 juin 2007 15:57:21 org.apache.jk.common.MsgAjp processHeader
GRAVE: BAD packet signature 19026
21 juin 2007 15:57:21 org.apache.jk.common.ChannelSocket processConnection
GRAVE: Error, processing connection
java.lang.IndexOutOfBoundsException
	at java.io.BufferedInputStream.read(BufferedInputStream.java:306)
	at org.apache.jk.common.ChannelSocket.read(ChannelSocket.java:597)
	at org.apache.jk.common.ChannelSocket.receive(ChannelSocket.java:554)
	at org.apache.jk.common.ChannelSocket.processConnection(ChannelSocket.java:662)
	at org.apache.jk.common.ChannelSocket$SocketConnection.runIt(ChannelSocket.java:866)
	at org.apache.tomcat.util.threads.ThreadPool$ControlRunnable.run(ThreadPool.java:684)
	at java.lang.Thread.run(Thread.java:595)
21 juin 2007 15:58:34 org.apache.jk.common.MsgAjp processHeader
GRAVE: BAD packet signature 19026
21 juin 2007 15:58:34 org.apache.jk.common.ChannelSocket processConnection
GRAVE: Error, processing connection
java.lang.IndexOutOfBoundsException
	at java.io.BufferedInputStream.read(BufferedInputStream.java:306)
	at org.apache.jk.common.ChannelSocket.read(ChannelSocket.java:597)
	at org.apache.jk.common.ChannelSocket.receive(ChannelSocket.java:554)
	at org.apache.jk.common.ChannelSocket.processConnection(ChannelSocket.java:662)
	at org.apache.jk.common.ChannelSocket$SocketConnection.runIt(ChannelSocket.java:866)
	at org.apache.tomcat.util.threads.ThreadPool$ControlRunnable.run(ThreadPool.java:684)
	at java.lang.Thread.run(Thread.java:595)
21 juin 2007 15:59:29 org.apache.coyote.http11.Http11BaseProtocol pause
INFO: Suspension de Coyote HTTP/1.1 sur http-8080
21 juin 2007 15:59:30 org.apache.catalina.core.StandardService stop
INFO: Arrêt du service Catalina
21 juin 2007 15:59:30 org.apache.coyote.http11.Http11BaseProtocol destroy
INFO: Arrêt de Coyote HTTP/1.1 sur http-8080
21 juin 2007 15:59:30 org.apache.catalina.core.AprLifecycleListener lifecycleEvent
INFO: Failed shutdown of Apache Portable Runtime
21 juin 2007 16:09:35 org.apache.catalina.core.AprLifecycleListener lifecycleEvent
INFO: The Apache Portable Runtime which allows optimal performance in production environments was not found on the java.library.path: C:\Documents and Settings\ohanoun\Bureau\jpetstore\jdk1.5.0_04\bin;.;C:\WINDOWS\system32;C:\WINDOWS;C:\Program Files\Java\jdk1.6.0_01\bin;C:\WINDOWS\system32;C:\WINDOWS;C:\WINDOWS\System32\Wbem;C:\Program Files\Microsoft SQL Server\80\Tools\Binn\;C:\Program Files\Fichiers communs\Adobe\AGL;C:\Program Files\QuickTime\QTSystem\
21 juin 2007 16:09:35 org.apache.coyote.http11.Http11BaseProtocol init
INFO: Initialisation de Coyote HTTP/1.1 sur http-8080
21 juin 2007 16:09:35 org.apache.catalina.startup.Catalina load
INFO: Initialization processed in 719 ms
21 juin 2007 16:09:35 org.apache.catalina.core.StandardService start
INFO: Démarrage du service Catalina
21 juin 2007 16:09:35 org.apache.catalina.core.StandardEngine start
INFO: Starting Servlet Engine: Apache Tomcat/5.5.12
21 juin 2007 16:09:35 org.apache.catalina.core.StandardHost start
INFO: XML validation disabled
21 juin 2007 16:09:36 org.apache.struts.util.PropertyMessageResources <init>
INFO: Initializing, config='org.apache.struts.util.LocalStrings', returnNull=true
21 juin 2007 16:09:36 org.apache.struts.util.PropertyMessageResources <init>
INFO: Initializing, config='org.apache.struts.action.ActionResources', returnNull=true
21 juin 2007 16:09:36 org.apache.struts.util.PropertyMessageResources <init>
INFO: Initializing, config='properties.application', returnNull=true
21 juin 2007 16:09:37 org.apache.coyote.http11.Http11BaseProtocol start
INFO: Démarrage de Coyote HTTP/1.1 sur http-8080
21 juin 2007 16:09:37 org.apache.jk.common.ChannelSocket init
INFO: JK: ajp13 listening on /0.0.0.0:8009
21 juin 2007 16:09:37 org.apache.jk.server.JkMain start
INFO: Jk running ID=0 time=0/47  config=null
21 juin 2007 16:09:37 org.apache.catalina.storeconfig.StoreLoader load
INFO: Find registry server-registry.xml at classpath resource
21 juin 2007 16:09:37 org.apache.catalina.startup.Catalina start
INFO: Server startup in 1812 ms
21 juin 2007 16:14:23 org.apache.catalina.core.AprLifecycleListener lifecycleEvent
INFO: The Apache Portable Runtime which allows optimal performance in production environments was not found on the java.library.path: C:\Documents and Settings\ohanoun\Bureau\jpetstore\jdk1.5.0_04\bin;.;C:\WINDOWS\system32;C:\WINDOWS;C:\Program Files\Java\jdk1.6.0_01\bin;C:\WINDOWS\system32;C:\WINDOWS;C:\WINDOWS\System32\Wbem;C:\Program Files\Microsoft SQL Server\80\Tools\Binn\;C:\Program Files\Fichiers communs\Adobe\AGL;C:\Program Files\QuickTime\QTSystem\
21 juin 2007 16:14:23 org.apache.coyote.http11.Http11BaseProtocol init
INFO: Initialisation de Coyote HTTP/1.1 sur http-8080
21 juin 2007 16:14:23 org.apache.catalina.startup.Catalina load
INFO: Initialization processed in 734 ms
21 juin 2007 16:14:23 org.apache.catalina.core.StandardService start
INFO: Démarrage du service Catalina
21 juin 2007 16:14:23 org.apache.catalina.core.StandardEngine start
INFO: Starting Servlet Engine: Apache Tomcat/5.5.12
21 juin 2007 16:14:23 org.apache.catalina.core.StandardHost start
INFO: XML validation disabled
21 juin 2007 16:14:23 org.apache.struts.util.PropertyMessageResources <init>
INFO: Initializing, config='org.apache.struts.util.LocalStrings', returnNull=true
21 juin 2007 16:14:23 org.apache.struts.util.PropertyMessageResources <init>
INFO: Initializing, config='org.apache.struts.action.ActionResources', returnNull=true
21 juin 2007 16:14:23 org.apache.struts.util.PropertyMessageResources <init>
INFO: Initializing, config='properties.application', returnNull=true
21 juin 2007 16:14:24 org.apache.coyote.http11.Http11BaseProtocol start
INFO: Démarrage de Coyote HTTP/1.1 sur http-8080
21 juin 2007 16:14:24 org.apache.jk.common.ChannelSocket init
INFO: JK: ajp13 listening on /0.0.0.0:8009
21 juin 2007 16:14:24 org.apache.jk.server.JkMain start
INFO: Jk running ID=0 time=0/31  config=null
21 juin 2007 16:14:24 org.apache.catalina.storeconfig.StoreLoader load
INFO: Find registry server-registry.xml at classpath resource
21 juin 2007 16:14:24 org.apache.catalina.startup.Catalina start
INFO: Server startup in 1672 ms
21 juin 2007 16:15:18 org.apache.catalina.core.AprLifecycleListener lifecycleEvent
INFO: The Apache Portable Runtime which allows optimal performance in production environments was not found on the java.library.path: C:\Documents and Settings\ohanoun\Bureau\jpetstore\jdk1.5.0_04\bin;.;C:\WINDOWS\system32;C:\WINDOWS;C:\Program Files\Java\jdk1.6.0_01\bin;C:\WINDOWS\system32;C:\WINDOWS;C:\WINDOWS\System32\Wbem;C:\Program Files\Microsoft SQL Server\80\Tools\Binn\;C:\Program Files\Fichiers communs\Adobe\AGL;C:\Program Files\QuickTime\QTSystem\
21 juin 2007 16:15:18 org.apache.coyote.http11.Http11BaseProtocol init
INFO: Initialisation de Coyote HTTP/1.1 sur http-8080
21 juin 2007 16:15:18 org.apache.catalina.startup.Catalina load
INFO: Initialization processed in 750 ms
21 juin 2007 16:15:18 org.apache.catalina.core.StandardService start
INFO: Démarrage du service Catalina
21 juin 2007 16:15:18 org.apache.catalina.core.StandardEngine start
INFO: Starting Servlet Engine: Apache Tomcat/5.5.12
21 juin 2007 16:15:18 org.apache.catalina.core.StandardHost start
INFO: XML validation disabled
21 juin 2007 16:15:18 org.apache.struts.util.PropertyMessageResources <init>
INFO: Initializing, config='org.apache.struts.util.LocalStrings', returnNull=true
21 juin 2007 16:15:18 org.apache.struts.util.PropertyMessageResources <init>
INFO: Initializing, config='org.apache.struts.action.ActionResources', returnNull=true
21 juin 2007 16:15:19 org.apache.struts.util.PropertyMessageResources <init>
INFO: Initializing, config='properties.application', returnNull=true
21 juin 2007 16:15:19 org.apache.coyote.http11.Http11BaseProtocol start
INFO: Démarrage de Coyote HTTP/1.1 sur http-8080
21 juin 2007 16:15:20 org.apache.jk.common.ChannelSocket init
INFO: JK: ajp13 listening on /0.0.0.0:8009
21 juin 2007 16:15:20 org.apache.jk.server.JkMain start
INFO: Jk running ID=0 time=0/31  config=null
21 juin 2007 16:15:20 org.apache.catalina.storeconfig.StoreLoader load
INFO: Find registry server-registry.xml at classpath resource
21 juin 2007 16:15:20 org.apache.catalina.startup.Catalina start
INFO: Server startup in 1671 ms
