24 mai 2007 10:25:33 org.apache.catalina.core.AprLifecycleListener lifecycleEvent
INFO: The Apache Portable Runtime which allows optimal performance in production environments was not found on the java.library.path: C:\Documents and Settings\ohanoun\Bureau\training-material\jdk1.5.0_04\bin;.;C:\WINDOWS\system32;C:\WINDOWS;C:\Program Files\Java\jdk1.6.0_01\bin;C:\WINDOWS\system32;C:\WINDOWS;C:\WINDOWS\System32\Wbem;C:\Program Files\Microsoft SQL Server\80\Tools\Binn\;C:\Program Files\Fichiers communs\Adobe\AGL;C:\Program Files\QuickTime\QTSystem\
24 mai 2007 10:25:33 org.apache.coyote.http11.Http11BaseProtocol init
INFO: Initialisation de Coyote HTTP/1.1 sur http-8080
24 mai 2007 10:25:33 org.apache.catalina.startup.Catalina load
INFO: Initialization processed in 656 ms
24 mai 2007 10:25:33 org.apache.catalina.core.StandardService start
INFO: Démarrage du service Catalina
24 mai 2007 10:25:33 org.apache.catalina.core.StandardEngine start
INFO: Starting Servlet Engine: Apache Tomcat/5.5.12
24 mai 2007 10:25:33 org.apache.catalina.core.StandardHost start
INFO: XML validation disabled
24 mai 2007 10:25:34 org.apache.catalina.startup.ContextConfig applicationWebConfig
INFO: Le fichier web.xml de l'application est absent, utilisation des paramêtres par défaut StandardEngine[Catalina].StandardHost[localhost].StandardContext[/jpetstore]
24 mai 2007 10:25:35 org.apache.coyote.http11.Http11BaseProtocol start
INFO: Démarrage de Coyote HTTP/1.1 sur http-8080
24 mai 2007 10:25:35 org.apache.jk.common.ChannelSocket init
INFO: JK: ajp13 listening on /0.0.0.0:8009
24 mai 2007 10:25:35 org.apache.jk.server.JkMain start
INFO: Jk running ID=0 time=0/15  config=null
24 mai 2007 10:25:35 org.apache.catalina.storeconfig.StoreLoader load
INFO: Find registry server-registry.xml at classpath resource
24 mai 2007 10:25:35 org.apache.catalina.startup.Catalina start
INFO: Server startup in 1578 ms
24 mai 2007 10:27:05 org.apache.coyote.http11.Http11BaseProtocol pause
INFO: Suspension de Coyote HTTP/1.1 sur http-8080
24 mai 2007 10:27:06 org.apache.catalina.core.StandardService stop
INFO: Arrêt du service Catalina
24 mai 2007 10:27:06 org.apache.coyote.http11.Http11BaseProtocol destroy
INFO: Arrêt de Coyote HTTP/1.1 sur http-8080
24 mai 2007 10:27:06 org.apache.catalina.core.AprLifecycleListener lifecycleEvent
INFO: Failed shutdown of Apache Portable Runtime
24 mai 2007 10:36:50 org.apache.catalina.core.AprLifecycleListener lifecycleEvent
INFO: The Apache Portable Runtime which allows optimal performance in production environments was not found on the java.library.path: C:\Documents and Settings\ohanoun\Bureau\training-material\jdk1.5.0_04\bin;.;C:\WINDOWS\system32;C:\WINDOWS;C:\Program Files\Java\jdk1.6.0_01\bin;C:\WINDOWS\system32;C:\WINDOWS;C:\WINDOWS\System32\Wbem;C:\Program Files\Microsoft SQL Server\80\Tools\Binn\;C:\Program Files\Fichiers communs\Adobe\AGL;C:\Program Files\QuickTime\QTSystem\
24 mai 2007 10:36:50 org.apache.coyote.http11.Http11BaseProtocol init
INFO: Initialisation de Coyote HTTP/1.1 sur http-8080
24 mai 2007 10:36:50 org.apache.catalina.startup.Catalina load
INFO: Initialization processed in 687 ms
24 mai 2007 10:36:50 org.apache.catalina.core.StandardService start
INFO: Démarrage du service Catalina
24 mai 2007 10:36:50 org.apache.catalina.core.StandardEngine start
INFO: Starting Servlet Engine: Apache Tomcat/5.5.12
24 mai 2007 10:36:50 org.apache.catalina.core.StandardHost start
INFO: XML validation disabled
24 mai 2007 10:36:51 org.apache.struts.util.PropertyMessageResources <init>
INFO: Initializing, config='org.apache.struts.util.LocalStrings', returnNull=true
24 mai 2007 10:36:51 org.apache.struts.util.PropertyMessageResources <init>
INFO: Initializing, config='org.apache.struts.action.ActionResources', returnNull=true
24 mai 2007 10:36:51 org.apache.struts.util.PropertyMessageResources <init>
INFO: Initializing, config='properties.application', returnNull=true
24 mai 2007 10:36:52 org.apache.coyote.http11.Http11BaseProtocol start
INFO: Démarrage de Coyote HTTP/1.1 sur http-8080
24 mai 2007 10:36:52 org.apache.jk.common.ChannelSocket init
INFO: JK: ajp13 listening on /0.0.0.0:8009
24 mai 2007 10:36:52 org.apache.jk.server.JkMain start
INFO: Jk running ID=0 time=0/16  config=null
24 mai 2007 10:36:52 org.apache.catalina.storeconfig.StoreLoader load
INFO: Find registry server-registry.xml at classpath resource
24 mai 2007 10:36:52 org.apache.catalina.startup.Catalina start
INFO: Server startup in 1703 ms
24 mai 2007 10:37:02 org.apache.struts.util.PropertyMessageResources <init>
INFO: Initializing, config='org.apache.struts.taglib.html.LocalStrings', returnNull=true
24 mai 2007 10:37:02 org.apache.struts.util.PropertyMessageResources <init>
INFO: Initializing, config='org.apache.struts.taglib.html.LocalStrings', returnNull=true
24 mai 2007 10:37:02 org.apache.struts.util.PropertyMessageResources <init>
INFO: Initializing, config='org.apache.struts.util.LocalStrings', returnNull=true
24 mai 2007 10:37:02 org.apache.struts.util.PropertyMessageResources <init>
INFO: Initializing, config='org.apache.struts.taglib.logic.LocalStrings', returnNull=true
24 mai 2007 10:37:02 org.apache.struts.util.PropertyMessageResources <init>
INFO: Initializing, config='org.apache.struts.taglib.html.LocalStrings', returnNull=true
24 mai 2007 10:47:25 org.apache.coyote.http11.Http11BaseProtocol pause
INFO: Suspension de Coyote HTTP/1.1 sur http-8080
24 mai 2007 10:47:26 org.apache.catalina.core.StandardService stop
INFO: Arrêt du service Catalina
24 mai 2007 10:47:26 org.apache.coyote.http11.Http11BaseProtocol destroy
INFO: Arrêt de Coyote HTTP/1.1 sur http-8080
24 mai 2007 10:47:26 org.apache.catalina.core.AprLifecycleListener lifecycleEvent
INFO: Failed shutdown of Apache Portable Runtime
24 mai 2007 10:48:47 org.apache.catalina.core.AprLifecycleListener lifecycleEvent
INFO: The Apache Portable Runtime which allows optimal performance in production environments was not found on the java.library.path: C:\Documents and Settings\ohanoun\Bureau\training-material\jdk1.5.0_04\bin;.;C:\WINDOWS\system32;C:\WINDOWS;C:\Program Files\Java\jdk1.6.0_01\bin;C:\WINDOWS\system32;C:\WINDOWS;C:\WINDOWS\System32\Wbem;C:\Program Files\Microsoft SQL Server\80\Tools\Binn\;C:\Program Files\Fichiers communs\Adobe\AGL;C:\Program Files\QuickTime\QTSystem\
24 mai 2007 10:48:47 org.apache.coyote.http11.Http11BaseProtocol init
INFO: Initialisation de Coyote HTTP/1.1 sur http-8080
24 mai 2007 10:48:47 org.apache.catalina.startup.Catalina load
INFO: Initialization processed in 703 ms
24 mai 2007 10:48:47 org.apache.catalina.core.StandardService start
INFO: Démarrage du service Catalina
24 mai 2007 10:48:47 org.apache.catalina.core.StandardEngine start
INFO: Starting Servlet Engine: Apache Tomcat/5.5.12
24 mai 2007 10:48:47 org.apache.catalina.core.StandardHost start
INFO: XML validation disabled
24 mai 2007 10:48:48 org.apache.struts.util.PropertyMessageResources <init>
INFO: Initializing, config='org.apache.struts.util.LocalStrings', returnNull=true
24 mai 2007 10:48:48 org.apache.struts.util.PropertyMessageResources <init>
INFO: Initializing, config='org.apache.struts.action.ActionResources', returnNull=true
24 mai 2007 10:48:48 org.apache.struts.util.PropertyMessageResources <init>
INFO: Initializing, config='properties.application', returnNull=true
24 mai 2007 10:48:49 org.apache.coyote.http11.Http11BaseProtocol start
INFO: Démarrage de Coyote HTTP/1.1 sur http-8080
24 mai 2007 10:48:49 org.apache.jk.common.ChannelSocket init
INFO: JK: ajp13 listening on /0.0.0.0:8009
24 mai 2007 10:48:49 org.apache.jk.server.JkMain start
INFO: Jk running ID=0 time=0/15  config=null
24 mai 2007 10:48:49 org.apache.catalina.storeconfig.StoreLoader load
INFO: Find registry server-registry.xml at classpath resource
24 mai 2007 10:48:49 org.apache.catalina.startup.Catalina start
INFO: Server startup in 2156 ms
24 mai 2007 10:48:55 org.apache.struts.util.PropertyMessageResources <init>
INFO: Initializing, config='org.apache.struts.taglib.html.LocalStrings', returnNull=true
24 mai 2007 10:48:55 org.apache.struts.util.PropertyMessageResources <init>
INFO: Initializing, config='org.apache.struts.taglib.html.LocalStrings', returnNull=true
24 mai 2007 10:48:55 org.apache.struts.util.PropertyMessageResources <init>
INFO: Initializing, config='org.apache.struts.util.LocalStrings', returnNull=true
24 mai 2007 10:48:55 org.apache.struts.util.PropertyMessageResources <init>
INFO: Initializing, config='org.apache.struts.taglib.logic.LocalStrings', returnNull=true
24 mai 2007 10:48:55 org.apache.struts.util.PropertyMessageResources <init>
INFO: Initializing, config='org.apache.struts.taglib.logic.LocalStrings', returnNull=true
24 mai 2007 10:48:55 org.apache.struts.util.PropertyMessageResources <init>
INFO: Initializing, config='org.apache.struts.taglib.html.LocalStrings', returnNull=true
24 mai 2007 10:48:57 org.apache.struts.util.PropertyMessageResources <init>
INFO: Initializing, config='org.apache.struts.taglib.bean.LocalStrings', returnNull=true
24 mai 2007 10:49:08 org.apache.struts.util.PropertyMessageResources <init>
INFO: Initializing, config='org.apache.struts.taglib.bean.LocalStrings', returnNull=true
24 mai 2007 10:49:08 org.apache.struts.util.PropertyMessageResources <init>
INFO: Initializing, config='org.apache.struts.taglib.logic.LocalStrings', returnNull=true
24 mai 2007 10:49:55 org.apache.coyote.http11.Http11BaseProtocol pause
INFO: Suspension de Coyote HTTP/1.1 sur http-8080
24 mai 2007 10:49:56 org.apache.catalina.core.StandardService stop
INFO: Arrêt du service Catalina
24 mai 2007 10:49:56 org.apache.coyote.http11.Http11BaseProtocol destroy
INFO: Arrêt de Coyote HTTP/1.1 sur http-8080
24 mai 2007 10:49:56 org.apache.catalina.core.AprLifecycleListener lifecycleEvent
INFO: Failed shutdown of Apache Portable Runtime
24 mai 2007 10:50:42 org.apache.catalina.core.AprLifecycleListener lifecycleEvent
INFO: The Apache Portable Runtime which allows optimal performance in production environments was not found on the java.library.path: C:\Documents and Settings\ohanoun\Bureau\training-material\jdk1.5.0_04\bin;.;C:\WINDOWS\system32;C:\WINDOWS;C:\Program Files\Java\jdk1.6.0_01\bin;C:\WINDOWS\system32;C:\WINDOWS;C:\WINDOWS\System32\Wbem;C:\Program Files\Microsoft SQL Server\80\Tools\Binn\;C:\Program Files\Fichiers communs\Adobe\AGL;C:\Program Files\QuickTime\QTSystem\
24 mai 2007 10:50:42 org.apache.coyote.http11.Http11BaseProtocol init
INFO: Initialisation de Coyote HTTP/1.1 sur http-8080
24 mai 2007 10:50:42 org.apache.catalina.startup.Catalina load
INFO: Initialization processed in 688 ms
24 mai 2007 10:50:43 org.apache.catalina.core.StandardService start
INFO: Démarrage du service Catalina
24 mai 2007 10:50:43 org.apache.catalina.core.StandardEngine start
INFO: Starting Servlet Engine: Apache Tomcat/5.5.12
24 mai 2007 10:50:43 org.apache.catalina.core.StandardHost start
INFO: XML validation disabled
24 mai 2007 10:50:43 org.apache.catalina.session.StandardManager doLoad
GRAVE: "IOException" lors du chargement des sessions persistantes: java.io.WriteAbortedException: writing aborted; java.io.NotSerializableException: com.ibatis.sqlmap.engine.mapping.statement.PaginatedDataList
java.io.WriteAbortedException: writing aborted; java.io.NotSerializableException: com.ibatis.sqlmap.engine.mapping.statement.PaginatedDataList
	at java.io.ObjectInputStream.readObject0(ObjectInputStream.java:1303)
	at java.io.ObjectInputStream.defaultReadFields(ObjectInputStream.java:1912)
	at java.io.ObjectInputStream.readSerialData(ObjectInputStream.java:1836)
	at java.io.ObjectInputStream.readOrdinaryObject(ObjectInputStream.java:1713)
	at java.io.ObjectInputStream.readObject0(ObjectInputStream.java:1299)
	at java.io.ObjectInputStream.readObject(ObjectInputStream.java:339)
	at org.apache.catalina.session.StandardSession.readObject(StandardSession.java:1384)
	at org.apache.catalina.session.StandardSession.readObjectData(StandardSession.java:919)
	at org.apache.catalina.session.StandardManager.doLoad(StandardManager.java:393)
	at org.apache.catalina.session.StandardManager.load(StandardManager.java:320)
	at org.apache.catalina.session.StandardManager.start(StandardManager.java:636)
	at org.apache.catalina.core.ContainerBase.setManager(ContainerBase.java:431)
	at org.apache.catalina.startup.ContextConfig.managerConfig(ContextConfig.java:391)
	at org.apache.catalina.startup.ContextConfig.start(ContextConfig.java:1042)
	at org.apache.catalina.startup.ContextConfig.lifecycleEvent(ContextConfig.java:255)
	at org.apache.catalina.util.LifecycleSupport.fireLifecycleEvent(LifecycleSupport.java:119)
	at org.apache.catalina.core.StandardContext.start(StandardContext.java:4076)
	at org.apache.catalina.core.ContainerBase.start(ContainerBase.java:1012)
	at org.apache.catalina.core.StandardHost.start(StandardHost.java:718)
	at org.apache.catalina.core.ContainerBase.start(ContainerBase.java:1012)
	at org.apache.catalina.core.StandardEngine.start(StandardEngine.java:442)
	at org.apache.catalina.core.StandardService.start(StandardService.java:450)
	at org.apache.catalina.core.StandardServer.start(StandardServer.java:680)
	at org.apache.catalina.startup.Catalina.start(Catalina.java:536)
	at sun.reflect.NativeMethodAccessorImpl.invoke0(Native Method)
	at sun.reflect.NativeMethodAccessorImpl.invoke(NativeMethodAccessorImpl.java:39)
	at sun.reflect.DelegatingMethodAccessorImpl.invoke(DelegatingMethodAccessorImpl.java:25)
	at java.lang.reflect.Method.invoke(Method.java:585)
	at org.apache.catalina.startup.Bootstrap.start(Bootstrap.java:275)
	at org.apache.catalina.startup.Bootstrap.main(Bootstrap.java:413)
Caused by: java.io.NotSerializableException: com.ibatis.sqlmap.engine.mapping.statement.PaginatedDataList
	at java.io.ObjectOutputStream.writeObject0(ObjectOutputStream.java:1075)
	at java.io.ObjectOutputStream.defaultWriteFields(ObjectOutputStream.java:1369)
	at java.io.ObjectOutputStream.writeSerialData(ObjectOutputStream.java:1341)
	at java.io.ObjectOutputStream.writeOrdinaryObject(ObjectOutputStream.java:1284)
	at java.io.ObjectOutputStream.writeObject0(ObjectOutputStream.java:1073)
	at java.io.ObjectOutputStream.writeObject(ObjectOutputStream.java:291)
	at org.apache.catalina.session.StandardSession.writeObject(StandardSession.java:1460)
	at org.apache.catalina.session.StandardSession.writeObjectData(StandardSession.java:936)
	at org.apache.catalina.session.StandardManager.doUnload(StandardManager.java:516)
	at org.apache.catalina.session.StandardManager.unload(StandardManager.java:462)
	at org.apache.catalina.session.StandardManager.stop(StandardManager.java:666)
	at org.apache.catalina.core.StandardContext.stop(StandardContext.java:4278)
	at org.apache.catalina.core.ContainerBase.stop(ContainerBase.java:1065)
	at org.apache.catalina.core.ContainerBase.stop(ContainerBase.java:1065)
	at org.apache.catalina.core.StandardEngine.stop(StandardEngine.java:447)
	at org.apache.catalina.core.StandardService.stop(StandardService.java:512)
	at org.apache.catalina.core.StandardServer.stop(StandardServer.java:714)
	at org.apache.catalina.startup.Catalina.stop(Catalina.java:586)
	at org.apache.catalina.startup.Catalina.start(Catalina.java:561)
	... 6 more
24 mai 2007 10:50:43 org.apache.catalina.session.StandardManager start
GRAVE: Exception au chargement des sessions depuis le stockage persistant (persistent storage)
java.io.WriteAbortedException: writing aborted; java.io.NotSerializableException: com.ibatis.sqlmap.engine.mapping.statement.PaginatedDataList
	at java.io.ObjectInputStream.readObject0(ObjectInputStream.java:1303)
	at java.io.ObjectInputStream.defaultReadFields(ObjectInputStream.java:1912)
	at java.io.ObjectInputStream.readSerialData(ObjectInputStream.java:1836)
	at java.io.ObjectInputStream.readOrdinaryObject(ObjectInputStream.java:1713)
	at java.io.ObjectInputStream.readObject0(ObjectInputStream.java:1299)
	at java.io.ObjectInputStream.readObject(ObjectInputStream.java:339)
	at org.apache.catalina.session.StandardSession.readObject(StandardSession.java:1384)
	at org.apache.catalina.session.StandardSession.readObjectData(StandardSession.java:919)
	at org.apache.catalina.session.StandardManager.doLoad(StandardManager.java:393)
	at org.apache.catalina.session.StandardManager.load(StandardManager.java:320)
	at org.apache.catalina.session.StandardManager.start(StandardManager.java:636)
	at org.apache.catalina.core.ContainerBase.setManager(ContainerBase.java:431)
	at org.apache.catalina.startup.ContextConfig.managerConfig(ContextConfig.java:391)
	at org.apache.catalina.startup.ContextConfig.start(ContextConfig.java:1042)
	at org.apache.catalina.startup.ContextConfig.lifecycleEvent(ContextConfig.java:255)
	at org.apache.catalina.util.LifecycleSupport.fireLifecycleEvent(LifecycleSupport.java:119)
	at org.apache.catalina.core.StandardContext.start(StandardContext.java:4076)
	at org.apache.catalina.core.ContainerBase.start(ContainerBase.java:1012)
	at org.apache.catalina.core.StandardHost.start(StandardHost.java:718)
	at org.apache.catalina.core.ContainerBase.start(ContainerBase.java:1012)
	at org.apache.catalina.core.StandardEngine.start(StandardEngine.java:442)
	at org.apache.catalina.core.StandardService.start(StandardService.java:450)
	at org.apache.catalina.core.StandardServer.start(StandardServer.java:680)
	at org.apache.catalina.startup.Catalina.start(Catalina.java:536)
	at sun.reflect.NativeMethodAccessorImpl.invoke0(Native Method)
	at sun.reflect.NativeMethodAccessorImpl.invoke(NativeMethodAccessorImpl.java:39)
	at sun.reflect.DelegatingMethodAccessorImpl.invoke(DelegatingMethodAccessorImpl.java:25)
	at java.lang.reflect.Method.invoke(Method.java:585)
	at org.apache.catalina.startup.Bootstrap.start(Bootstrap.java:275)
	at org.apache.catalina.startup.Bootstrap.main(Bootstrap.java:413)
Caused by: java.io.NotSerializableException: com.ibatis.sqlmap.engine.mapping.statement.PaginatedDataList
	at java.io.ObjectOutputStream.writeObject0(ObjectOutputStream.java:1075)
	at java.io.ObjectOutputStream.defaultWriteFields(ObjectOutputStream.java:1369)
	at java.io.ObjectOutputStream.writeSerialData(ObjectOutputStream.java:1341)
	at java.io.ObjectOutputStream.writeOrdinaryObject(ObjectOutputStream.java:1284)
	at java.io.ObjectOutputStream.writeObject0(ObjectOutputStream.java:1073)
	at java.io.ObjectOutputStream.writeObject(ObjectOutputStream.java:291)
	at org.apache.catalina.session.StandardSession.writeObject(StandardSession.java:1460)
	at org.apache.catalina.session.StandardSession.writeObjectData(StandardSession.java:936)
	at org.apache.catalina.session.StandardManager.doUnload(StandardManager.java:516)
	at org.apache.catalina.session.StandardManager.unload(StandardManager.java:462)
	at org.apache.catalina.session.StandardManager.stop(StandardManager.java:666)
	at org.apache.catalina.core.StandardContext.stop(StandardContext.java:4278)
	at org.apache.catalina.core.ContainerBase.stop(ContainerBase.java:1065)
	at org.apache.catalina.core.ContainerBase.stop(ContainerBase.java:1065)
	at org.apache.catalina.core.StandardEngine.stop(StandardEngine.java:447)
	at org.apache.catalina.core.StandardService.stop(StandardService.java:512)
	at org.apache.catalina.core.StandardServer.stop(StandardServer.java:714)
	at org.apache.catalina.startup.Catalina.stop(Catalina.java:586)
	at org.apache.catalina.startup.Catalina.start(Catalina.java:561)
	... 6 more
24 mai 2007 10:50:44 org.apache.struts.util.PropertyMessageResources <init>
INFO: Initializing, config='org.apache.struts.util.LocalStrings', returnNull=true
24 mai 2007 10:50:44 org.apache.struts.util.PropertyMessageResources <init>
INFO: Initializing, config='org.apache.struts.action.ActionResources', returnNull=true
24 mai 2007 10:50:44 org.apache.struts.util.PropertyMessageResources <init>
INFO: Initializing, config='properties.application', returnNull=true
24 mai 2007 10:50:45 org.apache.coyote.http11.Http11BaseProtocol start
INFO: Démarrage de Coyote HTTP/1.1 sur http-8080
24 mai 2007 10:50:45 org.apache.jk.common.ChannelSocket init
INFO: JK: ajp13 listening on /0.0.0.0:8009
24 mai 2007 10:50:45 org.apache.jk.server.JkMain start
INFO: Jk running ID=0 time=0/16  config=null
24 mai 2007 10:50:45 org.apache.catalina.storeconfig.StoreLoader load
INFO: Find registry server-registry.xml at classpath resource
24 mai 2007 10:50:45 org.apache.catalina.startup.Catalina start
INFO: Server startup in 2312 ms
24 mai 2007 10:50:49 org.apache.struts.util.PropertyMessageResources <init>
INFO: Initializing, config='org.apache.struts.taglib.html.LocalStrings', returnNull=true
24 mai 2007 10:50:49 org.apache.struts.util.PropertyMessageResources <init>
INFO: Initializing, config='org.apache.struts.taglib.html.LocalStrings', returnNull=true
24 mai 2007 10:50:49 org.apache.struts.util.PropertyMessageResources <init>
INFO: Initializing, config='org.apache.struts.util.LocalStrings', returnNull=true
24 mai 2007 10:50:49 org.apache.struts.util.PropertyMessageResources <init>
INFO: Initializing, config='org.apache.struts.taglib.logic.LocalStrings', returnNull=true
24 mai 2007 10:50:49 org.apache.struts.util.PropertyMessageResources <init>
INFO: Initializing, config='org.apache.struts.taglib.logic.LocalStrings', returnNull=true
24 mai 2007 10:50:49 org.apache.struts.util.PropertyMessageResources <init>
INFO: Initializing, config='org.apache.struts.taglib.html.LocalStrings', returnNull=true
24 mai 2007 10:50:49 org.apache.struts.util.PropertyMessageResources <init>
INFO: Initializing, config='org.apache.struts.taglib.bean.LocalStrings', returnNull=true
24 mai 2007 11:02:10 org.apache.catalina.startup.Catalina stopServer
GRAVE: Catalina.stop: 
java.net.ConnectException: Connection refused: connect
	at java.net.PlainSocketImpl.socketConnect(Native Method)
	at java.net.PlainSocketImpl.doConnect(PlainSocketImpl.java:333)
	at java.net.PlainSocketImpl.connectToAddress(PlainSocketImpl.java:195)
	at java.net.PlainSocketImpl.connect(PlainSocketImpl.java:182)
	at java.net.SocksSocketImpl.connect(SocksSocketImpl.java:364)
	at java.net.Socket.connect(Socket.java:507)
	at java.net.Socket.connect(Socket.java:457)
	at java.net.Socket.<init>(Socket.java:365)
	at java.net.Socket.<init>(Socket.java:178)
	at org.apache.catalina.startup.Catalina.stopServer(Catalina.java:394)
	at sun.reflect.NativeMethodAccessorImpl.invoke0(Native Method)
	at sun.reflect.NativeMethodAccessorImpl.invoke(NativeMethodAccessorImpl.java:39)
	at sun.reflect.DelegatingMethodAccessorImpl.invoke(DelegatingMethodAccessorImpl.java:25)
	at java.lang.reflect.Method.invoke(Method.java:585)
	at org.apache.catalina.startup.Bootstrap.stopServer(Bootstrap.java:324)
	at org.apache.catalina.startup.Bootstrap.main(Bootstrap.java:415)
24 mai 2007 11:02:13 org.apache.catalina.core.AprLifecycleListener lifecycleEvent
INFO: The Apache Portable Runtime which allows optimal performance in production environments was not found on the java.library.path: C:\Documents and Settings\ohanoun\Bureau\training-material\jdk1.5.0_04\bin;.;C:\WINDOWS\system32;C:\WINDOWS;C:\Program Files\Java\jdk1.6.0_01\bin;C:\WINDOWS\system32;C:\WINDOWS;C:\WINDOWS\System32\Wbem;C:\Program Files\Microsoft SQL Server\80\Tools\Binn\;C:\Program Files\Fichiers communs\Adobe\AGL;C:\Program Files\QuickTime\QTSystem\
24 mai 2007 11:02:13 org.apache.coyote.http11.Http11BaseProtocol init
INFO: Initialisation de Coyote HTTP/1.1 sur http-8080
24 mai 2007 11:02:13 org.apache.catalina.startup.Catalina load
INFO: Initialization processed in 703 ms
24 mai 2007 11:02:13 org.apache.catalina.core.StandardService start
INFO: Démarrage du service Catalina
24 mai 2007 11:02:13 org.apache.catalina.core.StandardEngine start
INFO: Starting Servlet Engine: Apache Tomcat/5.5.12
24 mai 2007 11:02:13 org.apache.catalina.core.StandardHost start
INFO: XML validation disabled
24 mai 2007 11:02:14 org.apache.catalina.session.StandardManager doLoad
GRAVE: "IOException" lors du chargement des sessions persistantes: java.io.WriteAbortedException: writing aborted; java.io.NotSerializableException: com.ibatis.sqlmap.engine.mapping.statement.PaginatedDataList
java.io.WriteAbortedException: writing aborted; java.io.NotSerializableException: com.ibatis.sqlmap.engine.mapping.statement.PaginatedDataList
	at java.io.ObjectInputStream.readObject0(ObjectInputStream.java:1303)
	at java.io.ObjectInputStream.defaultReadFields(ObjectInputStream.java:1912)
	at java.io.ObjectInputStream.readSerialData(ObjectInputStream.java:1836)
	at java.io.ObjectInputStream.readOrdinaryObject(ObjectInputStream.java:1713)
	at java.io.ObjectInputStream.readObject0(ObjectInputStream.java:1299)
	at java.io.ObjectInputStream.readObject(ObjectInputStream.java:339)
	at org.apache.catalina.session.StandardSession.readObject(StandardSession.java:1384)
	at org.apache.catalina.session.StandardSession.readObjectData(StandardSession.java:919)
	at org.apache.catalina.session.StandardManager.doLoad(StandardManager.java:393)
	at org.apache.catalina.session.StandardManager.load(StandardManager.java:320)
	at org.apache.catalina.session.StandardManager.start(StandardManager.java:636)
	at org.apache.catalina.core.ContainerBase.setManager(ContainerBase.java:431)
	at org.apache.catalina.startup.ContextConfig.managerConfig(ContextConfig.java:391)
	at org.apache.catalina.startup.ContextConfig.start(ContextConfig.java:1042)
	at org.apache.catalina.startup.ContextConfig.lifecycleEvent(ContextConfig.java:255)
	at org.apache.catalina.util.LifecycleSupport.fireLifecycleEvent(LifecycleSupport.java:119)
	at org.apache.catalina.core.StandardContext.start(StandardContext.java:4076)
	at org.apache.catalina.core.ContainerBase.start(ContainerBase.java:1012)
	at org.apache.catalina.core.StandardHost.start(StandardHost.java:718)
	at org.apache.catalina.core.ContainerBase.start(ContainerBase.java:1012)
	at org.apache.catalina.core.StandardEngine.start(StandardEngine.java:442)
	at org.apache.catalina.core.StandardService.start(StandardService.java:450)
	at org.apache.catalina.core.StandardServer.start(StandardServer.java:680)
	at org.apache.catalina.startup.Catalina.start(Catalina.java:536)
	at sun.reflect.NativeMethodAccessorImpl.invoke0(Native Method)
	at sun.reflect.NativeMethodAccessorImpl.invoke(NativeMethodAccessorImpl.java:39)
	at sun.reflect.DelegatingMethodAccessorImpl.invoke(DelegatingMethodAccessorImpl.java:25)
	at java.lang.reflect.Method.invoke(Method.java:585)
	at org.apache.catalina.startup.Bootstrap.start(Bootstrap.java:275)
	at org.apache.catalina.startup.Bootstrap.main(Bootstrap.java:413)
Caused by: java.io.NotSerializableException: com.ibatis.sqlmap.engine.mapping.statement.PaginatedDataList
	at java.io.ObjectOutputStream.writeObject0(ObjectOutputStream.java:1075)
	at java.io.ObjectOutputStream.defaultWriteFields(ObjectOutputStream.java:1369)
	at java.io.ObjectOutputStream.writeSerialData(ObjectOutputStream.java:1341)
	at java.io.ObjectOutputStream.writeOrdinaryObject(ObjectOutputStream.java:1284)
	at java.io.ObjectOutputStream.writeObject0(ObjectOutputStream.java:1073)
	at java.io.ObjectOutputStream.writeObject(ObjectOutputStream.java:291)
	at org.apache.catalina.session.StandardSession.writeObject(StandardSession.java:1460)
	at org.apache.catalina.session.StandardSession.writeObjectData(StandardSession.java:936)
	at org.apache.catalina.session.StandardManager.doUnload(StandardManager.java:516)
	at org.apache.catalina.session.StandardManager.unload(StandardManager.java:462)
	at org.apache.catalina.session.StandardManager.stop(StandardManager.java:666)
	at org.apache.catalina.core.StandardContext.stop(StandardContext.java:4278)
	at org.apache.catalina.core.ContainerBase.stop(ContainerBase.java:1065)
	at org.apache.catalina.core.ContainerBase.stop(ContainerBase.java:1065)
	at org.apache.catalina.core.StandardEngine.stop(StandardEngine.java:447)
	at org.apache.catalina.core.StandardService.stop(StandardService.java:512)
	at org.apache.catalina.core.StandardServer.stop(StandardServer.java:714)
	at org.apache.catalina.startup.Catalina.stop(Catalina.java:586)
	at org.apache.catalina.startup.Catalina$CatalinaShutdownHook.run(Catalina.java:629)
24 mai 2007 11:02:14 org.apache.catalina.session.StandardManager start
GRAVE: Exception au chargement des sessions depuis le stockage persistant (persistent storage)
java.io.WriteAbortedException: writing aborted; java.io.NotSerializableException: com.ibatis.sqlmap.engine.mapping.statement.PaginatedDataList
	at java.io.ObjectInputStream.readObject0(ObjectInputStream.java:1303)
	at java.io.ObjectInputStream.defaultReadFields(ObjectInputStream.java:1912)
	at java.io.ObjectInputStream.readSerialData(ObjectInputStream.java:1836)
	at java.io.ObjectInputStream.readOrdinaryObject(ObjectInputStream.java:1713)
	at java.io.ObjectInputStream.readObject0(ObjectInputStream.java:1299)
	at java.io.ObjectInputStream.readObject(ObjectInputStream.java:339)
	at org.apache.catalina.session.StandardSession.readObject(StandardSession.java:1384)
	at org.apache.catalina.session.StandardSession.readObjectData(StandardSession.java:919)
	at org.apache.catalina.session.StandardManager.doLoad(StandardManager.java:393)
	at org.apache.catalina.session.StandardManager.load(StandardManager.java:320)
	at org.apache.catalina.session.StandardManager.start(StandardManager.java:636)
	at org.apache.catalina.core.ContainerBase.setManager(ContainerBase.java:431)
	at org.apache.catalina.startup.ContextConfig.managerConfig(ContextConfig.java:391)
	at org.apache.catalina.startup.ContextConfig.start(ContextConfig.java:1042)
	at org.apache.catalina.startup.ContextConfig.lifecycleEvent(ContextConfig.java:255)
	at org.apache.catalina.util.LifecycleSupport.fireLifecycleEvent(LifecycleSupport.java:119)
	at org.apache.catalina.core.StandardContext.start(StandardContext.java:4076)
	at org.apache.catalina.core.ContainerBase.start(ContainerBase.java:1012)
	at org.apache.catalina.core.StandardHost.start(StandardHost.java:718)
	at org.apache.catalina.core.ContainerBase.start(ContainerBase.java:1012)
	at org.apache.catalina.core.StandardEngine.start(StandardEngine.java:442)
	at org.apache.catalina.core.StandardService.start(StandardService.java:450)
	at org.apache.catalina.core.StandardServer.start(StandardServer.java:680)
	at org.apache.catalina.startup.Catalina.start(Catalina.java:536)
	at sun.reflect.NativeMethodAccessorImpl.invoke0(Native Method)
	at sun.reflect.NativeMethodAccessorImpl.invoke(NativeMethodAccessorImpl.java:39)
	at sun.reflect.DelegatingMethodAccessorImpl.invoke(DelegatingMethodAccessorImpl.java:25)
	at java.lang.reflect.Method.invoke(Method.java:585)
	at org.apache.catalina.startup.Bootstrap.start(Bootstrap.java:275)
	at org.apache.catalina.startup.Bootstrap.main(Bootstrap.java:413)
Caused by: java.io.NotSerializableException: com.ibatis.sqlmap.engine.mapping.statement.PaginatedDataList
	at java.io.ObjectOutputStream.writeObject0(ObjectOutputStream.java:1075)
	at java.io.ObjectOutputStream.defaultWriteFields(ObjectOutputStream.java:1369)
	at java.io.ObjectOutputStream.writeSerialData(ObjectOutputStream.java:1341)
	at java.io.ObjectOutputStream.writeOrdinaryObject(ObjectOutputStream.java:1284)
	at java.io.ObjectOutputStream.writeObject0(ObjectOutputStream.java:1073)
	at java.io.ObjectOutputStream.writeObject(ObjectOutputStream.java:291)
	at org.apache.catalina.session.StandardSession.writeObject(StandardSession.java:1460)
	at org.apache.catalina.session.StandardSession.writeObjectData(StandardSession.java:936)
	at org.apache.catalina.session.StandardManager.doUnload(StandardManager.java:516)
	at org.apache.catalina.session.StandardManager.unload(StandardManager.java:462)
	at org.apache.catalina.session.StandardManager.stop(StandardManager.java:666)
	at org.apache.catalina.core.StandardContext.stop(StandardContext.java:4278)
	at org.apache.catalina.core.ContainerBase.stop(ContainerBase.java:1065)
	at org.apache.catalina.core.ContainerBase.stop(ContainerBase.java:1065)
	at org.apache.catalina.core.StandardEngine.stop(StandardEngine.java:447)
	at org.apache.catalina.core.StandardService.stop(StandardService.java:512)
	at org.apache.catalina.core.StandardServer.stop(StandardServer.java:714)
	at org.apache.catalina.startup.Catalina.stop(Catalina.java:586)
	at org.apache.catalina.startup.Catalina$CatalinaShutdownHook.run(Catalina.java:629)
24 mai 2007 11:02:14 org.apache.struts.util.PropertyMessageResources <init>
INFO: Initializing, config='org.apache.struts.util.LocalStrings', returnNull=true
24 mai 2007 11:02:14 org.apache.struts.util.PropertyMessageResources <init>
INFO: Initializing, config='org.apache.struts.action.ActionResources', returnNull=true
24 mai 2007 11:02:15 org.apache.struts.util.PropertyMessageResources <init>
INFO: Initializing, config='properties.application', returnNull=true
24 mai 2007 11:02:15 org.apache.coyote.http11.Http11BaseProtocol start
INFO: Démarrage de Coyote HTTP/1.1 sur http-8080
24 mai 2007 11:02:16 org.apache.jk.common.ChannelSocket init
INFO: JK: ajp13 listening on /0.0.0.0:8009
24 mai 2007 11:02:16 org.apache.jk.server.JkMain start
INFO: Jk running ID=0 time=0/15  config=null
24 mai 2007 11:02:16 org.apache.catalina.storeconfig.StoreLoader load
INFO: Find registry server-registry.xml at classpath resource
24 mai 2007 11:02:16 org.apache.catalina.startup.Catalina start
INFO: Server startup in 2360 ms
24 mai 2007 11:02:20 org.apache.struts.util.PropertyMessageResources <init>
INFO: Initializing, config='org.apache.struts.taglib.html.LocalStrings', returnNull=true
24 mai 2007 11:02:20 org.apache.struts.util.PropertyMessageResources <init>
INFO: Initializing, config='org.apache.struts.taglib.html.LocalStrings', returnNull=true
24 mai 2007 11:02:20 org.apache.struts.util.PropertyMessageResources <init>
INFO: Initializing, config='org.apache.struts.util.LocalStrings', returnNull=true
24 mai 2007 11:02:20 org.apache.struts.util.PropertyMessageResources <init>
INFO: Initializing, config='org.apache.struts.taglib.logic.LocalStrings', returnNull=true
24 mai 2007 11:02:20 org.apache.struts.util.PropertyMessageResources <init>
INFO: Initializing, config='org.apache.struts.taglib.logic.LocalStrings', returnNull=true
24 mai 2007 11:02:20 org.apache.struts.util.PropertyMessageResources <init>
INFO: Initializing, config='org.apache.struts.taglib.html.LocalStrings', returnNull=true
24 mai 2007 11:02:20 org.apache.struts.util.PropertyMessageResources <init>
INFO: Initializing, config='org.apache.struts.taglib.bean.LocalStrings', returnNull=true
24 mai 2007 11:06:04 org.apache.coyote.http11.Http11BaseProtocol pause
INFO: Suspension de Coyote HTTP/1.1 sur http-8080
24 mai 2007 11:06:05 org.apache.catalina.core.StandardService stop
INFO: Arrêt du service Catalina
24 mai 2007 11:06:05 org.apache.coyote.http11.Http11BaseProtocol destroy
INFO: Arrêt de Coyote HTTP/1.1 sur http-8080
24 mai 2007 11:06:05 org.apache.catalina.core.AprLifecycleListener lifecycleEvent
INFO: Failed shutdown of Apache Portable Runtime
24 mai 2007 11:07:46 org.apache.catalina.core.AprLifecycleListener lifecycleEvent
INFO: The Apache Portable Runtime which allows optimal performance in production environments was not found on the java.library.path: C:\Documents and Settings\ohanoun\Bureau\training-material\jdk1.5.0_04\bin;.;C:\WINDOWS\system32;C:\WINDOWS;C:\Program Files\Java\jdk1.6.0_01\bin;C:\WINDOWS\system32;C:\WINDOWS;C:\WINDOWS\System32\Wbem;C:\Program Files\Microsoft SQL Server\80\Tools\Binn\;C:\Program Files\Fichiers communs\Adobe\AGL;C:\Program Files\QuickTime\QTSystem\
24 mai 2007 11:07:46 org.apache.coyote.http11.Http11BaseProtocol init
INFO: Initialisation de Coyote HTTP/1.1 sur http-8080
24 mai 2007 11:07:46 org.apache.catalina.startup.Catalina load
INFO: Initialization processed in 689 ms
24 mai 2007 11:07:46 org.apache.catalina.core.StandardService start
INFO: Démarrage du service Catalina
24 mai 2007 11:07:46 org.apache.catalina.core.StandardEngine start
INFO: Starting Servlet Engine: Apache Tomcat/5.5.12
24 mai 2007 11:07:46 org.apache.catalina.core.StandardHost start
INFO: XML validation disabled
24 mai 2007 11:07:47 org.apache.catalina.session.StandardManager doLoad
GRAVE: "IOException" lors du chargement des sessions persistantes: java.io.WriteAbortedException: writing aborted; java.io.NotSerializableException: com.ibatis.sqlmap.engine.mapping.statement.PaginatedDataList
java.io.WriteAbortedException: writing aborted; java.io.NotSerializableException: com.ibatis.sqlmap.engine.mapping.statement.PaginatedDataList
	at java.io.ObjectInputStream.readObject0(ObjectInputStream.java:1303)
	at java.io.ObjectInputStream.defaultReadFields(ObjectInputStream.java:1912)
	at java.io.ObjectInputStream.readSerialData(ObjectInputStream.java:1836)
	at java.io.ObjectInputStream.readOrdinaryObject(ObjectInputStream.java:1713)
	at java.io.ObjectInputStream.readObject0(ObjectInputStream.java:1299)
	at java.io.ObjectInputStream.readObject(ObjectInputStream.java:339)
	at org.apache.catalina.session.StandardSession.readObject(StandardSession.java:1384)
	at org.apache.catalina.session.StandardSession.readObjectData(StandardSession.java:919)
	at org.apache.catalina.session.StandardManager.doLoad(StandardManager.java:393)
	at org.apache.catalina.session.StandardManager.load(StandardManager.java:320)
	at org.apache.catalina.session.StandardManager.start(StandardManager.java:636)
	at org.apache.catalina.core.ContainerBase.setManager(ContainerBase.java:431)
	at org.apache.catalina.startup.ContextConfig.managerConfig(ContextConfig.java:391)
	at org.apache.catalina.startup.ContextConfig.start(ContextConfig.java:1042)
	at org.apache.catalina.startup.ContextConfig.lifecycleEvent(ContextConfig.java:255)
	at org.apache.catalina.util.LifecycleSupport.fireLifecycleEvent(LifecycleSupport.java:119)
	at org.apache.catalina.core.StandardContext.start(StandardContext.java:4076)
	at org.apache.catalina.core.ContainerBase.start(ContainerBase.java:1012)
	at org.apache.catalina.core.StandardHost.start(StandardHost.java:718)
	at org.apache.catalina.core.ContainerBase.start(ContainerBase.java:1012)
	at org.apache.catalina.core.StandardEngine.start(StandardEngine.java:442)
	at org.apache.catalina.core.StandardService.start(StandardService.java:450)
	at org.apache.catalina.core.StandardServer.start(StandardServer.java:680)
	at org.apache.catalina.startup.Catalina.start(Catalina.java:536)
	at sun.reflect.NativeMethodAccessorImpl.invoke0(Native Method)
	at sun.reflect.NativeMethodAccessorImpl.invoke(NativeMethodAccessorImpl.java:39)
	at sun.reflect.DelegatingMethodAccessorImpl.invoke(DelegatingMethodAccessorImpl.java:25)
	at java.lang.reflect.Method.invoke(Method.java:585)
	at org.apache.catalina.startup.Bootstrap.start(Bootstrap.java:275)
	at org.apache.catalina.startup.Bootstrap.main(Bootstrap.java:413)
Caused by: java.io.NotSerializableException: com.ibatis.sqlmap.engine.mapping.statement.PaginatedDataList
	at java.io.ObjectOutputStream.writeObject0(ObjectOutputStream.java:1075)
	at java.io.ObjectOutputStream.defaultWriteFields(ObjectOutputStream.java:1369)
	at java.io.ObjectOutputStream.writeSerialData(ObjectOutputStream.java:1341)
	at java.io.ObjectOutputStream.writeOrdinaryObject(ObjectOutputStream.java:1284)
	at java.io.ObjectOutputStream.writeObject0(ObjectOutputStream.java:1073)
	at java.io.ObjectOutputStream.writeObject(ObjectOutputStream.java:291)
	at org.apache.catalina.session.StandardSession.writeObject(StandardSession.java:1460)
	at org.apache.catalina.session.StandardSession.writeObjectData(StandardSession.java:936)
	at org.apache.catalina.session.StandardManager.doUnload(StandardManager.java:516)
	at org.apache.catalina.session.StandardManager.unload(StandardManager.java:462)
	at org.apache.catalina.session.StandardManager.stop(StandardManager.java:666)
	at org.apache.catalina.core.StandardContext.stop(StandardContext.java:4278)
	at org.apache.catalina.core.ContainerBase.stop(ContainerBase.java:1065)
	at org.apache.catalina.core.ContainerBase.stop(ContainerBase.java:1065)
	at org.apache.catalina.core.StandardEngine.stop(StandardEngine.java:447)
	at org.apache.catalina.core.StandardService.stop(StandardService.java:512)
	at org.apache.catalina.core.StandardServer.stop(StandardServer.java:714)
	at org.apache.catalina.startup.Catalina.stop(Catalina.java:586)
	at org.apache.catalina.startup.Catalina.start(Catalina.java:561)
	... 6 more
24 mai 2007 11:07:47 org.apache.catalina.session.StandardManager start
GRAVE: Exception au chargement des sessions depuis le stockage persistant (persistent storage)
java.io.WriteAbortedException: writing aborted; java.io.NotSerializableException: com.ibatis.sqlmap.engine.mapping.statement.PaginatedDataList
	at java.io.ObjectInputStream.readObject0(ObjectInputStream.java:1303)
	at java.io.ObjectInputStream.defaultReadFields(ObjectInputStream.java:1912)
	at java.io.ObjectInputStream.readSerialData(ObjectInputStream.java:1836)
	at java.io.ObjectInputStream.readOrdinaryObject(ObjectInputStream.java:1713)
	at java.io.ObjectInputStream.readObject0(ObjectInputStream.java:1299)
	at java.io.ObjectInputStream.readObject(ObjectInputStream.java:339)
	at org.apache.catalina.session.StandardSession.readObject(StandardSession.java:1384)
	at org.apache.catalina.session.StandardSession.readObjectData(StandardSession.java:919)
	at org.apache.catalina.session.StandardManager.doLoad(StandardManager.java:393)
	at org.apache.catalina.session.StandardManager.load(StandardManager.java:320)
	at org.apache.catalina.session.StandardManager.start(StandardManager.java:636)
	at org.apache.catalina.core.ContainerBase.setManager(ContainerBase.java:431)
	at org.apache.catalina.startup.ContextConfig.managerConfig(ContextConfig.java:391)
	at org.apache.catalina.startup.ContextConfig.start(ContextConfig.java:1042)
	at org.apache.catalina.startup.ContextConfig.lifecycleEvent(ContextConfig.java:255)
	at org.apache.catalina.util.LifecycleSupport.fireLifecycleEvent(LifecycleSupport.java:119)
	at org.apache.catalina.core.StandardContext.start(StandardContext.java:4076)
	at org.apache.catalina.core.ContainerBase.start(ContainerBase.java:1012)
	at org.apache.catalina.core.StandardHost.start(StandardHost.java:718)
	at org.apache.catalina.core.ContainerBase.start(ContainerBase.java:1012)
	at org.apache.catalina.core.StandardEngine.start(StandardEngine.java:442)
	at org.apache.catalina.core.StandardService.start(StandardService.java:450)
	at org.apache.catalina.core.StandardServer.start(StandardServer.java:680)
	at org.apache.catalina.startup.Catalina.start(Catalina.java:536)
	at sun.reflect.NativeMethodAccessorImpl.invoke0(Native Method)
	at sun.reflect.NativeMethodAccessorImpl.invoke(NativeMethodAccessorImpl.java:39)
	at sun.reflect.DelegatingMethodAccessorImpl.invoke(DelegatingMethodAccessorImpl.java:25)
	at java.lang.reflect.Method.invoke(Method.java:585)
	at org.apache.catalina.startup.Bootstrap.start(Bootstrap.java:275)
	at org.apache.catalina.startup.Bootstrap.main(Bootstrap.java:413)
Caused by: java.io.NotSerializableException: com.ibatis.sqlmap.engine.mapping.statement.PaginatedDataList
	at java.io.ObjectOutputStream.writeObject0(ObjectOutputStream.java:1075)
	at java.io.ObjectOutputStream.defaultWriteFields(ObjectOutputStream.java:1369)
	at java.io.ObjectOutputStream.writeSerialData(ObjectOutputStream.java:1341)
	at java.io.ObjectOutputStream.writeOrdinaryObject(ObjectOutputStream.java:1284)
	at java.io.ObjectOutputStream.writeObject0(ObjectOutputStream.java:1073)
	at java.io.ObjectOutputStream.writeObject(ObjectOutputStream.java:291)
	at org.apache.catalina.session.StandardSession.writeObject(StandardSession.java:1460)
	at org.apache.catalina.session.StandardSession.writeObjectData(StandardSession.java:936)
	at org.apache.catalina.session.StandardManager.doUnload(StandardManager.java:516)
	at org.apache.catalina.session.StandardManager.unload(StandardManager.java:462)
	at org.apache.catalina.session.StandardManager.stop(StandardManager.java:666)
	at org.apache.catalina.core.StandardContext.stop(StandardContext.java:4278)
	at org.apache.catalina.core.ContainerBase.stop(ContainerBase.java:1065)
	at org.apache.catalina.core.ContainerBase.stop(ContainerBase.java:1065)
	at org.apache.catalina.core.StandardEngine.stop(StandardEngine.java:447)
	at org.apache.catalina.core.StandardService.stop(StandardService.java:512)
	at org.apache.catalina.core.StandardServer.stop(StandardServer.java:714)
	at org.apache.catalina.startup.Catalina.stop(Catalina.java:586)
	at org.apache.catalina.startup.Catalina.start(Catalina.java:561)
	... 6 more
24 mai 2007 11:07:47 org.apache.struts.util.PropertyMessageResources <init>
INFO: Initializing, config='org.apache.struts.util.LocalStrings', returnNull=true
24 mai 2007 11:07:47 org.apache.struts.util.PropertyMessageResources <init>
INFO: Initializing, config='org.apache.struts.action.ActionResources', returnNull=true
24 mai 2007 11:07:47 org.apache.struts.util.PropertyMessageResources <init>
INFO: Initializing, config='properties.application', returnNull=true
24 mai 2007 11:07:48 org.apache.coyote.http11.Http11BaseProtocol start
INFO: Démarrage de Coyote HTTP/1.1 sur http-8080
24 mai 2007 11:07:48 org.apache.jk.common.ChannelSocket init
INFO: JK: ajp13 listening on /0.0.0.0:8009
24 mai 2007 11:07:48 org.apache.jk.server.JkMain start
INFO: Jk running ID=0 time=0/47  config=null
24 mai 2007 11:07:48 org.apache.catalina.storeconfig.StoreLoader load
INFO: Find registry server-registry.xml at classpath resource
24 mai 2007 11:07:48 org.apache.catalina.startup.Catalina start
INFO: Server startup in 2288 ms
24 mai 2007 11:08:28 org.apache.struts.util.PropertyMessageResources <init>
INFO: Initializing, config='org.apache.struts.taglib.html.LocalStrings', returnNull=true
24 mai 2007 11:08:28 org.apache.struts.util.PropertyMessageResources <init>
INFO: Initializing, config='org.apache.struts.taglib.html.LocalStrings', returnNull=true
24 mai 2007 11:08:28 org.apache.struts.util.PropertyMessageResources <init>
INFO: Initializing, config='org.apache.struts.util.LocalStrings', returnNull=true
24 mai 2007 11:08:28 org.apache.struts.util.PropertyMessageResources <init>
INFO: Initializing, config='org.apache.struts.taglib.logic.LocalStrings', returnNull=true
24 mai 2007 11:08:28 org.apache.struts.util.PropertyMessageResources <init>
INFO: Initializing, config='org.apache.struts.taglib.logic.LocalStrings', returnNull=true
24 mai 2007 11:08:28 org.apache.struts.util.PropertyMessageResources <init>
INFO: Initializing, config='org.apache.struts.taglib.html.LocalStrings', returnNull=true
24 mai 2007 11:08:28 org.apache.struts.util.PropertyMessageResources <init>
INFO: Initializing, config='org.apache.struts.taglib.bean.LocalStrings', returnNull=true
24 mai 2007 11:09:17 org.apache.coyote.http11.Http11BaseProtocol pause
INFO: Suspension de Coyote HTTP/1.1 sur http-8080
24 mai 2007 11:09:18 org.apache.catalina.core.StandardService stop
INFO: Arrêt du service Catalina
24 mai 2007 11:09:18 org.apache.coyote.http11.Http11BaseProtocol destroy
INFO: Arrêt de Coyote HTTP/1.1 sur http-8080
24 mai 2007 11:09:18 org.apache.catalina.core.AprLifecycleListener lifecycleEvent
INFO: Failed shutdown of Apache Portable Runtime
24 mai 2007 11:13:05 org.apache.catalina.core.AprLifecycleListener lifecycleEvent
INFO: The Apache Portable Runtime which allows optimal performance in production environments was not found on the java.library.path: C:\Documents and Settings\ohanoun\Bureau\training-material\jdk1.5.0_04\bin;.;C:\WINDOWS\system32;C:\WINDOWS;C:\Program Files\Java\jdk1.6.0_01\bin;C:\WINDOWS\system32;C:\WINDOWS;C:\WINDOWS\System32\Wbem;C:\Program Files\Microsoft SQL Server\80\Tools\Binn\;C:\Program Files\Fichiers communs\Adobe\AGL;C:\Program Files\QuickTime\QTSystem\
24 mai 2007 11:13:05 org.apache.coyote.http11.Http11BaseProtocol init
INFO: Initialisation de Coyote HTTP/1.1 sur http-8080
24 mai 2007 11:13:05 org.apache.catalina.startup.Catalina load
INFO: Initialization processed in 704 ms
24 mai 2007 11:13:05 org.apache.catalina.core.StandardService start
INFO: Démarrage du service Catalina
24 mai 2007 11:13:05 org.apache.catalina.core.StandardEngine start
INFO: Starting Servlet Engine: Apache Tomcat/5.5.12
24 mai 2007 11:13:05 org.apache.catalina.core.StandardHost start
INFO: XML validation disabled
24 mai 2007 11:13:06 org.apache.catalina.session.StandardManager doLoad
GRAVE: "IOException" lors du chargement des sessions persistantes: java.io.WriteAbortedException: writing aborted; java.io.NotSerializableException: com.ibatis.sqlmap.engine.mapping.statement.PaginatedDataList
java.io.WriteAbortedException: writing aborted; java.io.NotSerializableException: com.ibatis.sqlmap.engine.mapping.statement.PaginatedDataList
	at java.io.ObjectInputStream.readObject0(ObjectInputStream.java:1303)
	at java.io.ObjectInputStream.defaultReadFields(ObjectInputStream.java:1912)
	at java.io.ObjectInputStream.readSerialData(ObjectInputStream.java:1836)
	at java.io.ObjectInputStream.readOrdinaryObject(ObjectInputStream.java:1713)
	at java.io.ObjectInputStream.readObject0(ObjectInputStream.java:1299)
	at java.io.ObjectInputStream.readObject(ObjectInputStream.java:339)
	at org.apache.catalina.session.StandardSession.readObject(StandardSession.java:1384)
	at org.apache.catalina.session.StandardSession.readObjectData(StandardSession.java:919)
	at org.apache.catalina.session.StandardManager.doLoad(StandardManager.java:393)
	at org.apache.catalina.session.StandardManager.load(StandardManager.java:320)
	at org.apache.catalina.session.StandardManager.start(StandardManager.java:636)
	at org.apache.catalina.core.ContainerBase.setManager(ContainerBase.java:431)
	at org.apache.catalina.startup.ContextConfig.managerConfig(ContextConfig.java:391)
	at org.apache.catalina.startup.ContextConfig.start(ContextConfig.java:1042)
	at org.apache.catalina.startup.ContextConfig.lifecycleEvent(ContextConfig.java:255)
	at org.apache.catalina.util.LifecycleSupport.fireLifecycleEvent(LifecycleSupport.java:119)
	at org.apache.catalina.core.StandardContext.start(StandardContext.java:4076)
	at org.apache.catalina.core.ContainerBase.start(ContainerBase.java:1012)
	at org.apache.catalina.core.StandardHost.start(StandardHost.java:718)
	at org.apache.catalina.core.ContainerBase.start(ContainerBase.java:1012)
	at org.apache.catalina.core.StandardEngine.start(StandardEngine.java:442)
	at org.apache.catalina.core.StandardService.start(StandardService.java:450)
	at org.apache.catalina.core.StandardServer.start(StandardServer.java:680)
	at org.apache.catalina.startup.Catalina.start(Catalina.java:536)
	at sun.reflect.NativeMethodAccessorImpl.invoke0(Native Method)
	at sun.reflect.NativeMethodAccessorImpl.invoke(NativeMethodAccessorImpl.java:39)
	at sun.reflect.DelegatingMethodAccessorImpl.invoke(DelegatingMethodAccessorImpl.java:25)
	at java.lang.reflect.Method.invoke(Method.java:585)
	at org.apache.catalina.startup.Bootstrap.start(Bootstrap.java:275)
	at org.apache.catalina.startup.Bootstrap.main(Bootstrap.java:413)
Caused by: java.io.NotSerializableException: com.ibatis.sqlmap.engine.mapping.statement.PaginatedDataList
	at java.io.ObjectOutputStream.writeObject0(ObjectOutputStream.java:1075)
	at java.io.ObjectOutputStream.defaultWriteFields(ObjectOutputStream.java:1369)
	at java.io.ObjectOutputStream.writeSerialData(ObjectOutputStream.java:1341)
	at java.io.ObjectOutputStream.writeOrdinaryObject(ObjectOutputStream.java:1284)
	at java.io.ObjectOutputStream.writeObject0(ObjectOutputStream.java:1073)
	at java.io.ObjectOutputStream.writeObject(ObjectOutputStream.java:291)
	at org.apache.catalina.session.StandardSession.writeObject(StandardSession.java:1460)
	at org.apache.catalina.session.StandardSession.writeObjectData(StandardSession.java:936)
	at org.apache.catalina.session.StandardManager.doUnload(StandardManager.java:516)
	at org.apache.catalina.session.StandardManager.unload(StandardManager.java:462)
	at org.apache.catalina.session.StandardManager.stop(StandardManager.java:666)
	at org.apache.catalina.core.StandardContext.stop(StandardContext.java:4278)
	at org.apache.catalina.core.ContainerBase.stop(ContainerBase.java:1065)
	at org.apache.catalina.core.ContainerBase.stop(ContainerBase.java:1065)
	at org.apache.catalina.core.StandardEngine.stop(StandardEngine.java:447)
	at org.apache.catalina.core.StandardService.stop(StandardService.java:512)
	at org.apache.catalina.core.StandardServer.stop(StandardServer.java:714)
	at org.apache.catalina.startup.Catalina.stop(Catalina.java:586)
	at org.apache.catalina.startup.Catalina.start(Catalina.java:561)
	... 6 more
24 mai 2007 11:13:06 org.apache.catalina.session.StandardManager start
GRAVE: Exception au chargement des sessions depuis le stockage persistant (persistent storage)
java.io.WriteAbortedException: writing aborted; java.io.NotSerializableException: com.ibatis.sqlmap.engine.mapping.statement.PaginatedDataList
	at java.io.ObjectInputStream.readObject0(ObjectInputStream.java:1303)
	at java.io.ObjectInputStream.defaultReadFields(ObjectInputStream.java:1912)
	at java.io.ObjectInputStream.readSerialData(ObjectInputStream.java:1836)
	at java.io.ObjectInputStream.readOrdinaryObject(ObjectInputStream.java:1713)
	at java.io.ObjectInputStream.readObject0(ObjectInputStream.java:1299)
	at java.io.ObjectInputStream.readObject(ObjectInputStream.java:339)
	at org.apache.catalina.session.StandardSession.readObject(StandardSession.java:1384)
	at org.apache.catalina.session.StandardSession.readObjectData(StandardSession.java:919)
	at org.apache.catalina.session.StandardManager.doLoad(StandardManager.java:393)
	at org.apache.catalina.session.StandardManager.load(StandardManager.java:320)
	at org.apache.catalina.session.StandardManager.start(StandardManager.java:636)
	at org.apache.catalina.core.ContainerBase.setManager(ContainerBase.java:431)
	at org.apache.catalina.startup.ContextConfig.managerConfig(ContextConfig.java:391)
	at org.apache.catalina.startup.ContextConfig.start(ContextConfig.java:1042)
	at org.apache.catalina.startup.ContextConfig.lifecycleEvent(ContextConfig.java:255)
	at org.apache.catalina.util.LifecycleSupport.fireLifecycleEvent(LifecycleSupport.java:119)
	at org.apache.catalina.core.StandardContext.start(StandardContext.java:4076)
	at org.apache.catalina.core.ContainerBase.start(ContainerBase.java:1012)
	at org.apache.catalina.core.StandardHost.start(StandardHost.java:718)
	at org.apache.catalina.core.ContainerBase.start(ContainerBase.java:1012)
	at org.apache.catalina.core.StandardEngine.start(StandardEngine.java:442)
	at org.apache.catalina.core.StandardService.start(StandardService.java:450)
	at org.apache.catalina.core.StandardServer.start(StandardServer.java:680)
	at org.apache.catalina.startup.Catalina.start(Catalina.java:536)
	at sun.reflect.NativeMethodAccessorImpl.invoke0(Native Method)
	at sun.reflect.NativeMethodAccessorImpl.invoke(NativeMethodAccessorImpl.java:39)
	at sun.reflect.DelegatingMethodAccessorImpl.invoke(DelegatingMethodAccessorImpl.java:25)
	at java.lang.reflect.Method.invoke(Method.java:585)
	at org.apache.catalina.startup.Bootstrap.start(Bootstrap.java:275)
	at org.apache.catalina.startup.Bootstrap.main(Bootstrap.java:413)
Caused by: java.io.NotSerializableException: com.ibatis.sqlmap.engine.mapping.statement.PaginatedDataList
	at java.io.ObjectOutputStream.writeObject0(ObjectOutputStream.java:1075)
	at java.io.ObjectOutputStream.defaultWriteFields(ObjectOutputStream.java:1369)
	at java.io.ObjectOutputStream.writeSerialData(ObjectOutputStream.java:1341)
	at java.io.ObjectOutputStream.writeOrdinaryObject(ObjectOutputStream.java:1284)
	at java.io.ObjectOutputStream.writeObject0(ObjectOutputStream.java:1073)
	at java.io.ObjectOutputStream.writeObject(ObjectOutputStream.java:291)
	at org.apache.catalina.session.StandardSession.writeObject(StandardSession.java:1460)
	at org.apache.catalina.session.StandardSession.writeObjectData(StandardSession.java:936)
	at org.apache.catalina.session.StandardManager.doUnload(StandardManager.java:516)
	at org.apache.catalina.session.StandardManager.unload(StandardManager.java:462)
	at org.apache.catalina.session.StandardManager.stop(StandardManager.java:666)
	at org.apache.catalina.core.StandardContext.stop(StandardContext.java:4278)
	at org.apache.catalina.core.ContainerBase.stop(ContainerBase.java:1065)
	at org.apache.catalina.core.ContainerBase.stop(ContainerBase.java:1065)
	at org.apache.catalina.core.StandardEngine.stop(StandardEngine.java:447)
	at org.apache.catalina.core.StandardService.stop(StandardService.java:512)
	at org.apache.catalina.core.StandardServer.stop(StandardServer.java:714)
	at org.apache.catalina.startup.Catalina.stop(Catalina.java:586)
	at org.apache.catalina.startup.Catalina.start(Catalina.java:561)
	... 6 more
24 mai 2007 11:13:06 org.apache.struts.util.PropertyMessageResources <init>
INFO: Initializing, config='org.apache.struts.util.LocalStrings', returnNull=true
24 mai 2007 11:13:06 org.apache.struts.util.PropertyMessageResources <init>
INFO: Initializing, config='org.apache.struts.action.ActionResources', returnNull=true
24 mai 2007 11:13:07 org.apache.struts.util.PropertyMessageResources <init>
INFO: Initializing, config='properties.application', returnNull=true
24 mai 2007 11:13:07 org.apache.coyote.http11.Http11BaseProtocol start
INFO: Démarrage de Coyote HTTP/1.1 sur http-8080
24 mai 2007 11:13:08 org.apache.jk.common.ChannelSocket init
INFO: JK: ajp13 listening on /0.0.0.0:8009
24 mai 2007 11:13:08 org.apache.jk.server.JkMain start
INFO: Jk running ID=0 time=0/31  config=null
24 mai 2007 11:13:08 org.apache.catalina.storeconfig.StoreLoader load
INFO: Find registry server-registry.xml at classpath resource
24 mai 2007 11:13:08 org.apache.catalina.startup.Catalina start
INFO: Server startup in 2314 ms
24 mai 2007 11:14:52 org.apache.struts.util.PropertyMessageResources <init>
INFO: Initializing, config='org.apache.struts.taglib.html.LocalStrings', returnNull=true
24 mai 2007 11:14:52 org.apache.struts.util.PropertyMessageResources <init>
INFO: Initializing, config='org.apache.struts.taglib.html.LocalStrings', returnNull=true
24 mai 2007 11:14:52 org.apache.struts.util.PropertyMessageResources <init>
INFO: Initializing, config='org.apache.struts.util.LocalStrings', returnNull=true
24 mai 2007 11:14:52 org.apache.struts.util.PropertyMessageResources <init>
INFO: Initializing, config='org.apache.struts.taglib.logic.LocalStrings', returnNull=true
24 mai 2007 11:14:52 org.apache.struts.util.PropertyMessageResources <init>
INFO: Initializing, config='org.apache.struts.taglib.logic.LocalStrings', returnNull=true
24 mai 2007 11:14:52 org.apache.struts.util.PropertyMessageResources <init>
INFO: Initializing, config='org.apache.struts.taglib.html.LocalStrings', returnNull=true
24 mai 2007 11:14:54 org.apache.struts.util.PropertyMessageResources <init>
INFO: Initializing, config='org.apache.struts.taglib.bean.LocalStrings', returnNull=true
24 mai 2007 11:16:23 org.apache.struts.util.PropertyMessageResources <init>
INFO: Initializing, config='org.apache.struts.taglib.bean.LocalStrings', returnNull=true
24 mai 2007 11:16:23 org.apache.struts.util.PropertyMessageResources <init>
INFO: Initializing, config='org.apache.struts.taglib.logic.LocalStrings', returnNull=true
24 mai 2007 11:43:08 org.apache.coyote.http11.Http11BaseProtocol pause
INFO: Suspension de Coyote HTTP/1.1 sur http-8080
24 mai 2007 11:43:09 org.apache.catalina.core.StandardService stop
INFO: Arrêt du service Catalina
24 mai 2007 11:43:09 org.apache.coyote.http11.Http11BaseProtocol destroy
INFO: Arrêt de Coyote HTTP/1.1 sur http-8080
24 mai 2007 11:43:09 org.apache.catalina.core.AprLifecycleListener lifecycleEvent
INFO: Failed shutdown of Apache Portable Runtime
24 mai 2007 14:32:49 org.apache.catalina.core.AprLifecycleListener lifecycleEvent
INFO: The Apache Portable Runtime which allows optimal performance in production environments was not found on the java.library.path: C:\Documents and Settings\ohanoun\Bureau\training-material\jdk1.5.0_04\bin;.;C:\WINDOWS\system32;C:\WINDOWS;C:\Program Files\Java\jdk1.6.0_01\bin;C:\WINDOWS\system32;C:\WINDOWS;C:\WINDOWS\System32\Wbem;C:\Program Files\Microsoft SQL Server\80\Tools\Binn\;C:\Program Files\Fichiers communs\Adobe\AGL;C:\Program Files\QuickTime\QTSystem\
24 mai 2007 14:32:49 org.apache.coyote.http11.Http11BaseProtocol init
INFO: Initialisation de Coyote HTTP/1.1 sur http-8080
24 mai 2007 14:32:49 org.apache.catalina.startup.Catalina load
INFO: Initialization processed in 719 ms
24 mai 2007 14:32:49 org.apache.catalina.core.StandardService start
INFO: Démarrage du service Catalina
24 mai 2007 14:32:49 org.apache.catalina.core.StandardEngine start
INFO: Starting Servlet Engine: Apache Tomcat/5.5.12
24 mai 2007 14:32:49 org.apache.catalina.core.StandardHost start
INFO: XML validation disabled
24 mai 2007 14:32:50 org.apache.catalina.session.StandardManager doLoad
GRAVE: "IOException" lors du chargement des sessions persistantes: java.io.WriteAbortedException: writing aborted; java.io.NotSerializableException: com.ibatis.sqlmap.engine.mapping.statement.PaginatedDataList
java.io.WriteAbortedException: writing aborted; java.io.NotSerializableException: com.ibatis.sqlmap.engine.mapping.statement.PaginatedDataList
	at java.io.ObjectInputStream.readObject0(ObjectInputStream.java:1303)
	at java.io.ObjectInputStream.defaultReadFields(ObjectInputStream.java:1912)
	at java.io.ObjectInputStream.readSerialData(ObjectInputStream.java:1836)
	at java.io.ObjectInputStream.readOrdinaryObject(ObjectInputStream.java:1713)
	at java.io.ObjectInputStream.readObject0(ObjectInputStream.java:1299)
	at java.io.ObjectInputStream.readObject(ObjectInputStream.java:339)
	at org.apache.catalina.session.StandardSession.readObject(StandardSession.java:1384)
	at org.apache.catalina.session.StandardSession.readObjectData(StandardSession.java:919)
	at org.apache.catalina.session.StandardManager.doLoad(StandardManager.java:393)
	at org.apache.catalina.session.StandardManager.load(StandardManager.java:320)
	at org.apache.catalina.session.StandardManager.start(StandardManager.java:636)
	at org.apache.catalina.core.ContainerBase.setManager(ContainerBase.java:431)
	at org.apache.catalina.startup.ContextConfig.managerConfig(ContextConfig.java:391)
	at org.apache.catalina.startup.ContextConfig.start(ContextConfig.java:1042)
	at org.apache.catalina.startup.ContextConfig.lifecycleEvent(ContextConfig.java:255)
	at org.apache.catalina.util.LifecycleSupport.fireLifecycleEvent(LifecycleSupport.java:119)
	at org.apache.catalina.core.StandardContext.start(StandardContext.java:4076)
	at org.apache.catalina.core.ContainerBase.start(ContainerBase.java:1012)
	at org.apache.catalina.core.StandardHost.start(StandardHost.java:718)
	at org.apache.catalina.core.ContainerBase.start(ContainerBase.java:1012)
	at org.apache.catalina.core.StandardEngine.start(StandardEngine.java:442)
	at org.apache.catalina.core.StandardService.start(StandardService.java:450)
	at org.apache.catalina.core.StandardServer.start(StandardServer.java:680)
	at org.apache.catalina.startup.Catalina.start(Catalina.java:536)
	at sun.reflect.NativeMethodAccessorImpl.invoke0(Native Method)
	at sun.reflect.NativeMethodAccessorImpl.invoke(NativeMethodAccessorImpl.java:39)
	at sun.reflect.DelegatingMethodAccessorImpl.invoke(DelegatingMethodAccessorImpl.java:25)
	at java.lang.reflect.Method.invoke(Method.java:585)
	at org.apache.catalina.startup.Bootstrap.start(Bootstrap.java:275)
	at org.apache.catalina.startup.Bootstrap.main(Bootstrap.java:413)
Caused by: java.io.NotSerializableException: com.ibatis.sqlmap.engine.mapping.statement.PaginatedDataList
	at java.io.ObjectOutputStream.writeObject0(ObjectOutputStream.java:1075)
	at java.io.ObjectOutputStream.defaultWriteFields(ObjectOutputStream.java:1369)
	at java.io.ObjectOutputStream.writeSerialData(ObjectOutputStream.java:1341)
	at java.io.ObjectOutputStream.writeOrdinaryObject(ObjectOutputStream.java:1284)
	at java.io.ObjectOutputStream.writeObject0(ObjectOutputStream.java:1073)
	at java.io.ObjectOutputStream.writeObject(ObjectOutputStream.java:291)
	at org.apache.catalina.session.StandardSession.writeObject(StandardSession.java:1460)
	at org.apache.catalina.session.StandardSession.writeObjectData(StandardSession.java:936)
	at org.apache.catalina.session.StandardManager.doUnload(StandardManager.java:516)
	at org.apache.catalina.session.StandardManager.unload(StandardManager.java:462)
	at org.apache.catalina.session.StandardManager.stop(StandardManager.java:666)
	at org.apache.catalina.core.StandardContext.stop(StandardContext.java:4278)
	at org.apache.catalina.core.ContainerBase.stop(ContainerBase.java:1065)
	at org.apache.catalina.core.ContainerBase.stop(ContainerBase.java:1065)
	at org.apache.catalina.core.StandardEngine.stop(StandardEngine.java:447)
	at org.apache.catalina.core.StandardService.stop(StandardService.java:512)
	at org.apache.catalina.core.StandardServer.stop(StandardServer.java:714)
	at org.apache.catalina.startup.Catalina.stop(Catalina.java:586)
	at org.apache.catalina.startup.Catalina.start(Catalina.java:561)
	... 6 more
24 mai 2007 14:32:50 org.apache.catalina.session.StandardManager start
GRAVE: Exception au chargement des sessions depuis le stockage persistant (persistent storage)
java.io.WriteAbortedException: writing aborted; java.io.NotSerializableException: com.ibatis.sqlmap.engine.mapping.statement.PaginatedDataList
	at java.io.ObjectInputStream.readObject0(ObjectInputStream.java:1303)
	at java.io.ObjectInputStream.defaultReadFields(ObjectInputStream.java:1912)
	at java.io.ObjectInputStream.readSerialData(ObjectInputStream.java:1836)
	at java.io.ObjectInputStream.readOrdinaryObject(ObjectInputStream.java:1713)
	at java.io.ObjectInputStream.readObject0(ObjectInputStream.java:1299)
	at java.io.ObjectInputStream.readObject(ObjectInputStream.java:339)
	at org.apache.catalina.session.StandardSession.readObject(StandardSession.java:1384)
	at org.apache.catalina.session.StandardSession.readObjectData(StandardSession.java:919)
	at org.apache.catalina.session.StandardManager.doLoad(StandardManager.java:393)
	at org.apache.catalina.session.StandardManager.load(StandardManager.java:320)
	at org.apache.catalina.session.StandardManager.start(StandardManager.java:636)
	at org.apache.catalina.core.ContainerBase.setManager(ContainerBase.java:431)
	at org.apache.catalina.startup.ContextConfig.managerConfig(ContextConfig.java:391)
	at org.apache.catalina.startup.ContextConfig.start(ContextConfig.java:1042)
	at org.apache.catalina.startup.ContextConfig.lifecycleEvent(ContextConfig.java:255)
	at org.apache.catalina.util.LifecycleSupport.fireLifecycleEvent(LifecycleSupport.java:119)
	at org.apache.catalina.core.StandardContext.start(StandardContext.java:4076)
	at org.apache.catalina.core.ContainerBase.start(ContainerBase.java:1012)
	at org.apache.catalina.core.StandardHost.start(StandardHost.java:718)
	at org.apache.catalina.core.ContainerBase.start(ContainerBase.java:1012)
	at org.apache.catalina.core.StandardEngine.start(StandardEngine.java:442)
	at org.apache.catalina.core.StandardService.start(StandardService.java:450)
	at org.apache.catalina.core.StandardServer.start(StandardServer.java:680)
	at org.apache.catalina.startup.Catalina.start(Catalina.java:536)
	at sun.reflect.NativeMethodAccessorImpl.invoke0(Native Method)
	at sun.reflect.NativeMethodAccessorImpl.invoke(NativeMethodAccessorImpl.java:39)
	at sun.reflect.DelegatingMethodAccessorImpl.invoke(DelegatingMethodAccessorImpl.java:25)
	at java.lang.reflect.Method.invoke(Method.java:585)
	at org.apache.catalina.startup.Bootstrap.start(Bootstrap.java:275)
	at org.apache.catalina.startup.Bootstrap.main(Bootstrap.java:413)
Caused by: java.io.NotSerializableException: com.ibatis.sqlmap.engine.mapping.statement.PaginatedDataList
	at java.io.ObjectOutputStream.writeObject0(ObjectOutputStream.java:1075)
	at java.io.ObjectOutputStream.defaultWriteFields(ObjectOutputStream.java:1369)
	at java.io.ObjectOutputStream.writeSerialData(ObjectOutputStream.java:1341)
	at java.io.ObjectOutputStream.writeOrdinaryObject(ObjectOutputStream.java:1284)
	at java.io.ObjectOutputStream.writeObject0(ObjectOutputStream.java:1073)
	at java.io.ObjectOutputStream.writeObject(ObjectOutputStream.java:291)
	at org.apache.catalina.session.StandardSession.writeObject(StandardSession.java:1460)
	at org.apache.catalina.session.StandardSession.writeObjectData(StandardSession.java:936)
	at org.apache.catalina.session.StandardManager.doUnload(StandardManager.java:516)
	at org.apache.catalina.session.StandardManager.unload(StandardManager.java:462)
	at org.apache.catalina.session.StandardManager.stop(StandardManager.java:666)
	at org.apache.catalina.core.StandardContext.stop(StandardContext.java:4278)
	at org.apache.catalina.core.ContainerBase.stop(ContainerBase.java:1065)
	at org.apache.catalina.core.ContainerBase.stop(ContainerBase.java:1065)
	at org.apache.catalina.core.StandardEngine.stop(StandardEngine.java:447)
	at org.apache.catalina.core.StandardService.stop(StandardService.java:512)
	at org.apache.catalina.core.StandardServer.stop(StandardServer.java:714)
	at org.apache.catalina.startup.Catalina.stop(Catalina.java:586)
	at org.apache.catalina.startup.Catalina.start(Catalina.java:561)
	... 6 more
24 mai 2007 14:32:50 org.apache.struts.util.PropertyMessageResources <init>
INFO: Initializing, config='org.apache.struts.util.LocalStrings', returnNull=true
24 mai 2007 14:32:50 org.apache.struts.util.PropertyMessageResources <init>
INFO: Initializing, config='org.apache.struts.action.ActionResources', returnNull=true
24 mai 2007 14:32:50 org.apache.struts.util.PropertyMessageResources <init>
INFO: Initializing, config='properties.application', returnNull=true
24 mai 2007 14:32:51 org.apache.coyote.http11.Http11BaseProtocol start
INFO: Démarrage de Coyote HTTP/1.1 sur http-8080
24 mai 2007 14:32:51 org.apache.jk.common.ChannelSocket init
INFO: JK: ajp13 listening on /0.0.0.0:8009
24 mai 2007 14:32:51 org.apache.jk.server.JkMain start
INFO: Jk running ID=0 time=0/32  config=null
24 mai 2007 14:32:51 org.apache.catalina.storeconfig.StoreLoader load
INFO: Find registry server-registry.xml at classpath resource
24 mai 2007 14:32:51 org.apache.catalina.startup.Catalina start
INFO: Server startup in 2250 ms
24 mai 2007 14:33:08 org.apache.struts.util.PropertyMessageResources <init>
INFO: Initializing, config='org.apache.struts.taglib.html.LocalStrings', returnNull=true
24 mai 2007 14:33:08 org.apache.struts.util.PropertyMessageResources <init>
INFO: Initializing, config='org.apache.struts.taglib.html.LocalStrings', returnNull=true
24 mai 2007 14:33:08 org.apache.struts.util.PropertyMessageResources <init>
INFO: Initializing, config='org.apache.struts.util.LocalStrings', returnNull=true
24 mai 2007 14:33:08 org.apache.struts.util.PropertyMessageResources <init>
INFO: Initializing, config='org.apache.struts.taglib.logic.LocalStrings', returnNull=true
24 mai 2007 14:33:08 org.apache.struts.util.PropertyMessageResources <init>
INFO: Initializing, config='org.apache.struts.taglib.logic.LocalStrings', returnNull=true
24 mai 2007 14:33:08 org.apache.struts.util.PropertyMessageResources <init>
INFO: Initializing, config='org.apache.struts.taglib.html.LocalStrings', returnNull=true
24 mai 2007 14:33:09 org.apache.struts.util.PropertyMessageResources <init>
INFO: Initializing, config='org.apache.struts.taglib.bean.LocalStrings', returnNull=true
24 mai 2007 14:34:12 org.apache.coyote.http11.Http11BaseProtocol pause
INFO: Suspension de Coyote HTTP/1.1 sur http-8080
24 mai 2007 14:34:13 org.apache.catalina.core.StandardService stop
INFO: Arrêt du service Catalina
24 mai 2007 14:34:13 org.apache.coyote.http11.Http11BaseProtocol destroy
INFO: Arrêt de Coyote HTTP/1.1 sur http-8080
24 mai 2007 14:34:13 org.apache.catalina.core.AprLifecycleListener lifecycleEvent
INFO: Failed shutdown of Apache Portable Runtime
24 mai 2007 14:37:27 org.apache.catalina.core.AprLifecycleListener lifecycleEvent
INFO: The Apache Portable Runtime which allows optimal performance in production environments was not found on the java.library.path: C:\Documents and Settings\ohanoun\Bureau\training-material\jdk1.5.0_04\bin;.;C:\WINDOWS\system32;C:\WINDOWS;C:\Program Files\Java\jdk1.6.0_01\bin;C:\WINDOWS\system32;C:\WINDOWS;C:\WINDOWS\System32\Wbem;C:\Program Files\Microsoft SQL Server\80\Tools\Binn\;C:\Program Files\Fichiers communs\Adobe\AGL;C:\Program Files\QuickTime\QTSystem\
24 mai 2007 14:37:27 org.apache.coyote.http11.Http11BaseProtocol init
INFO: Initialisation de Coyote HTTP/1.1 sur http-8080
24 mai 2007 14:37:27 org.apache.catalina.startup.Catalina load
INFO: Initialization processed in 704 ms
24 mai 2007 14:37:27 org.apache.catalina.core.StandardService start
INFO: Démarrage du service Catalina
24 mai 2007 14:37:27 org.apache.catalina.core.StandardEngine start
INFO: Starting Servlet Engine: Apache Tomcat/5.5.12
24 mai 2007 14:37:27 org.apache.catalina.core.StandardHost start
INFO: XML validation disabled
24 mai 2007 14:37:28 org.apache.catalina.session.StandardManager doLoad
GRAVE: "IOException" lors du chargement des sessions persistantes: java.io.WriteAbortedException: writing aborted; java.io.NotSerializableException: com.ibatis.sqlmap.engine.mapping.statement.PaginatedDataList
java.io.WriteAbortedException: writing aborted; java.io.NotSerializableException: com.ibatis.sqlmap.engine.mapping.statement.PaginatedDataList
	at java.io.ObjectInputStream.readObject0(ObjectInputStream.java:1303)
	at java.io.ObjectInputStream.defaultReadFields(ObjectInputStream.java:1912)
	at java.io.ObjectInputStream.readSerialData(ObjectInputStream.java:1836)
	at java.io.ObjectInputStream.readOrdinaryObject(ObjectInputStream.java:1713)
	at java.io.ObjectInputStream.readObject0(ObjectInputStream.java:1299)
	at java.io.ObjectInputStream.readObject(ObjectInputStream.java:339)
	at org.apache.catalina.session.StandardSession.readObject(StandardSession.java:1384)
	at org.apache.catalina.session.StandardSession.readObjectData(StandardSession.java:919)
	at org.apache.catalina.session.StandardManager.doLoad(StandardManager.java:393)
	at org.apache.catalina.session.StandardManager.load(StandardManager.java:320)
	at org.apache.catalina.session.StandardManager.start(StandardManager.java:636)
	at org.apache.catalina.core.ContainerBase.setManager(ContainerBase.java:431)
	at org.apache.catalina.startup.ContextConfig.managerConfig(ContextConfig.java:391)
	at org.apache.catalina.startup.ContextConfig.start(ContextConfig.java:1042)
	at org.apache.catalina.startup.ContextConfig.lifecycleEvent(ContextConfig.java:255)
	at org.apache.catalina.util.LifecycleSupport.fireLifecycleEvent(LifecycleSupport.java:119)
	at org.apache.catalina.core.StandardContext.start(StandardContext.java:4076)
	at org.apache.catalina.core.ContainerBase.start(ContainerBase.java:1012)
	at org.apache.catalina.core.StandardHost.start(StandardHost.java:718)
	at org.apache.catalina.core.ContainerBase.start(ContainerBase.java:1012)
	at org.apache.catalina.core.StandardEngine.start(StandardEngine.java:442)
	at org.apache.catalina.core.StandardService.start(StandardService.java:450)
	at org.apache.catalina.core.StandardServer.start(StandardServer.java:680)
	at org.apache.catalina.startup.Catalina.start(Catalina.java:536)
	at sun.reflect.NativeMethodAccessorImpl.invoke0(Native Method)
	at sun.reflect.NativeMethodAccessorImpl.invoke(NativeMethodAccessorImpl.java:39)
	at sun.reflect.DelegatingMethodAccessorImpl.invoke(DelegatingMethodAccessorImpl.java:25)
	at java.lang.reflect.Method.invoke(Method.java:585)
	at org.apache.catalina.startup.Bootstrap.start(Bootstrap.java:275)
	at org.apache.catalina.startup.Bootstrap.main(Bootstrap.java:413)
Caused by: java.io.NotSerializableException: com.ibatis.sqlmap.engine.mapping.statement.PaginatedDataList
	at java.io.ObjectOutputStream.writeObject0(ObjectOutputStream.java:1075)
	at java.io.ObjectOutputStream.defaultWriteFields(ObjectOutputStream.java:1369)
	at java.io.ObjectOutputStream.writeSerialData(ObjectOutputStream.java:1341)
	at java.io.ObjectOutputStream.writeOrdinaryObject(ObjectOutputStream.java:1284)
	at java.io.ObjectOutputStream.writeObject0(ObjectOutputStream.java:1073)
	at java.io.ObjectOutputStream.writeObject(ObjectOutputStream.java:291)
	at org.apache.catalina.session.StandardSession.writeObject(StandardSession.java:1460)
	at org.apache.catalina.session.StandardSession.writeObjectData(StandardSession.java:936)
	at org.apache.catalina.session.StandardManager.doUnload(StandardManager.java:516)
	at org.apache.catalina.session.StandardManager.unload(StandardManager.java:462)
	at org.apache.catalina.session.StandardManager.stop(StandardManager.java:666)
	at org.apache.catalina.core.StandardContext.stop(StandardContext.java:4278)
	at org.apache.catalina.core.ContainerBase.stop(ContainerBase.java:1065)
	at org.apache.catalina.core.ContainerBase.stop(ContainerBase.java:1065)
	at org.apache.catalina.core.StandardEngine.stop(StandardEngine.java:447)
	at org.apache.catalina.core.StandardService.stop(StandardService.java:512)
	at org.apache.catalina.core.StandardServer.stop(StandardServer.java:714)
	at org.apache.catalina.startup.Catalina.stop(Catalina.java:586)
	at org.apache.catalina.startup.Catalina.start(Catalina.java:561)
	... 6 more
24 mai 2007 14:37:28 org.apache.catalina.session.StandardManager start
GRAVE: Exception au chargement des sessions depuis le stockage persistant (persistent storage)
java.io.WriteAbortedException: writing aborted; java.io.NotSerializableException: com.ibatis.sqlmap.engine.mapping.statement.PaginatedDataList
	at java.io.ObjectInputStream.readObject0(ObjectInputStream.java:1303)
	at java.io.ObjectInputStream.defaultReadFields(ObjectInputStream.java:1912)
	at java.io.ObjectInputStream.readSerialData(ObjectInputStream.java:1836)
	at java.io.ObjectInputStream.readOrdinaryObject(ObjectInputStream.java:1713)
	at java.io.ObjectInputStream.readObject0(ObjectInputStream.java:1299)
	at java.io.ObjectInputStream.readObject(ObjectInputStream.java:339)
	at org.apache.catalina.session.StandardSession.readObject(StandardSession.java:1384)
	at org.apache.catalina.session.StandardSession.readObjectData(StandardSession.java:919)
	at org.apache.catalina.session.StandardManager.doLoad(StandardManager.java:393)
	at org.apache.catalina.session.StandardManager.load(StandardManager.java:320)
	at org.apache.catalina.session.StandardManager.start(StandardManager.java:636)
	at org.apache.catalina.core.ContainerBase.setManager(ContainerBase.java:431)
	at org.apache.catalina.startup.ContextConfig.managerConfig(ContextConfig.java:391)
	at org.apache.catalina.startup.ContextConfig.start(ContextConfig.java:1042)
	at org.apache.catalina.startup.ContextConfig.lifecycleEvent(ContextConfig.java:255)
	at org.apache.catalina.util.LifecycleSupport.fireLifecycleEvent(LifecycleSupport.java:119)
	at org.apache.catalina.core.StandardContext.start(StandardContext.java:4076)
	at org.apache.catalina.core.ContainerBase.start(ContainerBase.java:1012)
	at org.apache.catalina.core.StandardHost.start(StandardHost.java:718)
	at org.apache.catalina.core.ContainerBase.start(ContainerBase.java:1012)
	at org.apache.catalina.core.StandardEngine.start(StandardEngine.java:442)
	at org.apache.catalina.core.StandardService.start(StandardService.java:450)
	at org.apache.catalina.core.StandardServer.start(StandardServer.java:680)
	at org.apache.catalina.startup.Catalina.start(Catalina.java:536)
	at sun.reflect.NativeMethodAccessorImpl.invoke0(Native Method)
	at sun.reflect.NativeMethodAccessorImpl.invoke(NativeMethodAccessorImpl.java:39)
	at sun.reflect.DelegatingMethodAccessorImpl.invoke(DelegatingMethodAccessorImpl.java:25)
	at java.lang.reflect.Method.invoke(Method.java:585)
	at org.apache.catalina.startup.Bootstrap.start(Bootstrap.java:275)
	at org.apache.catalina.startup.Bootstrap.main(Bootstrap.java:413)
Caused by: java.io.NotSerializableException: com.ibatis.sqlmap.engine.mapping.statement.PaginatedDataList
	at java.io.ObjectOutputStream.writeObject0(ObjectOutputStream.java:1075)
	at java.io.ObjectOutputStream.defaultWriteFields(ObjectOutputStream.java:1369)
	at java.io.ObjectOutputStream.writeSerialData(ObjectOutputStream.java:1341)
	at java.io.ObjectOutputStream.writeOrdinaryObject(ObjectOutputStream.java:1284)
	at java.io.ObjectOutputStream.writeObject0(ObjectOutputStream.java:1073)
	at java.io.ObjectOutputStream.writeObject(ObjectOutputStream.java:291)
	at org.apache.catalina.session.StandardSession.writeObject(StandardSession.java:1460)
	at org.apache.catalina.session.StandardSession.writeObjectData(StandardSession.java:936)
	at org.apache.catalina.session.StandardManager.doUnload(StandardManager.java:516)
	at org.apache.catalina.session.StandardManager.unload(StandardManager.java:462)
	at org.apache.catalina.session.StandardManager.stop(StandardManager.java:666)
	at org.apache.catalina.core.StandardContext.stop(StandardContext.java:4278)
	at org.apache.catalina.core.ContainerBase.stop(ContainerBase.java:1065)
	at org.apache.catalina.core.ContainerBase.stop(ContainerBase.java:1065)
	at org.apache.catalina.core.StandardEngine.stop(StandardEngine.java:447)
	at org.apache.catalina.core.StandardService.stop(StandardService.java:512)
	at org.apache.catalina.core.StandardServer.stop(StandardServer.java:714)
	at org.apache.catalina.startup.Catalina.stop(Catalina.java:586)
	at org.apache.catalina.startup.Catalina.start(Catalina.java:561)
	... 6 more
24 mai 2007 14:37:28 org.apache.struts.util.PropertyMessageResources <init>
INFO: Initializing, config='org.apache.struts.util.LocalStrings', returnNull=true
24 mai 2007 14:37:28 org.apache.struts.util.PropertyMessageResources <init>
INFO: Initializing, config='org.apache.struts.action.ActionResources', returnNull=true
24 mai 2007 14:37:28 org.apache.struts.util.PropertyMessageResources <init>
INFO: Initializing, config='properties.application', returnNull=true
24 mai 2007 14:37:29 org.apache.coyote.http11.Http11BaseProtocol start
INFO: Démarrage de Coyote HTTP/1.1 sur http-8080
24 mai 2007 14:37:29 org.apache.jk.common.ChannelSocket init
INFO: JK: ajp13 listening on /0.0.0.0:8009
24 mai 2007 14:37:29 org.apache.jk.server.JkMain start
INFO: Jk running ID=0 time=0/31  config=null
24 mai 2007 14:37:29 org.apache.catalina.storeconfig.StoreLoader load
INFO: Find registry server-registry.xml at classpath resource
24 mai 2007 14:37:29 org.apache.catalina.startup.Catalina start
INFO: Server startup in 2187 ms
24 mai 2007 14:37:40 org.apache.struts.util.PropertyMessageResources <init>
INFO: Initializing, config='org.apache.struts.taglib.html.LocalStrings', returnNull=true
24 mai 2007 14:37:40 org.apache.struts.util.PropertyMessageResources <init>
INFO: Initializing, config='org.apache.struts.taglib.html.LocalStrings', returnNull=true
24 mai 2007 14:37:40 org.apache.struts.util.PropertyMessageResources <init>
INFO: Initializing, config='org.apache.struts.util.LocalStrings', returnNull=true
24 mai 2007 14:37:40 org.apache.struts.util.PropertyMessageResources <init>
INFO: Initializing, config='org.apache.struts.taglib.logic.LocalStrings', returnNull=true
24 mai 2007 14:37:40 org.apache.struts.util.PropertyMessageResources <init>
INFO: Initializing, config='org.apache.struts.taglib.logic.LocalStrings', returnNull=true
24 mai 2007 14:37:40 org.apache.struts.util.PropertyMessageResources <init>
INFO: Initializing, config='org.apache.struts.taglib.html.LocalStrings', returnNull=true
24 mai 2007 14:37:40 org.apache.struts.util.PropertyMessageResources <init>
INFO: Initializing, config='org.apache.struts.taglib.bean.LocalStrings', returnNull=true
24 mai 2007 14:37:49 org.apache.struts.util.PropertyMessageResources <init>
INFO: Initializing, config='org.apache.struts.taglib.bean.LocalStrings', returnNull=true
24 mai 2007 14:37:49 org.apache.struts.util.PropertyMessageResources <init>
INFO: Initializing, config='org.apache.struts.taglib.logic.LocalStrings', returnNull=true
24 mai 2007 14:38:30 org.apache.struts.util.PropertyMessageResources <init>
INFO: Initializing, config='org.apache.struts.taglib.html.LocalStrings', returnNull=true
24 mai 2007 14:38:30 org.apache.struts.util.PropertyMessageResources <init>
INFO: Initializing, config='org.apache.struts.taglib.html.LocalStrings', returnNull=true
24 mai 2007 14:38:30 org.apache.struts.util.PropertyMessageResources <init>
INFO: Initializing, config='org.apache.struts.taglib.html.LocalStrings', returnNull=true
24 mai 2007 14:38:30 org.apache.struts.util.PropertyMessageResources <init>
INFO: Initializing, config='org.apache.struts.taglib.html.LocalStrings', returnNull=true
24 mai 2007 14:39:46 org.apache.coyote.http11.Http11BaseProtocol pause
INFO: Suspension de Coyote HTTP/1.1 sur http-8080
24 mai 2007 14:39:47 org.apache.catalina.core.StandardService stop
INFO: Arrêt du service Catalina
24 mai 2007 14:39:47 org.apache.coyote.http11.Http11BaseProtocol destroy
INFO: Arrêt de Coyote HTTP/1.1 sur http-8080
24 mai 2007 14:39:47 org.apache.catalina.core.AprLifecycleListener lifecycleEvent
INFO: Failed shutdown of Apache Portable Runtime
