Jun 30, 2011 5:28:01 PM org.apache.catalina.startup.Embedded initDirs
SEVERE: Cannot find specified temporary folder at C:\SampleApps\Petstore\apache-tomcat-5.5.12\temp
Jun 30, 2011 5:28:02 PM org.apache.catalina.core.AprLifecycleListener lifecycleEvent
INFO: The Apache Portable Runtime which allows optimal performance in production environments was not found on the java.library.path: C:\SampleApps\Petstore\jdk1.5.0_04\bin;.;C:\Windows\system32;C:\Windows;C:\Program Files\Common Files\Microsoft Shared\Windows Live;C:\Windows\system32;C:\Windows;C:\Windows\System32\Wbem;C:\Windows\System32\WindowsPowerShell\v1.0\;C:\Program Files\Intel\DMIX;C:\Program Files\NTRU Cryptosystems\NTRU TCG Software Stack\bin\;C:\Program Files\Wave Systems Corp\Gemalto\Access Client\v5\;C:\Program Files\Dell\DW WLAN Card;C:\Program Files\Windows Live\Shared;c:\Program Files\Microsoft SQL Server\100\Tools\Binn\;c:\Program Files\Microsoft SQL Server\100\DTS\Binn\;c:\Program Files\Microsoft SQL Server\100\Tools\Binn\VSShell\Common7\IDE\;C:\Program Files\RadView\WebLOAD\bin;C:\Program Files\RadView\WebLOAD\bin\jre\bin;C:\Program Files\QuickTime\QTSystem\;7
Jun 30, 2011 5:28:02 PM org.apache.coyote.http11.Http11BaseProtocol init
INFO: Initializing Coyote HTTP/1.1 on http-8080
Jun 30, 2011 5:28:02 PM org.apache.catalina.startup.Catalina load
INFO: Initialization processed in 783 ms
Jun 30, 2011 5:28:02 PM org.apache.catalina.core.StandardService start
INFO: Starting service Catalina
Jun 30, 2011 5:28:02 PM org.apache.catalina.core.StandardEngine start
INFO: Starting Servlet Engine: Apache Tomcat/5.5.12
Jun 30, 2011 5:28:02 PM org.apache.catalina.core.StandardHost start
INFO: XML validation disabled
Jun 30, 2011 5:28:03 PM org.apache.struts.util.PropertyMessageResources <init>
INFO: Initializing, config='org.apache.struts.util.LocalStrings', returnNull=true
Jun 30, 2011 5:28:03 PM org.apache.struts.util.PropertyMessageResources <init>
INFO: Initializing, config='org.apache.struts.action.ActionResources', returnNull=true
Jun 30, 2011 5:28:04 PM org.apache.struts.util.PropertyMessageResources <init>
INFO: Initializing, config='properties.application', returnNull=true
Jun 30, 2011 5:28:06 PM org.apache.coyote.http11.Http11BaseProtocol start
INFO: Starting Coyote HTTP/1.1 on http-8080
Jun 30, 2011 5:28:06 PM org.apache.jk.common.ChannelSocket init
INFO: Port busy 8009 java.net.SocketException: Unrecognized Windows Sockets error: 0: JVM_Bind
Jun 30, 2011 5:28:06 PM org.apache.jk.common.ChannelSocket init
INFO: JK: ajp13 listening on /0.0.0.0:8010
Jun 30, 2011 5:28:06 PM org.apache.jk.server.JkMain start
INFO: Jk running ID=1 time=0/29  config=null
Jun 30, 2011 5:28:06 PM org.apache.catalina.storeconfig.StoreLoader load
INFO: Find registry server-registry.xml at classpath resource
Jun 30, 2011 5:28:06 PM org.apache.catalina.startup.Catalina start
INFO: Server startup in 3581 ms
Jun 30, 2011 5:28:06 PM org.apache.catalina.core.StandardServer await
SEVERE: StandardServer.await: create[8005]: 
java.net.BindException: Address already in use: JVM_Bind
	at java.net.PlainSocketImpl.socketBind(Native Method)
	at java.net.PlainSocketImpl.bind(PlainSocketImpl.java:359)
	at java.net.ServerSocket.bind(ServerSocket.java:319)
	at java.net.ServerSocket.<init>(ServerSocket.java:185)
	at org.apache.catalina.core.StandardServer.await(StandardServer.java:343)
	at org.apache.catalina.startup.Catalina.await(Catalina.java:600)
	at org.apache.catalina.startup.Catalina.start(Catalina.java:560)
	at sun.reflect.NativeMethodAccessorImpl.invoke0(Native Method)
	at sun.reflect.NativeMethodAccessorImpl.invoke(NativeMethodAccessorImpl.java:39)
	at sun.reflect.DelegatingMethodAccessorImpl.invoke(DelegatingMethodAccessorImpl.java:25)
	at java.lang.reflect.Method.invoke(Method.java:585)
	at org.apache.catalina.startup.Bootstrap.start(Bootstrap.java:275)
	at org.apache.catalina.startup.Bootstrap.main(Bootstrap.java:413)
Jun 30, 2011 5:36:22 PM org.apache.catalina.startup.Embedded initDirs
SEVERE: Cannot find specified temporary folder at C:\SampleApps\Petstore\apache-tomcat-5.5.12\temp
Jun 30, 2011 5:36:22 PM org.apache.catalina.core.AprLifecycleListener lifecycleEvent
INFO: The Apache Portable Runtime which allows optimal performance in production environments was not found on the java.library.path: C:\SampleApps\Petstore\jdk1.5.0_04\bin;.;C:\Windows\system32;C:\Windows;C:\Program Files\Common Files\Microsoft Shared\Windows Live;C:\Windows\system32;C:\Windows;C:\Windows\System32\Wbem;C:\Windows\System32\WindowsPowerShell\v1.0\;C:\Program Files\Intel\DMIX;C:\Program Files\NTRU Cryptosystems\NTRU TCG Software Stack\bin\;C:\Program Files\Wave Systems Corp\Gemalto\Access Client\v5\;C:\Program Files\Dell\DW WLAN Card;C:\Program Files\Windows Live\Shared;c:\Program Files\Microsoft SQL Server\100\Tools\Binn\;c:\Program Files\Microsoft SQL Server\100\DTS\Binn\;c:\Program Files\Microsoft SQL Server\100\Tools\Binn\VSShell\Common7\IDE\;C:\Program Files\RadView\WebLOAD\bin;C:\Program Files\RadView\WebLOAD\bin\jre\bin;C:\Program Files\QuickTime\QTSystem\;7
Jun 30, 2011 5:36:22 PM org.apache.coyote.http11.Http11BaseProtocol init
INFO: Initializing Coyote HTTP/1.1 on http-8080
Jun 30, 2011 5:36:22 PM org.apache.catalina.startup.Catalina load
INFO: Initialization processed in 496 ms
Jun 30, 2011 5:36:22 PM org.apache.catalina.core.StandardService start
INFO: Starting service Catalina
Jun 30, 2011 5:36:22 PM org.apache.catalina.core.StandardEngine start
INFO: Starting Servlet Engine: Apache Tomcat/5.5.12
Jun 30, 2011 5:36:22 PM org.apache.catalina.core.StandardHost start
INFO: XML validation disabled
Jun 30, 2011 5:36:23 PM org.apache.struts.util.PropertyMessageResources <init>
INFO: Initializing, config='org.apache.struts.util.LocalStrings', returnNull=true
Jun 30, 2011 5:36:23 PM org.apache.struts.util.PropertyMessageResources <init>
INFO: Initializing, config='org.apache.struts.action.ActionResources', returnNull=true
Jun 30, 2011 5:36:23 PM org.apache.struts.util.PropertyMessageResources <init>
INFO: Initializing, config='properties.application', returnNull=true
Jun 30, 2011 5:36:24 PM org.apache.coyote.http11.Http11BaseProtocol start
INFO: Starting Coyote HTTP/1.1 on http-8080
Jun 30, 2011 5:36:24 PM org.apache.jk.common.ChannelSocket init
INFO: Port busy 8009 java.net.SocketException: Unrecognized Windows Sockets error: 0: JVM_Bind
Jun 30, 2011 5:36:24 PM org.apache.jk.common.ChannelSocket init
INFO: JK: ajp13 listening on /0.0.0.0:8010
Jun 30, 2011 5:36:24 PM org.apache.jk.server.JkMain start
INFO: Jk running ID=1 time=0/20  config=null
Jun 30, 2011 5:36:24 PM org.apache.catalina.storeconfig.StoreLoader load
INFO: Find registry server-registry.xml at classpath resource
Jun 30, 2011 5:36:24 PM org.apache.catalina.startup.Catalina start
INFO: Server startup in 2057 ms
Jun 30, 2011 5:36:24 PM org.apache.catalina.core.StandardServer await
SEVERE: StandardServer.await: create[8005]: 
java.net.BindException: Address already in use: JVM_Bind
	at java.net.PlainSocketImpl.socketBind(Native Method)
	at java.net.PlainSocketImpl.bind(PlainSocketImpl.java:359)
	at java.net.ServerSocket.bind(ServerSocket.java:319)
	at java.net.ServerSocket.<init>(ServerSocket.java:185)
	at org.apache.catalina.core.StandardServer.await(StandardServer.java:343)
	at org.apache.catalina.startup.Catalina.await(Catalina.java:600)
	at org.apache.catalina.startup.Catalina.start(Catalina.java:560)
	at sun.reflect.NativeMethodAccessorImpl.invoke0(Native Method)
	at sun.reflect.NativeMethodAccessorImpl.invoke(NativeMethodAccessorImpl.java:39)
	at sun.reflect.DelegatingMethodAccessorImpl.invoke(DelegatingMethodAccessorImpl.java:25)
	at java.lang.reflect.Method.invoke(Method.java:585)
	at org.apache.catalina.startup.Bootstrap.start(Bootstrap.java:275)
	at org.apache.catalina.startup.Bootstrap.main(Bootstrap.java:413)
Jun 30, 2011 5:38:31 PM org.apache.catalina.startup.Embedded initDirs
SEVERE: Cannot find specified temporary folder at C:\SampleApps\Petstore\apache-tomcat-5.5.12\temp
Jun 30, 2011 5:38:32 PM org.apache.catalina.core.AprLifecycleListener lifecycleEvent
INFO: The Apache Portable Runtime which allows optimal performance in production environments was not found on the java.library.path: C:\SampleApps\Petstore\jdk1.5.0_04\bin;.;C:\Windows\system32;C:\Windows;C:\Program Files\Common Files\Microsoft Shared\Windows Live;C:\Windows\system32;C:\Windows;C:\Windows\System32\Wbem;C:\Windows\System32\WindowsPowerShell\v1.0\;C:\Program Files\Intel\DMIX;C:\Program Files\NTRU Cryptosystems\NTRU TCG Software Stack\bin\;C:\Program Files\Wave Systems Corp\Gemalto\Access Client\v5\;C:\Program Files\Dell\DW WLAN Card;C:\Program Files\Windows Live\Shared;c:\Program Files\Microsoft SQL Server\100\Tools\Binn\;c:\Program Files\Microsoft SQL Server\100\DTS\Binn\;c:\Program Files\Microsoft SQL Server\100\Tools\Binn\VSShell\Common7\IDE\;C:\Program Files\RadView\WebLOAD\bin;C:\Program Files\RadView\WebLOAD\bin\jre\bin;C:\Program Files\QuickTime\QTSystem\;7
Jun 30, 2011 5:38:32 PM org.apache.coyote.http11.Http11BaseProtocol init
INFO: Initializing Coyote HTTP/1.1 on http-8080
Jun 30, 2011 5:38:32 PM org.apache.catalina.startup.Catalina load
INFO: Initialization processed in 492 ms
Jun 30, 2011 5:38:32 PM org.apache.catalina.core.StandardService start
INFO: Starting service Catalina
Jun 30, 2011 5:38:32 PM org.apache.catalina.core.StandardEngine start
INFO: Starting Servlet Engine: Apache Tomcat/5.5.12
Jun 30, 2011 5:38:32 PM org.apache.catalina.core.StandardHost start
INFO: XML validation disabled
Jun 30, 2011 5:38:32 PM org.apache.struts.util.PropertyMessageResources <init>
INFO: Initializing, config='org.apache.struts.util.LocalStrings', returnNull=true
Jun 30, 2011 5:38:32 PM org.apache.struts.util.PropertyMessageResources <init>
INFO: Initializing, config='org.apache.struts.action.ActionResources', returnNull=true
Jun 30, 2011 5:38:33 PM org.apache.struts.util.PropertyMessageResources <init>
INFO: Initializing, config='properties.application', returnNull=true
Jun 30, 2011 5:38:34 PM org.apache.coyote.http11.Http11BaseProtocol start
INFO: Starting Coyote HTTP/1.1 on http-8080
Jun 30, 2011 5:38:34 PM org.apache.jk.common.ChannelSocket init
INFO: Port busy 8009 java.net.SocketException: Unrecognized Windows Sockets error: 0: JVM_Bind
Jun 30, 2011 5:38:34 PM org.apache.jk.common.ChannelSocket init
INFO: JK: ajp13 listening on /0.0.0.0:8010
Jun 30, 2011 5:38:34 PM org.apache.jk.server.JkMain start
INFO: Jk running ID=1 time=0/20  config=null
Jun 30, 2011 5:38:34 PM org.apache.catalina.storeconfig.StoreLoader load
INFO: Find registry server-registry.xml at classpath resource
Jun 30, 2011 5:38:34 PM org.apache.catalina.startup.Catalina start
INFO: Server startup in 2056 ms
Jun 30, 2011 5:38:34 PM org.apache.catalina.core.StandardServer await
SEVERE: StandardServer.await: create[8005]: 
java.net.BindException: Address already in use: JVM_Bind
	at java.net.PlainSocketImpl.socketBind(Native Method)
	at java.net.PlainSocketImpl.bind(PlainSocketImpl.java:359)
	at java.net.ServerSocket.bind(ServerSocket.java:319)
	at java.net.ServerSocket.<init>(ServerSocket.java:185)
	at org.apache.catalina.core.StandardServer.await(StandardServer.java:343)
	at org.apache.catalina.startup.Catalina.await(Catalina.java:600)
	at org.apache.catalina.startup.Catalina.start(Catalina.java:560)
	at sun.reflect.NativeMethodAccessorImpl.invoke0(Native Method)
	at sun.reflect.NativeMethodAccessorImpl.invoke(NativeMethodAccessorImpl.java:39)
	at sun.reflect.DelegatingMethodAccessorImpl.invoke(DelegatingMethodAccessorImpl.java:25)
	at java.lang.reflect.Method.invoke(Method.java:585)
	at org.apache.catalina.startup.Bootstrap.start(Bootstrap.java:275)
	at org.apache.catalina.startup.Bootstrap.main(Bootstrap.java:413)
Jun 30, 2011 5:40:35 PM org.apache.catalina.startup.Embedded initDirs
SEVERE: Cannot find specified temporary folder at C:\SampleApps\Petstore\apache-tomcat-5.5.12\temp
Jun 30, 2011 5:40:36 PM org.apache.catalina.core.AprLifecycleListener lifecycleEvent
INFO: The Apache Portable Runtime which allows optimal performance in production environments was not found on the java.library.path: C:\SampleApps\Petstore\jdk1.5.0_04\bin;.;C:\Windows\system32;C:\Windows;C:\Program Files\Common Files\Microsoft Shared\Windows Live;C:\Windows\system32;C:\Windows;C:\Windows\System32\Wbem;C:\Windows\System32\WindowsPowerShell\v1.0\;C:\Program Files\Intel\DMIX;C:\Program Files\NTRU Cryptosystems\NTRU TCG Software Stack\bin\;C:\Program Files\Wave Systems Corp\Gemalto\Access Client\v5\;C:\Program Files\Dell\DW WLAN Card;C:\Program Files\Windows Live\Shared;c:\Program Files\Microsoft SQL Server\100\Tools\Binn\;c:\Program Files\Microsoft SQL Server\100\DTS\Binn\;c:\Program Files\Microsoft SQL Server\100\Tools\Binn\VSShell\Common7\IDE\;C:\Program Files\RadView\WebLOAD\bin;C:\Program Files\RadView\WebLOAD\bin\jre\bin;C:\Program Files\QuickTime\QTSystem\;7
Jun 30, 2011 5:40:36 PM org.apache.coyote.http11.Http11BaseProtocol init
INFO: Initializing Coyote HTTP/1.1 on http-8080
Jun 30, 2011 5:40:36 PM org.apache.catalina.startup.Catalina load
INFO: Initialization processed in 591 ms
Jun 30, 2011 5:40:36 PM org.apache.catalina.core.StandardService start
INFO: Starting service Catalina
Jun 30, 2011 5:40:36 PM org.apache.catalina.core.StandardEngine start
INFO: Starting Servlet Engine: Apache Tomcat/5.5.12
Jun 30, 2011 5:40:36 PM org.apache.catalina.core.StandardHost start
INFO: XML validation disabled
Jun 30, 2011 5:40:36 PM org.apache.struts.util.PropertyMessageResources <init>
INFO: Initializing, config='org.apache.struts.util.LocalStrings', returnNull=true
Jun 30, 2011 5:40:36 PM org.apache.struts.util.PropertyMessageResources <init>
INFO: Initializing, config='org.apache.struts.action.ActionResources', returnNull=true
Jun 30, 2011 5:40:36 PM org.apache.struts.util.PropertyMessageResources <init>
INFO: Initializing, config='properties.application', returnNull=true
Jun 30, 2011 5:40:37 PM org.apache.coyote.http11.Http11BaseProtocol start
INFO: Starting Coyote HTTP/1.1 on http-8080
Jun 30, 2011 5:40:38 PM org.apache.jk.common.ChannelSocket init
INFO: Port busy 8009 java.net.SocketException: Unrecognized Windows Sockets error: 0: JVM_Bind
Jun 30, 2011 5:40:38 PM org.apache.jk.common.ChannelSocket init
INFO: JK: ajp13 listening on /0.0.0.0:8010
Jun 30, 2011 5:40:38 PM org.apache.jk.server.JkMain start
INFO: Jk running ID=1 time=0/21  config=null
Jun 30, 2011 5:40:38 PM org.apache.catalina.storeconfig.StoreLoader load
INFO: Find registry server-registry.xml at classpath resource
Jun 30, 2011 5:40:38 PM org.apache.catalina.startup.Catalina start
INFO: Server startup in 1994 ms
Jun 30, 2011 5:40:38 PM org.apache.catalina.core.StandardServer await
SEVERE: StandardServer.await: create[8005]: 
java.net.BindException: Address already in use: JVM_Bind
	at java.net.PlainSocketImpl.socketBind(Native Method)
	at java.net.PlainSocketImpl.bind(PlainSocketImpl.java:359)
	at java.net.ServerSocket.bind(ServerSocket.java:319)
	at java.net.ServerSocket.<init>(ServerSocket.java:185)
	at org.apache.catalina.core.StandardServer.await(StandardServer.java:343)
	at org.apache.catalina.startup.Catalina.await(Catalina.java:600)
	at org.apache.catalina.startup.Catalina.start(Catalina.java:560)
	at sun.reflect.NativeMethodAccessorImpl.invoke0(Native Method)
	at sun.reflect.NativeMethodAccessorImpl.invoke(NativeMethodAccessorImpl.java:39)
	at sun.reflect.DelegatingMethodAccessorImpl.invoke(DelegatingMethodAccessorImpl.java:25)
	at java.lang.reflect.Method.invoke(Method.java:585)
	at org.apache.catalina.startup.Bootstrap.start(Bootstrap.java:275)
	at org.apache.catalina.startup.Bootstrap.main(Bootstrap.java:413)
