9 mars 2009 15:13:24 org.apache.catalina.startup.Embedded initDirs
GRAVE: Cannot find specified temporary folder at C:\Documents and Settings\ohanoun\Bureau\jpetstore_no_auth_tomcat\apache-tomcat-5.5.12\temp
9 mars 2009 15:13:26 org.apache.catalina.core.AprLifecycleListener lifecycleEvent
INFO: The Apache Portable Runtime which allows optimal performance in production environments was not found on the java.library.path: C:\Documents and Settings\ohanoun\Bureau\jpetstore_no_auth_tomcat\jdk1.5.0_04\bin;.;C:\WINDOWS\system32;C:\WINDOWS;C:\Program Files\Nokia\PC Connectivity Solution\;C:\WINDOWS\system32;C:\WINDOWS;C:\WINDOWS\System32\Wbem;C:\Program Files\QuickTime\QTSystem\
9 mars 2009 15:13:26 org.apache.coyote.http11.Http11BaseProtocol init
INFO: Initialisation de Coyote HTTP/1.1 sur http-8080
9 mars 2009 15:13:26 org.apache.catalina.startup.Catalina load
INFO: Initialization processed in 1235 ms
9 mars 2009 15:13:26 org.apache.catalina.core.StandardService start
INFO: Démarrage du service Catalina
9 mars 2009 15:13:26 org.apache.catalina.core.StandardEngine start
INFO: Starting Servlet Engine: Apache Tomcat/5.5.12
9 mars 2009 15:13:26 org.apache.catalina.core.StandardHost start
INFO: XML validation disabled
9 mars 2009 15:13:27 org.apache.struts.util.PropertyMessageResources <init>
INFO: Initializing, config='org.apache.struts.util.LocalStrings', returnNull=true
9 mars 2009 15:13:27 org.apache.struts.util.PropertyMessageResources <init>
INFO: Initializing, config='org.apache.struts.action.ActionResources', returnNull=true
9 mars 2009 15:13:27 org.apache.struts.util.PropertyMessageResources <init>
INFO: Initializing, config='properties.application', returnNull=true
9 mars 2009 15:13:29 org.apache.coyote.http11.Http11BaseProtocol start
INFO: Démarrage de Coyote HTTP/1.1 sur http-8080
9 mars 2009 15:13:29 org.apache.jk.common.ChannelSocket init
INFO: JK: ajp13 listening on /0.0.0.0:8009
9 mars 2009 15:13:29 org.apache.jk.server.JkMain start
INFO: Jk running ID=0 time=0/16  config=null
9 mars 2009 15:13:29 org.apache.catalina.storeconfig.StoreLoader load
INFO: Find registry server-registry.xml at classpath resource
9 mars 2009 15:13:29 org.apache.catalina.startup.Catalina start
INFO: Server startup in 3343 ms
9 mars 2009 15:14:31 org.apache.struts.util.PropertyMessageResources <init>
INFO: Initializing, config='org.apache.struts.taglib.html.LocalStrings', returnNull=true
9 mars 2009 15:14:31 org.apache.struts.util.PropertyMessageResources <init>
INFO: Initializing, config='org.apache.struts.taglib.html.LocalStrings', returnNull=true
9 mars 2009 15:14:31 org.apache.struts.util.PropertyMessageResources <init>
INFO: Initializing, config='org.apache.struts.util.LocalStrings', returnNull=true
9 mars 2009 15:14:31 org.apache.struts.util.PropertyMessageResources <init>
INFO: Initializing, config='org.apache.struts.taglib.logic.LocalStrings', returnNull=true
9 mars 2009 15:14:31 org.apache.struts.util.PropertyMessageResources <init>
INFO: Initializing, config='org.apache.struts.taglib.logic.LocalStrings', returnNull=true
9 mars 2009 15:14:31 org.apache.struts.util.PropertyMessageResources <init>
INFO: Initializing, config='org.apache.struts.taglib.html.LocalStrings', returnNull=true
9 mars 2009 15:14:33 org.apache.struts.util.PropertyMessageResources <init>
INFO: Initializing, config='org.apache.struts.taglib.bean.LocalStrings', returnNull=true
9 mars 2009 15:14:42 org.apache.struts.util.PropertyMessageResources <init>
INFO: Initializing, config='org.apache.struts.taglib.bean.LocalStrings', returnNull=true
9 mars 2009 15:14:42 org.apache.struts.util.PropertyMessageResources <init>
INFO: Initializing, config='org.apache.struts.taglib.logic.LocalStrings', returnNull=true
9 mars 2009 15:16:16 org.apache.struts.util.PropertyMessageResources <init>
INFO: Initializing, config='org.apache.struts.taglib.html.LocalStrings', returnNull=true
9 mars 2009 15:16:16 org.apache.struts.util.PropertyMessageResources <init>
INFO: Initializing, config='org.apache.struts.taglib.html.LocalStrings', returnNull=true
9 mars 2009 15:16:16 org.apache.struts.util.PropertyMessageResources <init>
INFO: Initializing, config='org.apache.struts.taglib.html.LocalStrings', returnNull=true
9 mars 2009 15:16:16 org.apache.struts.util.PropertyMessageResources <init>
INFO: Initializing, config='org.apache.struts.taglib.html.LocalStrings', returnNull=true
