Apr 14, 2011 6:27:55 PM org.apache.catalina.startup.Embedded initDirs
SEVERE: Cannot find specified temporary folder at C:\SampleApps\Petstore\apache-tomcat-5.5.12\temp
Apr 14, 2011 6:27:56 PM org.apache.catalina.core.AprLifecycleListener lifecycleEvent
INFO: The Apache Portable Runtime which allows optimal performance in production environments was not found on the java.library.path: C:\SampleApps\Petstore\jdk1.5.0_04\bin;.;C:\Windows\system32;C:\Windows;C:\Program Files\Common Files\Microsoft Shared\Windows Live;C:\Windows\system32;C:\Windows;C:\Windows\System32\Wbem;C:\Windows\System32\WindowsPowerShell\v1.0\;C:\Program Files\Intel\DMIX;C:\Program Files\NTRU Cryptosystems\NTRU TCG Software Stack\bin\;C:\Program Files\Wave Systems Corp\Gemalto\Access Client\v5\;C:\Program Files\Dell\DW WLAN Card;C:\Program Files\Windows Live\Shared;c:\Program Files\Microsoft SQL Server\100\Tools\Binn\;c:\Program Files\Microsoft SQL Server\100\DTS\Binn\;c:\Program Files\Microsoft SQL Server\100\Tools\Binn\VSShell\Common7\IDE\;C:\Program Files\RadView\WebLOAD\bin;C:\Program Files\RadView\WebLOAD\bin\jre\bin;C:\Program Files\QuickTime\QTSystem\;7
Apr 14, 2011 6:27:56 PM org.apache.coyote.http11.Http11BaseProtocol init
INFO: Initializing Coyote HTTP/1.1 on http-8080
Apr 14, 2011 6:27:56 PM org.apache.catalina.startup.Catalina load
INFO: Initialization processed in 498 ms
Apr 14, 2011 6:27:56 PM org.apache.catalina.core.StandardService start
INFO: Starting service Catalina
Apr 14, 2011 6:27:56 PM org.apache.catalina.core.StandardEngine start
INFO: Starting Servlet Engine: Apache Tomcat/5.5.12
Apr 14, 2011 6:27:56 PM org.apache.catalina.core.StandardHost start
INFO: XML validation disabled
Apr 14, 2011 6:27:56 PM org.apache.struts.util.PropertyMessageResources <init>
INFO: Initializing, config='org.apache.struts.util.LocalStrings', returnNull=true
Apr 14, 2011 6:27:56 PM org.apache.struts.util.PropertyMessageResources <init>
INFO: Initializing, config='org.apache.struts.action.ActionResources', returnNull=true
Apr 14, 2011 6:27:57 PM org.apache.struts.util.PropertyMessageResources <init>
INFO: Initializing, config='properties.application', returnNull=true
Apr 14, 2011 6:27:58 PM org.apache.coyote.http11.Http11BaseProtocol start
INFO: Starting Coyote HTTP/1.1 on http-8080
Apr 14, 2011 6:27:58 PM org.apache.jk.common.ChannelSocket init
INFO: Port busy 8009 java.net.SocketException: Unrecognized Windows Sockets error: 0: JVM_Bind
Apr 14, 2011 6:27:58 PM org.apache.jk.common.ChannelSocket init
INFO: JK: ajp13 listening on /0.0.0.0:8010
Apr 14, 2011 6:27:58 PM org.apache.jk.server.JkMain start
INFO: Jk running ID=1 time=0/22  config=null
Apr 14, 2011 6:27:58 PM org.apache.catalina.storeconfig.StoreLoader load
INFO: Find registry server-registry.xml at classpath resource
Apr 14, 2011 6:27:58 PM org.apache.catalina.startup.Catalina start
INFO: Server startup in 1912 ms
Apr 14, 2011 6:27:58 PM org.apache.catalina.core.StandardServer await
SEVERE: StandardServer.await: create[8005]: 
java.net.BindException: Address already in use: JVM_Bind
	at java.net.PlainSocketImpl.socketBind(Native Method)
	at java.net.PlainSocketImpl.bind(PlainSocketImpl.java:359)
	at java.net.ServerSocket.bind(ServerSocket.java:319)
	at java.net.ServerSocket.<init>(ServerSocket.java:185)
	at org.apache.catalina.core.StandardServer.await(StandardServer.java:343)
	at org.apache.catalina.startup.Catalina.await(Catalina.java:600)
	at org.apache.catalina.startup.Catalina.start(Catalina.java:560)
	at sun.reflect.NativeMethodAccessorImpl.invoke0(Native Method)
	at sun.reflect.NativeMethodAccessorImpl.invoke(NativeMethodAccessorImpl.java:39)
	at sun.reflect.DelegatingMethodAccessorImpl.invoke(DelegatingMethodAccessorImpl.java:25)
	at java.lang.reflect.Method.invoke(Method.java:585)
	at org.apache.catalina.startup.Bootstrap.start(Bootstrap.java:275)
	at org.apache.catalina.startup.Bootstrap.main(Bootstrap.java:413)
Apr 14, 2011 6:34:10 PM org.apache.catalina.startup.Embedded initDirs
SEVERE: Cannot find specified temporary folder at C:\SampleApps\Petstore\apache-tomcat-5.5.12\temp
Apr 14, 2011 6:34:11 PM org.apache.catalina.core.AprLifecycleListener lifecycleEvent
INFO: The Apache Portable Runtime which allows optimal performance in production environments was not found on the java.library.path: C:\SampleApps\Petstore\jdk1.5.0_04\bin;.;C:\Windows\system32;C:\Windows;C:\Program Files\Common Files\Microsoft Shared\Windows Live;C:\Windows\system32;C:\Windows;C:\Windows\System32\Wbem;C:\Windows\System32\WindowsPowerShell\v1.0\;C:\Program Files\Intel\DMIX;C:\Program Files\NTRU Cryptosystems\NTRU TCG Software Stack\bin\;C:\Program Files\Wave Systems Corp\Gemalto\Access Client\v5\;C:\Program Files\Dell\DW WLAN Card;C:\Program Files\Windows Live\Shared;c:\Program Files\Microsoft SQL Server\100\Tools\Binn\;c:\Program Files\Microsoft SQL Server\100\DTS\Binn\;c:\Program Files\Microsoft SQL Server\100\Tools\Binn\VSShell\Common7\IDE\;C:\Program Files\RadView\WebLOAD\bin;C:\Program Files\RadView\WebLOAD\bin\jre\bin;C:\Program Files\QuickTime\QTSystem\;7
Apr 14, 2011 6:34:11 PM org.apache.coyote.http11.Http11BaseProtocol init
INFO: Initializing Coyote HTTP/1.1 on http-8080
Apr 14, 2011 6:34:11 PM org.apache.catalina.startup.Catalina load
INFO: Initialization processed in 516 ms
Apr 14, 2011 6:34:11 PM org.apache.catalina.core.StandardService start
INFO: Starting service Catalina
Apr 14, 2011 6:34:11 PM org.apache.catalina.core.StandardEngine start
INFO: Starting Servlet Engine: Apache Tomcat/5.5.12
Apr 14, 2011 6:34:11 PM org.apache.catalina.core.StandardHost start
INFO: XML validation disabled
Apr 14, 2011 6:34:11 PM org.apache.struts.util.PropertyMessageResources <init>
INFO: Initializing, config='org.apache.struts.util.LocalStrings', returnNull=true
Apr 14, 2011 6:34:11 PM org.apache.struts.util.PropertyMessageResources <init>
INFO: Initializing, config='org.apache.struts.action.ActionResources', returnNull=true
Apr 14, 2011 6:34:12 PM org.apache.struts.util.PropertyMessageResources <init>
INFO: Initializing, config='properties.application', returnNull=true
Apr 14, 2011 6:34:13 PM org.apache.coyote.http11.Http11BaseProtocol start
INFO: Starting Coyote HTTP/1.1 on http-8080
Apr 14, 2011 6:34:13 PM org.apache.jk.common.ChannelSocket init
INFO: JK: ajp13 listening on /0.0.0.0:8009
Apr 14, 2011 6:34:13 PM org.apache.jk.server.JkMain start
INFO: Jk running ID=0 time=0/18  config=null
Apr 14, 2011 6:34:13 PM org.apache.catalina.storeconfig.StoreLoader load
INFO: Find registry server-registry.xml at classpath resource
Apr 14, 2011 6:34:13 PM org.apache.catalina.startup.Catalina start
INFO: Server startup in 1917 ms
Apr 14, 2011 6:34:30 PM org.apache.struts.util.PropertyMessageResources <init>
INFO: Initializing, config='org.apache.struts.taglib.html.LocalStrings', returnNull=true
Apr 14, 2011 6:34:30 PM org.apache.struts.util.PropertyMessageResources <init>
INFO: Initializing, config='org.apache.struts.taglib.html.LocalStrings', returnNull=true
Apr 14, 2011 6:34:30 PM org.apache.struts.util.PropertyMessageResources <init>
INFO: Initializing, config='org.apache.struts.util.LocalStrings', returnNull=true
Apr 14, 2011 6:34:30 PM org.apache.struts.util.PropertyMessageResources <init>
INFO: Initializing, config='org.apache.struts.taglib.logic.LocalStrings', returnNull=true
Apr 14, 2011 6:34:30 PM org.apache.struts.util.PropertyMessageResources <init>
INFO: Initializing, config='org.apache.struts.taglib.logic.LocalStrings', returnNull=true
Apr 14, 2011 6:34:30 PM org.apache.struts.util.PropertyMessageResources <init>
INFO: Initializing, config='org.apache.struts.taglib.html.LocalStrings', returnNull=true
Apr 14, 2011 6:34:32 PM org.apache.struts.util.PropertyMessageResources <init>
INFO: Initializing, config='org.apache.struts.taglib.bean.LocalStrings', returnNull=true
Apr 14, 2011 6:34:33 PM org.apache.struts.util.PropertyMessageResources <init>
INFO: Initializing, config='org.apache.struts.taglib.bean.LocalStrings', returnNull=true
Apr 14, 2011 6:34:33 PM org.apache.struts.util.PropertyMessageResources <init>
INFO: Initializing, config='org.apache.struts.taglib.logic.LocalStrings', returnNull=true
Apr 14, 2011 6:54:05 PM org.apache.catalina.startup.Embedded initDirs
SEVERE: Cannot find specified temporary folder at C:\SampleApps\Petstore\apache-tomcat-5.5.12\temp
Apr 14, 2011 6:54:06 PM org.apache.catalina.core.AprLifecycleListener lifecycleEvent
INFO: The Apache Portable Runtime which allows optimal performance in production environments was not found on the java.library.path: C:\SampleApps\Petstore\jdk1.5.0_04\bin;.;C:\Windows\system32;C:\Windows;C:\Program Files\Common Files\Microsoft Shared\Windows Live;C:\Windows\system32;C:\Windows;C:\Windows\System32\Wbem;C:\Windows\System32\WindowsPowerShell\v1.0\;C:\Program Files\Intel\DMIX;C:\Program Files\NTRU Cryptosystems\NTRU TCG Software Stack\bin\;C:\Program Files\Wave Systems Corp\Gemalto\Access Client\v5\;C:\Program Files\Dell\DW WLAN Card;C:\Program Files\Windows Live\Shared;c:\Program Files\Microsoft SQL Server\100\Tools\Binn\;c:\Program Files\Microsoft SQL Server\100\DTS\Binn\;c:\Program Files\Microsoft SQL Server\100\Tools\Binn\VSShell\Common7\IDE\;C:\Program Files\RadView\WebLOAD\bin;C:\Program Files\RadView\WebLOAD\bin\jre\bin;C:\Program Files\QuickTime\QTSystem\;7
Apr 14, 2011 6:54:06 PM org.apache.coyote.http11.Http11BaseProtocol init
INFO: Initializing Coyote HTTP/1.1 on http-8080
Apr 14, 2011 6:54:06 PM org.apache.catalina.startup.Catalina load
INFO: Initialization processed in 554 ms
Apr 14, 2011 6:54:06 PM org.apache.catalina.core.StandardService start
INFO: Starting service Catalina
Apr 14, 2011 6:54:06 PM org.apache.catalina.core.StandardEngine start
INFO: Starting Servlet Engine: Apache Tomcat/5.5.12
Apr 14, 2011 6:54:06 PM org.apache.catalina.core.StandardHost start
INFO: XML validation disabled
Apr 14, 2011 6:54:06 PM org.apache.struts.util.PropertyMessageResources <init>
INFO: Initializing, config='org.apache.struts.util.LocalStrings', returnNull=true
Apr 14, 2011 6:54:06 PM org.apache.struts.util.PropertyMessageResources <init>
INFO: Initializing, config='org.apache.struts.action.ActionResources', returnNull=true
Apr 14, 2011 6:54:07 PM org.apache.struts.util.PropertyMessageResources <init>
INFO: Initializing, config='properties.application', returnNull=true
Apr 14, 2011 6:54:08 PM org.apache.coyote.http11.Http11BaseProtocol start
INFO: Starting Coyote HTTP/1.1 on http-8080
Apr 14, 2011 6:54:08 PM org.apache.jk.common.ChannelSocket init
INFO: JK: ajp13 listening on /0.0.0.0:8009
Apr 14, 2011 6:54:08 PM org.apache.jk.server.JkMain start
INFO: Jk running ID=0 time=0/18  config=null
Apr 14, 2011 6:54:08 PM org.apache.catalina.storeconfig.StoreLoader load
INFO: Find registry server-registry.xml at classpath resource
Apr 14, 2011 6:54:08 PM org.apache.catalina.startup.Catalina start
INFO: Server startup in 2169 ms
Apr 14, 2011 6:54:26 PM org.apache.struts.util.PropertyMessageResources <init>
INFO: Initializing, config='org.apache.struts.taglib.html.LocalStrings', returnNull=true
Apr 14, 2011 6:54:26 PM org.apache.struts.util.PropertyMessageResources <init>
INFO: Initializing, config='org.apache.struts.taglib.html.LocalStrings', returnNull=true
Apr 14, 2011 6:54:26 PM org.apache.struts.util.PropertyMessageResources <init>
INFO: Initializing, config='org.apache.struts.util.LocalStrings', returnNull=true
Apr 14, 2011 6:54:26 PM org.apache.struts.util.PropertyMessageResources <init>
INFO: Initializing, config='org.apache.struts.taglib.logic.LocalStrings', returnNull=true
Apr 14, 2011 6:54:26 PM org.apache.struts.util.PropertyMessageResources <init>
INFO: Initializing, config='org.apache.struts.taglib.logic.LocalStrings', returnNull=true
Apr 14, 2011 6:54:26 PM org.apache.struts.util.PropertyMessageResources <init>
INFO: Initializing, config='org.apache.struts.taglib.html.LocalStrings', returnNull=true
Apr 14, 2011 6:54:28 PM org.apache.struts.util.PropertyMessageResources <init>
INFO: Initializing, config='org.apache.struts.taglib.bean.LocalStrings', returnNull=true
Apr 14, 2011 6:54:31 PM org.apache.struts.util.PropertyMessageResources <init>
INFO: Initializing, config='org.apache.struts.taglib.bean.LocalStrings', returnNull=true
Apr 14, 2011 6:54:31 PM org.apache.struts.util.PropertyMessageResources <init>
INFO: Initializing, config='org.apache.struts.taglib.logic.LocalStrings', returnNull=true
Apr 14, 2011 6:54:38 PM org.apache.struts.util.PropertyMessageResources <init>
INFO: Initializing, config='org.apache.struts.taglib.html.LocalStrings', returnNull=true
Apr 14, 2011 6:54:38 PM org.apache.struts.util.PropertyMessageResources <init>
INFO: Initializing, config='org.apache.struts.taglib.html.LocalStrings', returnNull=true
Apr 14, 2011 6:54:38 PM org.apache.struts.util.PropertyMessageResources <init>
INFO: Initializing, config='org.apache.struts.taglib.html.LocalStrings', returnNull=true
Apr 14, 2011 6:54:38 PM org.apache.struts.util.PropertyMessageResources <init>
INFO: Initializing, config='org.apache.struts.taglib.html.LocalStrings', returnNull=true
