15 avr. 2008 17:48:01 org.apache.catalina.core.AprLifecycleListener lifecycleEvent
INFO: The Apache Portable Runtime which allows optimal performance in production environments was not found on the java.library.path: C:\Documents and Settings\ohanoun\Bureau\jpetstore_no_auth_tomcat\jdk1.5.0_04\bin;.;C:\WINDOWS\system32;C:\WINDOWS;C:\Program Files\Java\jdk1.6.0_01\bin;C:\WINDOWS\system32;C:\WINDOWS;C:\WINDOWS\System32\Wbem;C:\Program Files\Microsoft SQL Server\80\Tools\Binn\;c:\Program Files\Microsoft SQL Server\90\Tools\binn\;C:\Program Files\QuickTime\QTSystem\
15 avr. 2008 17:48:01 org.apache.coyote.http11.Http11BaseProtocol init
INFO: Initialisation de Coyote HTTP/1.1 sur http-8080
15 avr. 2008 17:48:01 org.apache.catalina.startup.Catalina load
INFO: Initialization processed in 1313 ms
15 avr. 2008 17:48:01 org.apache.catalina.core.StandardService start
INFO: Démarrage du service Catalina
15 avr. 2008 17:48:01 org.apache.catalina.core.StandardEngine start
INFO: Starting Servlet Engine: Apache Tomcat/5.5.12
15 avr. 2008 17:48:01 org.apache.catalina.core.StandardHost start
INFO: XML validation disabled
15 avr. 2008 17:48:02 org.apache.struts.util.PropertyMessageResources <init>
INFO: Initializing, config='org.apache.struts.util.LocalStrings', returnNull=true
15 avr. 2008 17:48:02 org.apache.struts.util.PropertyMessageResources <init>
INFO: Initializing, config='org.apache.struts.action.ActionResources', returnNull=true
15 avr. 2008 17:48:03 org.apache.struts.util.PropertyMessageResources <init>
INFO: Initializing, config='properties.application', returnNull=true
15 avr. 2008 17:48:05 org.apache.coyote.http11.Http11BaseProtocol start
INFO: Démarrage de Coyote HTTP/1.1 sur http-8080
15 avr. 2008 17:48:05 org.apache.jk.common.ChannelSocket init
INFO: JK: ajp13 listening on /0.0.0.0:8009
15 avr. 2008 17:48:05 org.apache.jk.server.JkMain start
INFO: Jk running ID=0 time=0/15  config=null
15 avr. 2008 17:48:05 org.apache.catalina.storeconfig.StoreLoader load
INFO: Find registry server-registry.xml at classpath resource
15 avr. 2008 17:48:05 org.apache.catalina.startup.Catalina start
INFO: Server startup in 3907 ms
