28 nov. 2007 12:14:00 org.apache.catalina.core.ApplicationContext log
INFO: org.apache.webapp.balancer.BalancerFilter: init(): ruleChain: [org.apache.webapp.balancer.RuleChain: [org.apache.webapp.balancer.rules.URLStringMatchRule: Target string: News / Redirect URL: http://www.cnn.com], [org.apache.webapp.balancer.rules.RequestParameterRule: Target param name: paramName / Target param value: paramValue / Redirect URL: http://www.yahoo.com], [org.apache.webapp.balancer.rules.AcceptEverythingRule: Redirect URL: http://jakarta.apache.org]]
28 nov. 2007 12:14:00 org.apache.catalina.core.ApplicationContext log
INFO: ContextListener: contextInitialized()
28 nov. 2007 12:14:00 org.apache.catalina.core.ApplicationContext log
INFO: SessionListener: contextInitialized()
28 nov. 2007 12:14:00 org.apache.catalina.core.ApplicationContext log
INFO: ContextListener: contextInitialized()
28 nov. 2007 12:14:00 org.apache.catalina.core.ApplicationContext log
INFO: SessionListener: contextInitialized()
28 nov. 2007 16:55:53 org.apache.catalina.core.ApplicationContext log
INFO: ContextListener: attributeReplaced('org.apache.catalina.WELCOME_FILES', '[Ljava.lang.String;@1f51e5c')
28 nov. 2007 16:55:53 org.apache.catalina.core.ApplicationContext log
INFO: ContextListener: attributeReplaced('org.apache.catalina.WELCOME_FILES', '[Ljava.lang.String;@19c6163')
28 nov. 2007 16:55:53 org.apache.catalina.core.ApplicationContext log
INFO: ContextListener: attributeReplaced('org.apache.catalina.WELCOME_FILES', '[Ljava.lang.String;@1bdbfec')
28 nov. 2007 16:55:53 org.apache.catalina.core.ApplicationContext log
INFO: SessionListener: contextDestroyed()
28 nov. 2007 16:55:53 org.apache.catalina.core.ApplicationContext log
INFO: ContextListener: contextDestroyed()
28 nov. 2007 16:55:53 org.apache.catalina.core.ApplicationContext log
INFO: ContextListener: attributeReplaced('org.apache.catalina.WELCOME_FILES', '[Ljava.lang.String;@330fb9')
28 nov. 2007 16:55:53 org.apache.catalina.core.ApplicationContext log
INFO: ContextListener: attributeReplaced('org.apache.catalina.WELCOME_FILES', '[Ljava.lang.String;@4d5575')
28 nov. 2007 16:55:53 org.apache.catalina.core.ApplicationContext log
INFO: ContextListener: attributeReplaced('org.apache.catalina.WELCOME_FILES', '[Ljava.lang.String;@1257687')
28 nov. 2007 16:55:53 org.apache.catalina.core.ApplicationContext log
INFO: SessionListener: contextDestroyed()
28 nov. 2007 16:55:53 org.apache.catalina.core.ApplicationContext log
INFO: ContextListener: contextDestroyed()
