15 avr. 2008 17:48:03 org.apache.catalina.core.ApplicationContext log
INFO: org.apache.webapp.balancer.BalancerFilter: init(): ruleChain: [org.apache.webapp.balancer.RuleChain: [org.apache.webapp.balancer.rules.URLStringMatchRule: Target string: News / Redirect URL: http://www.cnn.com], [org.apache.webapp.balancer.rules.RequestParameterRule: Target param name: paramName / Target param value: paramValue / Redirect URL: http://www.yahoo.com], [org.apache.webapp.balancer.rules.AcceptEverythingRule: Redirect URL: http://jakarta.apache.org]]
15 avr. 2008 17:48:04 org.apache.catalina.core.ApplicationContext log
INFO: ContextListener: contextInitialized()
15 avr. 2008 17:48:04 org.apache.catalina.core.ApplicationContext log
INFO: SessionListener: contextInitialized()
15 avr. 2008 17:48:04 org.apache.catalina.core.ApplicationContext log
INFO: ContextListener: contextInitialized()
15 avr. 2008 17:48:04 org.apache.catalina.core.ApplicationContext log
INFO: SessionListener: contextInitialized()
15 avr. 2008 17:49:28 org.apache.catalina.core.ApplicationContext log
INFO: ContextListener: attributeReplaced('org.apache.catalina.WELCOME_FILES', '[Ljava.lang.String;@163956')
15 avr. 2008 17:49:28 org.apache.catalina.core.ApplicationContext log
INFO: ContextListener: attributeReplaced('org.apache.catalina.WELCOME_FILES', '[Ljava.lang.String;@10e434d')
15 avr. 2008 17:49:28 org.apache.catalina.core.ApplicationContext log
INFO: ContextListener: attributeReplaced('org.apache.catalina.WELCOME_FILES', '[Ljava.lang.String;@16477d9')
15 avr. 2008 17:49:28 org.apache.catalina.core.ApplicationContext log
INFO: SessionListener: contextDestroyed()
15 avr. 2008 17:49:28 org.apache.catalina.core.ApplicationContext log
INFO: ContextListener: contextDestroyed()
15 avr. 2008 17:49:28 org.apache.catalina.core.ApplicationContext log
INFO: ContextListener: attributeReplaced('org.apache.catalina.WELCOME_FILES', '[Ljava.lang.String;@1ae9aaa')
15 avr. 2008 17:49:28 org.apache.catalina.core.ApplicationContext log
INFO: ContextListener: attributeReplaced('org.apache.catalina.WELCOME_FILES', '[Ljava.lang.String;@2c17f7')
15 avr. 2008 17:49:28 org.apache.catalina.core.ApplicationContext log
INFO: ContextListener: attributeReplaced('org.apache.catalina.WELCOME_FILES', '[Ljava.lang.String;@d9896e')
15 avr. 2008 17:49:28 org.apache.catalina.core.ApplicationContext log
INFO: SessionListener: contextDestroyed()
15 avr. 2008 17:49:28 org.apache.catalina.core.ApplicationContext log
INFO: ContextListener: contextDestroyed()
