21 juil. 2009 14:28:21 org.apache.catalina.core.ApplicationContext log
INFO: org.apache.webapp.balancer.BalancerFilter: init(): ruleChain: [org.apache.webapp.balancer.RuleChain: [org.apache.webapp.balancer.rules.URLStringMatchRule: Target string: News / Redirect URL: http://www.cnn.com], [org.apache.webapp.balancer.rules.RequestParameterRule: Target param name: paramName / Target param value: paramValue / Redirect URL: http://www.yahoo.com], [org.apache.webapp.balancer.rules.AcceptEverythingRule: Redirect URL: http://jakarta.apache.org]]
21 juil. 2009 14:28:21 org.apache.catalina.core.ApplicationContext log
INFO: ContextListener: contextInitialized()
21 juil. 2009 14:28:21 org.apache.catalina.core.ApplicationContext log
INFO: SessionListener: contextInitialized()
21 juil. 2009 14:28:21 org.apache.catalina.core.ApplicationContext log
INFO: ContextListener: contextInitialized()
21 juil. 2009 14:28:21 org.apache.catalina.core.ApplicationContext log
INFO: SessionListener: contextInitialized()
21 juil. 2009 15:09:55 org.apache.catalina.core.ApplicationContext log
INFO: ContextListener: attributeReplaced('org.apache.catalina.WELCOME_FILES', '[Ljava.lang.String;@4fe91e')
21 juil. 2009 15:09:55 org.apache.catalina.core.ApplicationContext log
INFO: ContextListener: attributeReplaced('org.apache.catalina.WELCOME_FILES', '[Ljava.lang.String;@51ef4e')
21 juil. 2009 15:09:55 org.apache.catalina.core.ApplicationContext log
INFO: ContextListener: attributeReplaced('org.apache.catalina.WELCOME_FILES', '[Ljava.lang.String;@135f44e')
21 juil. 2009 15:09:55 org.apache.catalina.core.ApplicationContext log
INFO: SessionListener: contextDestroyed()
21 juil. 2009 15:09:55 org.apache.catalina.core.ApplicationContext log
INFO: ContextListener: contextDestroyed()
21 juil. 2009 15:09:55 org.apache.catalina.core.ApplicationContext log
INFO: ContextListener: attributeReplaced('org.apache.catalina.WELCOME_FILES', '[Ljava.lang.String;@58dd2d')
21 juil. 2009 15:09:55 org.apache.catalina.core.ApplicationContext log
INFO: ContextListener: attributeReplaced('org.apache.catalina.WELCOME_FILES', '[Ljava.lang.String;@20c906')
21 juil. 2009 15:09:55 org.apache.catalina.core.ApplicationContext log
INFO: ContextListener: attributeReplaced('org.apache.catalina.WELCOME_FILES', '[Ljava.lang.String;@6db33c')
21 juil. 2009 15:09:55 org.apache.catalina.core.ApplicationContext log
INFO: SessionListener: contextDestroyed()
21 juil. 2009 15:09:55 org.apache.catalina.core.ApplicationContext log
INFO: ContextListener: contextDestroyed()
21 juil. 2009 16:53:01 org.apache.catalina.core.ApplicationContext log
INFO: org.apache.webapp.balancer.BalancerFilter: init(): ruleChain: [org.apache.webapp.balancer.RuleChain: [org.apache.webapp.balancer.rules.URLStringMatchRule: Target string: News / Redirect URL: http://www.cnn.com], [org.apache.webapp.balancer.rules.RequestParameterRule: Target param name: paramName / Target param value: paramValue / Redirect URL: http://www.yahoo.com], [org.apache.webapp.balancer.rules.AcceptEverythingRule: Redirect URL: http://jakarta.apache.org]]
21 juil. 2009 16:53:01 org.apache.catalina.core.ApplicationContext log
INFO: ContextListener: contextInitialized()
21 juil. 2009 16:53:01 org.apache.catalina.core.ApplicationContext log
INFO: SessionListener: contextInitialized()
21 juil. 2009 16:53:01 org.apache.catalina.core.ApplicationContext log
INFO: ContextListener: contextInitialized()
21 juil. 2009 16:53:01 org.apache.catalina.core.ApplicationContext log
INFO: SessionListener: contextInitialized()
21 juil. 2009 17:28:14 org.apache.catalina.core.ApplicationContext log
INFO: ContextListener: attributeReplaced('org.apache.catalina.WELCOME_FILES', '[Ljava.lang.String;@1c18a4c')
21 juil. 2009 17:28:14 org.apache.catalina.core.ApplicationContext log
INFO: ContextListener: attributeReplaced('org.apache.catalina.WELCOME_FILES', '[Ljava.lang.String;@15e92d7')
21 juil. 2009 17:28:14 org.apache.catalina.core.ApplicationContext log
INFO: ContextListener: attributeReplaced('org.apache.catalina.WELCOME_FILES', '[Ljava.lang.String;@1fa681c')
21 juil. 2009 17:28:14 org.apache.catalina.core.ApplicationContext log
INFO: SessionListener: contextDestroyed()
21 juil. 2009 17:28:14 org.apache.catalina.core.ApplicationContext log
INFO: ContextListener: contextDestroyed()
21 juil. 2009 17:28:14 org.apache.catalina.core.ApplicationContext log
INFO: ContextListener: attributeReplaced('org.apache.catalina.WELCOME_FILES', '[Ljava.lang.String;@19e09a4')
21 juil. 2009 17:28:14 org.apache.catalina.core.ApplicationContext log
INFO: ContextListener: attributeReplaced('org.apache.catalina.WELCOME_FILES', '[Ljava.lang.String;@8aeed0')
21 juil. 2009 17:28:14 org.apache.catalina.core.ApplicationContext log
INFO: ContextListener: attributeReplaced('org.apache.catalina.WELCOME_FILES', '[Ljava.lang.String;@144b18f')
21 juil. 2009 17:28:14 org.apache.catalina.core.ApplicationContext log
INFO: SessionListener: contextDestroyed()
21 juil. 2009 17:28:14 org.apache.catalina.core.ApplicationContext log
INFO: ContextListener: contextDestroyed()
