2 sept. 2008 08:59:55 org.apache.catalina.core.ApplicationContext log
INFO: org.apache.webapp.balancer.BalancerFilter: init(): ruleChain: [org.apache.webapp.balancer.RuleChain: [org.apache.webapp.balancer.rules.URLStringMatchRule: Target string: News / Redirect URL: http://www.cnn.com], [org.apache.webapp.balancer.rules.RequestParameterRule: Target param name: paramName / Target param value: paramValue / Redirect URL: http://www.yahoo.com], [org.apache.webapp.balancer.rules.AcceptEverythingRule: Redirect URL: http://jakarta.apache.org]]
2 sept. 2008 08:59:56 org.apache.catalina.core.ApplicationContext log
INFO: ContextListener: contextInitialized()
2 sept. 2008 08:59:56 org.apache.catalina.core.ApplicationContext log
INFO: SessionListener: contextInitialized()
2 sept. 2008 08:59:57 org.apache.catalina.core.ApplicationContext log
INFO: ContextListener: contextInitialized()
2 sept. 2008 08:59:57 org.apache.catalina.core.ApplicationContext log
INFO: SessionListener: contextInitialized()
2 sept. 2008 16:40:07 org.apache.catalina.core.ApplicationContext log
INFO: ContextListener: attributeReplaced('org.apache.catalina.WELCOME_FILES', '[Ljava.lang.String;@2d0479')
2 sept. 2008 16:40:07 org.apache.catalina.core.ApplicationContext log
INFO: ContextListener: attributeReplaced('org.apache.catalina.WELCOME_FILES', '[Ljava.lang.String;@180cb01')
2 sept. 2008 16:40:07 org.apache.catalina.core.ApplicationContext log
INFO: ContextListener: attributeReplaced('org.apache.catalina.WELCOME_FILES', '[Ljava.lang.String;@8fbecf')
2 sept. 2008 16:40:07 org.apache.catalina.core.ApplicationContext log
INFO: SessionListener: contextDestroyed()
2 sept. 2008 16:40:07 org.apache.catalina.core.ApplicationContext log
INFO: ContextListener: contextDestroyed()
2 sept. 2008 16:40:07 org.apache.catalina.core.ApplicationContext log
INFO: ContextListener: attributeReplaced('org.apache.catalina.WELCOME_FILES', '[Ljava.lang.String;@158cc6')
2 sept. 2008 16:40:07 org.apache.catalina.core.ApplicationContext log
INFO: ContextListener: attributeReplaced('org.apache.catalina.WELCOME_FILES', '[Ljava.lang.String;@cd4544')
2 sept. 2008 16:40:07 org.apache.catalina.core.ApplicationContext log
INFO: ContextListener: attributeReplaced('org.apache.catalina.WELCOME_FILES', '[Ljava.lang.String;@7e75d2')
2 sept. 2008 16:40:07 org.apache.catalina.core.ApplicationContext log
INFO: SessionListener: contextDestroyed()
2 sept. 2008 16:40:07 org.apache.catalina.core.ApplicationContext log
INFO: ContextListener: contextDestroyed()
