13 nov. 2008 17:36:14 org.apache.catalina.core.ApplicationContext log
INFO: org.apache.webapp.balancer.BalancerFilter: init(): ruleChain: [org.apache.webapp.balancer.RuleChain: [org.apache.webapp.balancer.rules.URLStringMatchRule: Target string: News / Redirect URL: http://www.cnn.com], [org.apache.webapp.balancer.rules.RequestParameterRule: Target param name: paramName / Target param value: paramValue / Redirect URL: http://www.yahoo.com], [org.apache.webapp.balancer.rules.AcceptEverythingRule: Redirect URL: http://jakarta.apache.org]]
13 nov. 2008 17:36:14 org.apache.catalina.core.ApplicationContext log
INFO: ContextListener: contextInitialized()
13 nov. 2008 17:36:14 org.apache.catalina.core.ApplicationContext log
INFO: SessionListener: contextInitialized()
13 nov. 2008 17:36:14 org.apache.catalina.core.ApplicationContext log
INFO: ContextListener: contextInitialized()
13 nov. 2008 17:36:14 org.apache.catalina.core.ApplicationContext log
INFO: SessionListener: contextInitialized()
13 nov. 2008 18:56:06 org.apache.catalina.core.ApplicationContext log
INFO: ContextListener: attributeReplaced('org.apache.catalina.WELCOME_FILES', '[Ljava.lang.String;@1402eeb')
13 nov. 2008 18:56:06 org.apache.catalina.core.ApplicationContext log
INFO: ContextListener: attributeReplaced('org.apache.catalina.WELCOME_FILES', '[Ljava.lang.String;@c38157')
13 nov. 2008 18:56:06 org.apache.catalina.core.ApplicationContext log
INFO: ContextListener: attributeReplaced('org.apache.catalina.WELCOME_FILES', '[Ljava.lang.String;@1609c13')
13 nov. 2008 18:56:06 org.apache.catalina.core.ApplicationContext log
INFO: SessionListener: contextDestroyed()
13 nov. 2008 18:56:06 org.apache.catalina.core.ApplicationContext log
INFO: ContextListener: contextDestroyed()
13 nov. 2008 18:56:06 org.apache.catalina.core.ApplicationContext log
INFO: ContextListener: attributeReplaced('org.apache.catalina.WELCOME_FILES', '[Ljava.lang.String;@cb2185')
13 nov. 2008 18:56:06 org.apache.catalina.core.ApplicationContext log
INFO: ContextListener: attributeReplaced('org.apache.catalina.WELCOME_FILES', '[Ljava.lang.String;@5ce40')
13 nov. 2008 18:56:06 org.apache.catalina.core.ApplicationContext log
INFO: ContextListener: attributeReplaced('org.apache.catalina.WELCOME_FILES', '[Ljava.lang.String;@127ff0d')
13 nov. 2008 18:56:06 org.apache.catalina.core.ApplicationContext log
INFO: SessionListener: contextDestroyed()
13 nov. 2008 18:56:06 org.apache.catalina.core.ApplicationContext log
INFO: ContextListener: contextDestroyed()
