26 sept. 2008 14:53:16 org.apache.catalina.core.ApplicationContext log
INFO: org.apache.webapp.balancer.BalancerFilter: init(): ruleChain: [org.apache.webapp.balancer.RuleChain: [org.apache.webapp.balancer.rules.URLStringMatchRule: Target string: News / Redirect URL: http://www.cnn.com], [org.apache.webapp.balancer.rules.RequestParameterRule: Target param name: paramName / Target param value: paramValue / Redirect URL: http://www.yahoo.com], [org.apache.webapp.balancer.rules.AcceptEverythingRule: Redirect URL: http://jakarta.apache.org]]
26 sept. 2008 14:53:16 org.apache.catalina.core.ApplicationContext log
INFO: ContextListener: contextInitialized()
26 sept. 2008 14:53:16 org.apache.catalina.core.ApplicationContext log
INFO: SessionListener: contextInitialized()
26 sept. 2008 14:53:16 org.apache.catalina.core.ApplicationContext log
INFO: ContextListener: contextInitialized()
26 sept. 2008 14:53:16 org.apache.catalina.core.ApplicationContext log
INFO: SessionListener: contextInitialized()
26 sept. 2008 14:53:34 org.apache.catalina.core.ApplicationContext log
INFO: ContextListener: attributeReplaced('org.apache.catalina.WELCOME_FILES', '[Ljava.lang.String;@739f3f')
26 sept. 2008 14:53:34 org.apache.catalina.core.ApplicationContext log
INFO: ContextListener: attributeReplaced('org.apache.catalina.WELCOME_FILES', '[Ljava.lang.String;@dc0435')
26 sept. 2008 14:53:34 org.apache.catalina.core.ApplicationContext log
INFO: ContextListener: attributeReplaced('org.apache.catalina.WELCOME_FILES', '[Ljava.lang.String;@98350a')
26 sept. 2008 14:53:34 org.apache.catalina.core.ApplicationContext log
INFO: SessionListener: contextDestroyed()
26 sept. 2008 14:53:34 org.apache.catalina.core.ApplicationContext log
INFO: ContextListener: contextDestroyed()
26 sept. 2008 14:53:34 org.apache.catalina.core.ApplicationContext log
INFO: ContextListener: attributeReplaced('org.apache.catalina.WELCOME_FILES', '[Ljava.lang.String;@15f4a7f')
26 sept. 2008 14:53:34 org.apache.catalina.core.ApplicationContext log
INFO: ContextListener: attributeReplaced('org.apache.catalina.WELCOME_FILES', '[Ljava.lang.String;@113e9fd')
26 sept. 2008 14:53:34 org.apache.catalina.core.ApplicationContext log
INFO: ContextListener: attributeReplaced('org.apache.catalina.WELCOME_FILES', '[Ljava.lang.String;@670479')
26 sept. 2008 14:53:34 org.apache.catalina.core.ApplicationContext log
INFO: SessionListener: contextDestroyed()
26 sept. 2008 14:53:34 org.apache.catalina.core.ApplicationContext log
INFO: ContextListener: contextDestroyed()
