21 juin 2007 14:57:22 org.apache.catalina.core.ApplicationContext log
INFO: org.apache.webapp.balancer.BalancerFilter: init(): ruleChain: [org.apache.webapp.balancer.RuleChain: [org.apache.webapp.balancer.rules.URLStringMatchRule: Target string: News / Redirect URL: http://www.cnn.com], [org.apache.webapp.balancer.rules.RequestParameterRule: Target param name: paramName / Target param value: paramValue / Redirect URL: http://www.yahoo.com], [org.apache.webapp.balancer.rules.AcceptEverythingRule: Redirect URL: http://jakarta.apache.org]]
21 juin 2007 14:57:22 org.apache.catalina.core.ApplicationContext log
INFO: ContextListener: contextInitialized()
21 juin 2007 14:57:22 org.apache.catalina.core.ApplicationContext log
INFO: SessionListener: contextInitialized()
21 juin 2007 14:57:22 org.apache.catalina.core.ApplicationContext log
INFO: ContextListener: contextInitialized()
21 juin 2007 14:57:22 org.apache.catalina.core.ApplicationContext log
INFO: SessionListener: contextInitialized()
21 juin 2007 15:31:28 org.apache.catalina.core.ApplicationContext log
INFO: ContextListener: attributeReplaced('org.apache.catalina.WELCOME_FILES', '[Ljava.lang.String;@687ea9')
21 juin 2007 15:31:28 org.apache.catalina.core.ApplicationContext log
INFO: ContextListener: attributeReplaced('org.apache.catalina.WELCOME_FILES', '[Ljava.lang.String;@538974')
21 juin 2007 15:31:28 org.apache.catalina.core.ApplicationContext log
INFO: ContextListener: attributeReplaced('org.apache.catalina.WELCOME_FILES', '[Ljava.lang.String;@6545d2')
21 juin 2007 15:31:28 org.apache.catalina.core.ApplicationContext log
INFO: SessionListener: contextDestroyed()
21 juin 2007 15:31:28 org.apache.catalina.core.ApplicationContext log
INFO: ContextListener: contextDestroyed()
21 juin 2007 15:31:28 org.apache.catalina.core.ApplicationContext log
INFO: ContextListener: attributeReplaced('org.apache.catalina.WELCOME_FILES', '[Ljava.lang.String;@c1a0eb')
21 juin 2007 15:31:28 org.apache.catalina.core.ApplicationContext log
INFO: ContextListener: attributeReplaced('org.apache.catalina.WELCOME_FILES', '[Ljava.lang.String;@2bccb2')
21 juin 2007 15:31:28 org.apache.catalina.core.ApplicationContext log
INFO: ContextListener: attributeReplaced('org.apache.catalina.WELCOME_FILES', '[Ljava.lang.String;@18bbf55')
21 juin 2007 15:31:28 org.apache.catalina.core.ApplicationContext log
INFO: SessionListener: contextDestroyed()
21 juin 2007 15:31:28 org.apache.catalina.core.ApplicationContext log
INFO: ContextListener: contextDestroyed()
21 juin 2007 15:56:51 org.apache.catalina.core.ApplicationContext log
INFO: org.apache.webapp.balancer.BalancerFilter: init(): ruleChain: [org.apache.webapp.balancer.RuleChain: [org.apache.webapp.balancer.rules.URLStringMatchRule: Target string: News / Redirect URL: http://www.cnn.com], [org.apache.webapp.balancer.rules.RequestParameterRule: Target param name: paramName / Target param value: paramValue / Redirect URL: http://www.yahoo.com], [org.apache.webapp.balancer.rules.AcceptEverythingRule: Redirect URL: http://jakarta.apache.org]]
21 juin 2007 15:56:51 org.apache.catalina.core.ApplicationContext log
INFO: ContextListener: contextInitialized()
21 juin 2007 15:56:51 org.apache.catalina.core.ApplicationContext log
INFO: SessionListener: contextInitialized()
21 juin 2007 15:56:51 org.apache.catalina.core.ApplicationContext log
INFO: ContextListener: contextInitialized()
21 juin 2007 15:56:51 org.apache.catalina.core.ApplicationContext log
INFO: SessionListener: contextInitialized()
21 juin 2007 15:59:30 org.apache.catalina.core.ApplicationContext log
INFO: ContextListener: attributeReplaced('org.apache.catalina.WELCOME_FILES', '[Ljava.lang.String;@c3e82b')
21 juin 2007 15:59:30 org.apache.catalina.core.ApplicationContext log
INFO: ContextListener: attributeReplaced('org.apache.catalina.WELCOME_FILES', '[Ljava.lang.String;@1bf7b23')
21 juin 2007 15:59:30 org.apache.catalina.core.ApplicationContext log
INFO: ContextListener: attributeReplaced('org.apache.catalina.WELCOME_FILES', '[Ljava.lang.String;@2d7440')
21 juin 2007 15:59:30 org.apache.catalina.core.ApplicationContext log
INFO: SessionListener: contextDestroyed()
21 juin 2007 15:59:30 org.apache.catalina.core.ApplicationContext log
INFO: ContextListener: contextDestroyed()
21 juin 2007 15:59:30 org.apache.catalina.core.ApplicationContext log
INFO: ContextListener: attributeReplaced('org.apache.catalina.WELCOME_FILES', '[Ljava.lang.String;@8b567c')
21 juin 2007 15:59:30 org.apache.catalina.core.ApplicationContext log
INFO: ContextListener: attributeReplaced('org.apache.catalina.WELCOME_FILES', '[Ljava.lang.String;@1dafbaf')
21 juin 2007 15:59:30 org.apache.catalina.core.ApplicationContext log
INFO: ContextListener: attributeReplaced('org.apache.catalina.WELCOME_FILES', '[Ljava.lang.String;@1c1c92b')
21 juin 2007 15:59:30 org.apache.catalina.core.ApplicationContext log
INFO: SessionListener: contextDestroyed()
21 juin 2007 15:59:30 org.apache.catalina.core.ApplicationContext log
INFO: ContextListener: contextDestroyed()
21 juin 2007 16:09:36 org.apache.catalina.core.ApplicationContext log
INFO: org.apache.webapp.balancer.BalancerFilter: init(): ruleChain: [org.apache.webapp.balancer.RuleChain: [org.apache.webapp.balancer.rules.URLStringMatchRule: Target string: News / Redirect URL: http://www.cnn.com], [org.apache.webapp.balancer.rules.RequestParameterRule: Target param name: paramName / Target param value: paramValue / Redirect URL: http://www.yahoo.com], [org.apache.webapp.balancer.rules.AcceptEverythingRule: Redirect URL: http://jakarta.apache.org]]
21 juin 2007 16:09:36 org.apache.catalina.core.ApplicationContext log
INFO: ContextListener: contextInitialized()
21 juin 2007 16:09:36 org.apache.catalina.core.ApplicationContext log
INFO: SessionListener: contextInitialized()
21 juin 2007 16:09:37 org.apache.catalina.core.ApplicationContext log
INFO: ContextListener: contextInitialized()
21 juin 2007 16:09:37 org.apache.catalina.core.ApplicationContext log
INFO: SessionListener: contextInitialized()
21 juin 2007 16:14:12 org.apache.catalina.core.ApplicationContext log
INFO: ContextListener: attributeReplaced('org.apache.catalina.WELCOME_FILES', '[Ljava.lang.String;@e45b5e')
21 juin 2007 16:14:12 org.apache.catalina.core.ApplicationContext log
INFO: ContextListener: attributeReplaced('org.apache.catalina.WELCOME_FILES', '[Ljava.lang.String;@2ab653')
21 juin 2007 16:14:12 org.apache.catalina.core.ApplicationContext log
INFO: ContextListener: attributeReplaced('org.apache.catalina.WELCOME_FILES', '[Ljava.lang.String;@28305d')
21 juin 2007 16:14:12 org.apache.catalina.core.ApplicationContext log
INFO: SessionListener: contextDestroyed()
21 juin 2007 16:14:12 org.apache.catalina.core.ApplicationContext log
INFO: ContextListener: contextDestroyed()
21 juin 2007 16:14:12 org.apache.catalina.core.ApplicationContext log
INFO: ContextListener: attributeReplaced('org.apache.catalina.WELCOME_FILES', '[Ljava.lang.String;@a7dd39')
21 juin 2007 16:14:12 org.apache.catalina.core.ApplicationContext log
INFO: ContextListener: attributeReplaced('org.apache.catalina.WELCOME_FILES', '[Ljava.lang.String;@acdd02')
21 juin 2007 16:14:12 org.apache.catalina.core.ApplicationContext log
INFO: ContextListener: attributeReplaced('org.apache.catalina.WELCOME_FILES', '[Ljava.lang.String;@e1dac2')
21 juin 2007 16:14:12 org.apache.catalina.core.ApplicationContext log
INFO: SessionListener: contextDestroyed()
21 juin 2007 16:14:12 org.apache.catalina.core.ApplicationContext log
INFO: ContextListener: contextDestroyed()
21 juin 2007 16:14:24 org.apache.catalina.core.ApplicationContext log
INFO: org.apache.webapp.balancer.BalancerFilter: init(): ruleChain: [org.apache.webapp.balancer.RuleChain: [org.apache.webapp.balancer.rules.URLStringMatchRule: Target string: News / Redirect URL: http://www.cnn.com], [org.apache.webapp.balancer.rules.RequestParameterRule: Target param name: paramName / Target param value: paramValue / Redirect URL: http://www.yahoo.com], [org.apache.webapp.balancer.rules.AcceptEverythingRule: Redirect URL: http://jakarta.apache.org]]
21 juin 2007 16:14:24 org.apache.catalina.core.ApplicationContext log
INFO: ContextListener: contextInitialized()
21 juin 2007 16:14:24 org.apache.catalina.core.ApplicationContext log
INFO: SessionListener: contextInitialized()
21 juin 2007 16:14:24 org.apache.catalina.core.ApplicationContext log
INFO: ContextListener: contextInitialized()
21 juin 2007 16:14:24 org.apache.catalina.core.ApplicationContext log
INFO: SessionListener: contextInitialized()
21 juin 2007 16:14:47 org.apache.catalina.core.ApplicationContext log
INFO: ContextListener: attributeReplaced('org.apache.catalina.WELCOME_FILES', '[Ljava.lang.String;@1c1f5b2')
21 juin 2007 16:14:47 org.apache.catalina.core.ApplicationContext log
INFO: ContextListener: attributeReplaced('org.apache.catalina.WELCOME_FILES', '[Ljava.lang.String;@e99ce5')
21 juin 2007 16:14:47 org.apache.catalina.core.ApplicationContext log
INFO: ContextListener: attributeReplaced('org.apache.catalina.WELCOME_FILES', '[Ljava.lang.String;@13b9fae')
21 juin 2007 16:14:47 org.apache.catalina.core.ApplicationContext log
INFO: SessionListener: contextDestroyed()
21 juin 2007 16:14:47 org.apache.catalina.core.ApplicationContext log
INFO: ContextListener: contextDestroyed()
21 juin 2007 16:14:47 org.apache.catalina.core.ApplicationContext log
INFO: ContextListener: attributeReplaced('org.apache.catalina.WELCOME_FILES', '[Ljava.lang.String;@2f356f')
21 juin 2007 16:14:47 org.apache.catalina.core.ApplicationContext log
INFO: ContextListener: attributeReplaced('org.apache.catalina.WELCOME_FILES', '[Ljava.lang.String;@15d252d')
21 juin 2007 16:14:47 org.apache.catalina.core.ApplicationContext log
INFO: ContextListener: attributeReplaced('org.apache.catalina.WELCOME_FILES', '[Ljava.lang.String;@33b121')
21 juin 2007 16:14:47 org.apache.catalina.core.ApplicationContext log
INFO: SessionListener: contextDestroyed()
21 juin 2007 16:14:47 org.apache.catalina.core.ApplicationContext log
INFO: ContextListener: contextDestroyed()
21 juin 2007 16:15:19 org.apache.catalina.core.ApplicationContext log
INFO: org.apache.webapp.balancer.BalancerFilter: init(): ruleChain: [org.apache.webapp.balancer.RuleChain: [org.apache.webapp.balancer.rules.URLStringMatchRule: Target string: News / Redirect URL: http://www.cnn.com], [org.apache.webapp.balancer.rules.RequestParameterRule: Target param name: paramName / Target param value: paramValue / Redirect URL: http://www.yahoo.com], [org.apache.webapp.balancer.rules.AcceptEverythingRule: Redirect URL: http://jakarta.apache.org]]
21 juin 2007 16:15:19 org.apache.catalina.core.ApplicationContext log
INFO: ContextListener: contextInitialized()
21 juin 2007 16:15:19 org.apache.catalina.core.ApplicationContext log
INFO: SessionListener: contextInitialized()
21 juin 2007 16:15:19 org.apache.catalina.core.ApplicationContext log
INFO: ContextListener: contextInitialized()
21 juin 2007 16:15:19 org.apache.catalina.core.ApplicationContext log
INFO: SessionListener: contextInitialized()
21 juin 2007 16:20:22 org.apache.catalina.core.ApplicationContext log
INFO: ContextListener: attributeReplaced('org.apache.catalina.WELCOME_FILES', '[Ljava.lang.String;@20c906')
21 juin 2007 16:20:22 org.apache.catalina.core.ApplicationContext log
INFO: ContextListener: attributeReplaced('org.apache.catalina.WELCOME_FILES', '[Ljava.lang.String;@6db33c')
21 juin 2007 16:20:22 org.apache.catalina.core.ApplicationContext log
INFO: ContextListener: attributeReplaced('org.apache.catalina.WELCOME_FILES', '[Ljava.lang.String;@1263db')
21 juin 2007 16:20:22 org.apache.catalina.core.ApplicationContext log
INFO: SessionListener: contextDestroyed()
21 juin 2007 16:20:22 org.apache.catalina.core.ApplicationContext log
INFO: ContextListener: contextDestroyed()
21 juin 2007 16:20:22 org.apache.catalina.core.ApplicationContext log
INFO: ContextListener: attributeReplaced('org.apache.catalina.WELCOME_FILES', '[Ljava.lang.String;@1469658')
21 juin 2007 16:20:22 org.apache.catalina.core.ApplicationContext log
INFO: ContextListener: attributeReplaced('org.apache.catalina.WELCOME_FILES', '[Ljava.lang.String;@1389b3f')
21 juin 2007 16:20:22 org.apache.catalina.core.ApplicationContext log
INFO: ContextListener: attributeReplaced('org.apache.catalina.WELCOME_FILES', '[Ljava.lang.String;@158689a')
21 juin 2007 16:20:22 org.apache.catalina.core.ApplicationContext log
INFO: SessionListener: contextDestroyed()
21 juin 2007 16:20:22 org.apache.catalina.core.ApplicationContext log
INFO: ContextListener: contextDestroyed()
