3 mars 2009 09:40:11 org.apache.catalina.core.ApplicationContext log
INFO: ContextListener: attributeReplaced('org.apache.catalina.WELCOME_FILES', '[Ljava.lang.String;@c51614')
3 mars 2009 09:40:11 org.apache.catalina.core.ApplicationContext log
INFO: ContextListener: attributeReplaced('org.apache.catalina.WELCOME_FILES', '[Ljava.lang.String;@257b34')
3 mars 2009 09:40:11 org.apache.catalina.core.ApplicationContext log
INFO: ContextListener: attributeReplaced('org.apache.catalina.WELCOME_FILES', '[Ljava.lang.String;@bbbd0e')
3 mars 2009 09:40:11 org.apache.catalina.core.ApplicationContext log
INFO: SessionListener: contextDestroyed()
3 mars 2009 09:40:11 org.apache.catalina.core.ApplicationContext log
INFO: ContextListener: contextDestroyed()
3 mars 2009 09:40:11 org.apache.catalina.core.ApplicationContext log
INFO: ContextListener: attributeReplaced('org.apache.catalina.WELCOME_FILES', '[Ljava.lang.String;@ca5bff')
3 mars 2009 09:40:11 org.apache.catalina.core.ApplicationContext log
INFO: ContextListener: attributeReplaced('org.apache.catalina.WELCOME_FILES', '[Ljava.lang.String;@15dd32a')
3 mars 2009 09:40:11 org.apache.catalina.core.ApplicationContext log
INFO: ContextListener: attributeReplaced('org.apache.catalina.WELCOME_FILES', '[Ljava.lang.String;@d28dfa')
3 mars 2009 09:40:11 org.apache.catalina.core.ApplicationContext log
INFO: SessionListener: contextDestroyed()
3 mars 2009 09:40:11 org.apache.catalina.core.ApplicationContext log
INFO: ContextListener: contextDestroyed()
3 mars 2009 14:15:45 org.apache.catalina.core.ApplicationContext log
INFO: org.apache.webapp.balancer.BalancerFilter: init(): ruleChain: [org.apache.webapp.balancer.RuleChain: [org.apache.webapp.balancer.rules.URLStringMatchRule: Target string: News / Redirect URL: http://www.cnn.com], [org.apache.webapp.balancer.rules.RequestParameterRule: Target param name: paramName / Target param value: paramValue / Redirect URL: http://www.yahoo.com], [org.apache.webapp.balancer.rules.AcceptEverythingRule: Redirect URL: http://jakarta.apache.org]]
3 mars 2009 14:15:45 org.apache.catalina.core.ApplicationContext log
INFO: ContextListener: contextInitialized()
3 mars 2009 14:15:45 org.apache.catalina.core.ApplicationContext log
INFO: SessionListener: contextInitialized()
3 mars 2009 14:15:45 org.apache.catalina.core.ApplicationContext log
INFO: ContextListener: contextInitialized()
3 mars 2009 14:15:45 org.apache.catalina.core.ApplicationContext log
INFO: SessionListener: contextInitialized()
3 mars 2009 14:58:03 org.apache.catalina.core.ApplicationDispatcher invoke
GRAVE: "Servlet.service()" pour la servlet jsp a lancé une exception
java.lang.RuntimeException: Invalid parameter ID:1236086233338
	at org.apache.jsp.catalog.Category_jsp._jspService(org.apache.jsp.catalog.Category_jsp:251)
	at org.apache.jasper.runtime.HttpJspBase.service(HttpJspBase.java:97)
	at javax.servlet.http.HttpServlet.service(HttpServlet.java:802)
	at org.apache.jasper.servlet.JspServletWrapper.service(JspServletWrapper.java:322)
	at org.apache.jasper.servlet.JspServlet.serviceJspFile(JspServlet.java:314)
	at org.apache.jasper.servlet.JspServlet.service(JspServlet.java:264)
	at javax.servlet.http.HttpServlet.service(HttpServlet.java:802)
	at org.apache.catalina.core.ApplicationFilterChain.internalDoFilter(ApplicationFilterChain.java:252)
	at org.apache.catalina.core.ApplicationFilterChain.doFilter(ApplicationFilterChain.java:173)
	at org.apache.catalina.core.ApplicationDispatcher.invoke(ApplicationDispatcher.java:672)
	at org.apache.catalina.core.ApplicationDispatcher.processRequest(ApplicationDispatcher.java:463)
	at org.apache.catalina.core.ApplicationDispatcher.doForward(ApplicationDispatcher.java:398)
	at org.apache.catalina.core.ApplicationDispatcher.forward(ApplicationDispatcher.java:301)
	at org.apache.struts.action.RequestProcessor.doForward(RequestProcessor.java:1069)
	at org.apache.struts.action.RequestProcessor.processForwardConfig(RequestProcessor.java:455)
	at org.apache.struts.action.RequestProcessor.process(RequestProcessor.java:279)
	at org.apache.struts.action.ActionServlet.process(ActionServlet.java:1482)
	at org.apache.struts.action.ActionServlet.doGet(ActionServlet.java:507)
	at javax.servlet.http.HttpServlet.service(HttpServlet.java:689)
	at javax.servlet.http.HttpServlet.service(HttpServlet.java:802)
	at org.apache.catalina.core.ApplicationFilterChain.internalDoFilter(ApplicationFilterChain.java:252)
	at org.apache.catalina.core.ApplicationFilterChain.doFilter(ApplicationFilterChain.java:173)
	at org.apache.catalina.core.StandardWrapperValve.invoke(StandardWrapperValve.java:213)
	at org.apache.catalina.core.StandardContextValve.invoke(StandardContextValve.java:178)
	at org.apache.catalina.authenticator.AuthenticatorBase.invoke(AuthenticatorBase.java:432)
	at org.apache.catalina.core.StandardHostValve.invoke(StandardHostValve.java:126)
	at org.apache.catalina.valves.ErrorReportValve.invoke(ErrorReportValve.java:105)
	at org.apache.catalina.core.StandardEngineValve.invoke(StandardEngineValve.java:107)
	at org.apache.catalina.connector.CoyoteAdapter.service(CoyoteAdapter.java:148)
	at org.apache.coyote.http11.Http11Processor.process(Http11Processor.java:868)
	at org.apache.coyote.http11.Http11BaseProtocol$Http11ConnectionHandler.processConnection(Http11BaseProtocol.java:663)
	at org.apache.tomcat.util.net.PoolTcpEndpoint.processSocket(PoolTcpEndpoint.java:527)
	at org.apache.tomcat.util.net.LeaderFollowerWorkerThread.runIt(LeaderFollowerWorkerThread.java:80)
	at org.apache.tomcat.util.threads.ThreadPool$ControlRunnable.run(ThreadPool.java:684)
	at java.lang.Thread.run(Thread.java:595)
3 mars 2009 14:58:03 org.apache.catalina.core.StandardWrapperValve invoke
GRAVE: "Servlet.service()" pour la servlet action a généré une exception
java.lang.RuntimeException: Invalid parameter ID:1236086233338
	at org.apache.jsp.catalog.Category_jsp._jspService(org.apache.jsp.catalog.Category_jsp:251)
	at org.apache.jasper.runtime.HttpJspBase.service(HttpJspBase.java:97)
	at javax.servlet.http.HttpServlet.service(HttpServlet.java:802)
	at org.apache.jasper.servlet.JspServletWrapper.service(JspServletWrapper.java:322)
	at org.apache.jasper.servlet.JspServlet.serviceJspFile(JspServlet.java:314)
	at org.apache.jasper.servlet.JspServlet.service(JspServlet.java:264)
	at javax.servlet.http.HttpServlet.service(HttpServlet.java:802)
	at org.apache.catalina.core.ApplicationFilterChain.internalDoFilter(ApplicationFilterChain.java:252)
	at org.apache.catalina.core.ApplicationFilterChain.doFilter(ApplicationFilterChain.java:173)
	at org.apache.catalina.core.ApplicationDispatcher.invoke(ApplicationDispatcher.java:672)
	at org.apache.catalina.core.ApplicationDispatcher.processRequest(ApplicationDispatcher.java:463)
	at org.apache.catalina.core.ApplicationDispatcher.doForward(ApplicationDispatcher.java:398)
	at org.apache.catalina.core.ApplicationDispatcher.forward(ApplicationDispatcher.java:301)
	at org.apache.struts.action.RequestProcessor.doForward(RequestProcessor.java:1069)
	at org.apache.struts.action.RequestProcessor.processForwardConfig(RequestProcessor.java:455)
	at org.apache.struts.action.RequestProcessor.process(RequestProcessor.java:279)
	at org.apache.struts.action.ActionServlet.process(ActionServlet.java:1482)
	at org.apache.struts.action.ActionServlet.doGet(ActionServlet.java:507)
	at javax.servlet.http.HttpServlet.service(HttpServlet.java:689)
	at javax.servlet.http.HttpServlet.service(HttpServlet.java:802)
	at org.apache.catalina.core.ApplicationFilterChain.internalDoFilter(ApplicationFilterChain.java:252)
	at org.apache.catalina.core.ApplicationFilterChain.doFilter(ApplicationFilterChain.java:173)
	at org.apache.catalina.core.StandardWrapperValve.invoke(StandardWrapperValve.java:213)
	at org.apache.catalina.core.StandardContextValve.invoke(StandardContextValve.java:178)
	at org.apache.catalina.authenticator.AuthenticatorBase.invoke(AuthenticatorBase.java:432)
	at org.apache.catalina.core.StandardHostValve.invoke(StandardHostValve.java:126)
	at org.apache.catalina.valves.ErrorReportValve.invoke(ErrorReportValve.java:105)
	at org.apache.catalina.core.StandardEngineValve.invoke(StandardEngineValve.java:107)
	at org.apache.catalina.connector.CoyoteAdapter.service(CoyoteAdapter.java:148)
	at org.apache.coyote.http11.Http11Processor.process(Http11Processor.java:868)
	at org.apache.coyote.http11.Http11BaseProtocol$Http11ConnectionHandler.processConnection(Http11BaseProtocol.java:663)
	at org.apache.tomcat.util.net.PoolTcpEndpoint.processSocket(PoolTcpEndpoint.java:527)
	at org.apache.tomcat.util.net.LeaderFollowerWorkerThread.runIt(LeaderFollowerWorkerThread.java:80)
	at org.apache.tomcat.util.threads.ThreadPool$ControlRunnable.run(ThreadPool.java:684)
	at java.lang.Thread.run(Thread.java:595)
3 mars 2009 16:24:09 org.apache.catalina.core.ApplicationContext log
INFO: ContextListener: attributeReplaced('org.apache.catalina.WELCOME_FILES', '[Ljava.lang.String;@eb724')
3 mars 2009 16:24:09 org.apache.catalina.core.ApplicationContext log
INFO: ContextListener: attributeReplaced('org.apache.catalina.WELCOME_FILES', '[Ljava.lang.String;@19ccba')
3 mars 2009 16:24:09 org.apache.catalina.core.ApplicationContext log
INFO: ContextListener: attributeReplaced('org.apache.catalina.WELCOME_FILES', '[Ljava.lang.String;@1cfd3b2')
3 mars 2009 16:24:09 org.apache.catalina.core.ApplicationContext log
INFO: SessionListener: contextDestroyed()
3 mars 2009 16:24:09 org.apache.catalina.core.ApplicationContext log
INFO: ContextListener: contextDestroyed()
3 mars 2009 16:24:09 org.apache.catalina.core.ApplicationContext log
INFO: ContextListener: attributeReplaced('org.apache.catalina.WELCOME_FILES', '[Ljava.lang.String;@9770a3')
3 mars 2009 16:24:09 org.apache.catalina.core.ApplicationContext log
INFO: ContextListener: attributeReplaced('org.apache.catalina.WELCOME_FILES', '[Ljava.lang.String;@64160e')
3 mars 2009 16:24:09 org.apache.catalina.core.ApplicationContext log
INFO: ContextListener: attributeReplaced('org.apache.catalina.WELCOME_FILES', '[Ljava.lang.String;@e3fda4')
3 mars 2009 16:24:09 org.apache.catalina.core.ApplicationContext log
INFO: SessionListener: contextDestroyed()
3 mars 2009 16:24:09 org.apache.catalina.core.ApplicationContext log
INFO: ContextListener: contextDestroyed()
